<?xml version="1.0" encoding="UTF-8"?>
<robot generator="Robot 7.0 (Python 3.12.2 on win32)" generated="2024-03-14T08:10:24.164950" rpa="false" schemaversion="5">
<suite id="s1" name="Memberships" source="C:\QAx\projects\smartbit-robot\tests\memberships.robot">
<test id="s1-t1" name="Deve poder realizar uma nova adesão" line="10">
<kw name="Start session" owner="Base" type="SETUP">
<kw name="New Browser" owner="Browser">
<msg time="2024-03-14T08:10:25.503122" level="INFO">{"browser": "firefox", "headless": false, "chromiumSandbox": false, "devtools": false, "handleSIGHUP": true, "handleSIGINT": true, "handleSIGTERM": true, "slowMo": 0.0, "timeout": 30000.0, "tracesDir": "C:\\QAx\\projects\\smartbit-robot\\logs\\memberships\\browser\\traces\\b067a3fd-a5b8-43d6-9590-124b0f8f5281"}</msg>
<msg time="2024-03-14T08:10:26.473079" level="INFO">Successfully created browser with options: {"browser":"firefox","headless":false,"chromiumSandbox":false,"devtools":false,"handleSIGHUP":true,"handleSIGINT":true,"handleSIGTERM":true,"slowMo":0,"timeout":30000,"tracesDir":"C:\\QAx\\projects\\smartbit-robot\\logs\\memberships\\browser\\traces\\b067a3fd-a5b8-43d6-9590-124b0f8f5281"}</msg>
<arg>browser=firefox</arg>
<arg>headless=False</arg>
<tag>BrowserControl</tag>
<tag>Setter</tag>
<doc>Create a new playwright Browser with specified options.</doc>
<status status="PASS" start="2024-03-14T08:10:25.503122" elapsed="0.969957"/>
</kw>
<kw name="New Page" owner="Browser">
<msg time="2024-03-14T08:10:34.935894" level="INFO">Successfully initialized new page object and opened url: http://localhost:3000</msg>
<msg time="2024-03-14T08:10:34.935894" level="INFO">No context was open. New context was automatically opened when this page is created.</msg>
<arg>http://localhost:3000</arg>
<tag>BrowserControl</tag>
<tag>Setter</tag>
<doc>Open a new Page.</doc>
<status status="PASS" start="2024-03-14T08:10:26.473079" elapsed="8.462815"/>
</kw>
<status status="PASS" start="2024-03-14T08:10:25.503122" elapsed="9.433774"/>
</kw>
<kw name="Get Json fixture" owner="Base">
<kw name="Load Json From File" owner="JSONLibrary">
<msg time="2024-03-14T08:10:34.947569" level="INFO">${data} = {'create': {'account': {'name': 'Wellington Avon', 'email': 'WellingtonAvon@test.com', 'cpf': '35400747086'}, 'plan': 'Plano Black', 'credit_card': {'number': '4242424242424242', 'holder': 'Wellington...</msg>
<var>${data}</var>
<arg>${EXECDIR}/resources/fixtures/${file_name}.json</arg>
<arg>encoding=utf-8</arg>
<doc>Load JSON from file.</doc>
<status status="PASS" start="2024-03-14T08:10:34.947569" elapsed="0.000000"/>
</kw>
<return>
<value>${data}[${scenario}]</value>
<status status="PASS" start="2024-03-14T08:10:34.947569" elapsed="0.000000"/>
</return>
<msg time="2024-03-14T08:10:34.947569" level="INFO">${data} = {'account': {'name': 'Wellington Avon', 'email': 'WellingtonAvon@test.com', 'cpf': '35400747086'}, 'plan': 'Plano Black', 'credit_card': {'number': '4242424242424242', 'holder': 'Wellington Avon', 'mo...</msg>
<var>${data}</var>
<arg>memberships</arg>
<arg>create</arg>
<status status="PASS" start="2024-03-14T08:10:34.947569" elapsed="0.000000"/>
</kw>
<kw name="Delete Account By Email" owner="Database">
<arg>${data}[account][email]</arg>
<status status="PASS" start="2024-03-14T08:10:34.956659" elapsed="0.069167"/>
</kw>
<kw name="Insert Account" owner="Database">
<arg>${data}[account]</arg>
<status status="PASS" start="2024-03-14T08:10:35.025826" elapsed="0.094790"/>
</kw>
<kw name="SignIn admin" owner="Base">
<kw name="Go to login Page" owner="Login">
<kw name="Go To" owner="Browser">
<msg time="2024-03-14T08:10:35.356219" level="INFO">Successfully opened URL http://localhost:3000/login</msg>
<arg>http://localhost:3000/login</arg>
<tag>BrowserControl</tag>
<tag>Setter</tag>
<doc>Navigates to the given ``url``.</doc>
<status status="PASS" start="2024-03-14T08:10:35.123618" elapsed="0.232601"/>
</kw>
<status status="PASS" start="2024-03-14T08:10:35.123618" elapsed="0.232601"/>
</kw>
<kw name="Submit login form" owner="Login">
<kw name="Fill Text" owner="Browser">
<msg time="2024-03-14T08:10:35.357927" level="INFO">Fills the text 'sac@smartbit.com' in the given field.</msg>
<arg>css=input[name=email]</arg>
<arg>${email}</arg>
<tag>PageContent</tag>
<tag>Setter</tag>
<doc>Clears and fills the given ``txt`` into the text field found by ``selector``.</doc>
<status status="PASS" start="2024-03-14T08:10:35.357607" elapsed="0.080796"/>
</kw>
<kw name="Fill Text" owner="Browser">
<msg time="2024-03-14T08:10:35.439261" level="INFO">Fills the text 'pwd123' in the given field.</msg>
<arg>css=input[name=password]</arg>
<arg>${password}</arg>
<tag>PageContent</tag>
<tag>Setter</tag>
<doc>Clears and fills the given ``txt`` into the text field found by ``selector``.</doc>
<status status="PASS" start="2024-03-14T08:10:35.439261" elapsed="0.028723"/>
</kw>
<kw name="Click" owner="Browser">
<arg>css=button &gt;&gt; text=Entrar</arg>
<tag>PageContent</tag>
<tag>Setter</tag>
<doc>Simulates mouse click on the element found by ``selector``.</doc>
<status status="PASS" start="2024-03-14T08:10:35.467984" elapsed="0.107986"/>
</kw>
<arg>${ADMIN_EMAIL}</arg>
<arg>${ADMIN_PASS}</arg>
<status status="PASS" start="2024-03-14T08:10:35.357219" elapsed="0.218751"/>
</kw>
<kw name="User is logged in" owner="Navbar">
<kw name="Set Variable" owner="BuiltIn">
<msg time="2024-03-14T08:10:35.575970" level="INFO">${element} = css=.logged-user</msg>
<var>${element}</var>
<arg>css=.logged-user</arg>
<doc>Returns the given values which can then be assigned to a variables.</doc>
<status status="PASS" start="2024-03-14T08:10:35.575970" elapsed="0.000000"/>
</kw>
<kw name="Wait For Elements State" owner="Browser">
<msg time="2024-03-14T08:10:36.949222" level="INFO">Waited for Element with selector css=.logged-user at state visible</msg>
<arg>${element}</arg>
<arg>visible</arg>
<arg>5</arg>
<tag>PageContent</tag>
<tag>Wait</tag>
<doc>Waits for the element found by ``selector`` to satisfy state option.</doc>
<status status="PASS" start="2024-03-14T08:10:35.575970" elapsed="1.373252"/>
</kw>
<kw name="Get Text" owner="Browser">
<msg time="2024-03-14T08:10:36.996438" level="INFO">Text: 'sac@smartbit.com'</msg>
<arg>${element}</arg>
<arg>equal</arg>
<arg>${email}</arg>
<tag>Assertion</tag>
<tag>Getter</tag>
<tag>PageContent</tag>
<doc>Returns text attribute of the element found by ``selector``.</doc>
<status status="PASS" start="2024-03-14T08:10:36.949222" elapsed="0.047216"/>
</kw>
<arg>${ADMIN_EMAIL}</arg>
<status status="PASS" start="2024-03-14T08:10:35.575970" elapsed="1.420468"/>
</kw>
<status status="PASS" start="2024-03-14T08:10:35.120616" elapsed="1.875822"/>
</kw>
<kw name="Go to memberships" owner="Navbar">
<kw name="Click" owner="Browser">
<arg>css=a[href="/memberships"]</arg>
<tag>PageContent</tag>
<tag>Setter</tag>
<doc>Simulates mouse click on the element found by ``selector``.</doc>
<status status="PASS" start="2024-03-14T08:10:36.996438" elapsed="0.095657"/>
</kw>
<kw name="Wait For Elements State" owner="Browser">
<msg time="2024-03-14T08:10:37.106446" level="INFO">Waited for Element with selector css=h1 &gt;&gt; text=Matrículas at state visible</msg>
<arg>css=h1 &gt;&gt; text=Matrículas</arg>
<arg>visible</arg>
<arg>5</arg>
<tag>PageContent</tag>
<tag>Wait</tag>
<doc>Waits for the element found by ``selector`` to satisfy state option.</doc>
<status status="PASS" start="2024-03-14T08:10:37.092095" elapsed="0.014351"/>
</kw>
<status status="PASS" start="2024-03-14T08:10:36.996438" elapsed="0.110008"/>
</kw>
<kw name="Create new membership" owner="Memberships">
<kw name="Go to memberships form" owner="Memberships">
<kw name="Click" owner="Browser">
<arg>css=a[href="/memberships/new"]</arg>
<tag>PageContent</tag>
<tag>Setter</tag>
<doc>Simulates mouse click on the element found by ``selector``.</doc>
<status status="PASS" start="2024-03-14T08:10:37.111638" elapsed="0.194529"/>
</kw>
<kw name="Wait For Elements State" owner="Browser">
<msg time="2024-03-14T08:10:37.336840" level="INFO">Waited for Element with selector css=h1 &gt;&gt; text=Nova matrícula at state visible</msg>
<arg>css=h1 &gt;&gt; text=Nova matrícula</arg>
<arg>visible</arg>
<arg>5</arg>
<tag>PageContent</tag>
<tag>Wait</tag>
<doc>Waits for the element found by ``selector`` to satisfy state option.</doc>
<status status="PASS" start="2024-03-14T08:10:37.306167" elapsed="0.030673"/>
</kw>
<status status="PASS" start="2024-03-14T08:10:37.109448" elapsed="0.227392"/>
</kw>
<kw name="Select account" owner="Memberships">
<kw name="Fill Text" owner="Browser">
<msg time="2024-03-14T08:10:37.339843" level="INFO">Fills the text 'Wellington Avon' in the given field.</msg>
<arg>css=input[aria-label=select_account]</arg>
<arg>${name}</arg>
<tag>PageContent</tag>
<tag>Setter</tag>
<doc>Clears and fills the given ``txt`` into the text field found by ``selector``.</doc>
<status status="PASS" start="2024-03-14T08:10:37.339843" elapsed="0.047574"/>
</kw>
<kw name="Click" owner="Browser">
<arg>css=[data-testid="${cpf}"]</arg>
<tag>PageContent</tag>
<tag>Setter</tag>
<doc>Simulates mouse click on the element found by ``selector``.</doc>
<status status="PASS" start="2024-03-14T08:10:37.387417" elapsed="0.134273"/>
</kw>
<arg>${data}[account][name]</arg>
<arg>${data}[account][cpf]</arg>
<status status="PASS" start="2024-03-14T08:10:37.339843" elapsed="0.181847"/>
</kw>
<kw name="Select plan" owner="Memberships">
<kw name="Fill Text" owner="Browser">
<msg time="2024-03-14T08:10:37.521690" level="INFO">Fills the text 'Plano Black' in the given field.</msg>
<arg>css=input[aria-label=select_plan]</arg>
<arg>${plan_name}</arg>
<tag>PageContent</tag>
<tag>Setter</tag>
<doc>Clears and fills the given ``txt`` into the text field found by ``selector``.</doc>
<status status="PASS" start="2024-03-14T08:10:37.521690" elapsed="0.047938"/>
</kw>
<kw name="Click" owner="Browser">
<arg>css=div[class$=option] &gt;&gt; text=${plan_name}</arg>
<tag>PageContent</tag>
<tag>Setter</tag>
<doc>Simulates mouse click on the element found by ``selector``.</doc>
<status status="PASS" start="2024-03-14T08:10:37.569628" elapsed="0.132442"/>
</kw>
<arg>${data}[plan]</arg>
<status status="PASS" start="2024-03-14T08:10:37.521690" elapsed="0.180380"/>
</kw>
<kw name="Fill payment card" owner="Memberships">
<kw name="Fill Text" owner="Browser">
<msg time="2024-03-14T08:10:37.702070" level="INFO">Fills the text '4242424242424242' in the given field.</msg>
<arg>css=input[name=card_number]</arg>
<arg>${card}[number]</arg>
<tag>PageContent</tag>
<tag>Setter</tag>
<doc>Clears and fills the given ``txt`` into the text field found by ``selector``.</doc>
<status status="PASS" start="2024-03-14T08:10:37.702070" elapsed="0.031052"/>
</kw>
<kw name="Fill Text" owner="Browser">
<msg time="2024-03-14T08:10:37.736121" level="INFO">Fills the text 'Wellington Avon' in the given field.</msg>
<arg>css=input[name="card_holder"]</arg>
<arg>${card}[holder]</arg>
<tag>PageContent</tag>
<tag>Setter</tag>
<doc>Clears and fills the given ``txt`` into the text field found by ``selector``.</doc>
<status status="PASS" start="2024-03-14T08:10:37.733122" elapsed="0.030289"/>
</kw>
<kw name="Fill Text" owner="Browser">
<msg time="2024-03-14T08:10:37.764413" level="INFO">Fills the text '12' in the given field.</msg>
<arg>css=input[name="card_month"]</arg>
<arg>${card}[month]</arg>
<tag>PageContent</tag>
<tag>Setter</tag>
<doc>Clears and fills the given ``txt`` into the text field found by ``selector``.</doc>
<status status="PASS" start="2024-03-14T08:10:37.763411" elapsed="0.028374"/>
</kw>
<kw name="Fill Text" owner="Browser">
<msg time="2024-03-14T08:10:37.791785" level="INFO">Fills the text '2032' in the given field.</msg>
<arg>css=input[name="card_year"]</arg>
<arg>${card}[year]</arg>
<tag>PageContent</tag>
<tag>Setter</tag>
<doc>Clears and fills the given ``txt`` into the text field found by ``selector``.</doc>
<status status="PASS" start="2024-03-14T08:10:37.791785" elapsed="0.029588"/>
</kw>
<kw name="Fill Text" owner="Browser">
<msg time="2024-03-14T08:10:37.821373" level="INFO">Fills the text '123' in the given field.</msg>
<arg>css=input[name="card_cvv"]</arg>
<arg>${card}[cvv]</arg>
<tag>PageContent</tag>
<tag>Setter</tag>
<doc>Clears and fills the given ``txt`` into the text field found by ``selector``.</doc>
<status status="PASS" start="2024-03-14T08:10:37.821373" elapsed="0.031878"/>
</kw>
<arg>${data}[credit_card]</arg>
<status status="PASS" start="2024-03-14T08:10:37.702070" elapsed="0.151181"/>
</kw>
<kw name="Click" owner="Browser">
<arg>css=button[type=submit] &gt;&gt; text=Cadastrar</arg>
<tag>PageContent</tag>
<tag>Setter</tag>
<doc>Simulates mouse click on the element found by ``selector``.</doc>
<status status="PASS" start="2024-03-14T08:10:37.853251" elapsed="0.110253"/>
</kw>
<arg>${data}</arg>
<status status="PASS" start="2024-03-14T08:10:37.109448" elapsed="0.854056"/>
</kw>
<kw name="Toast should be" owner="Toast">
<kw name="Set Variable" owner="BuiltIn">
<msg time="2024-03-14T08:10:37.964443" level="INFO">${selector} = .Toastify__toast-body</msg>
<var>${selector}</var>
<arg>.Toastify__toast-body</arg>
<doc>Returns the given values which can then be assigned to a variables.</doc>
<status status="PASS" start="2024-03-14T08:10:37.964443" elapsed="0.000000"/>
</kw>
<kw name="Wait For Elements State" owner="Browser">
<msg time="2024-03-14T08:10:38.842992" level="INFO">Waited for Element with selector css=.Toastify__toast-body at state visible</msg>
<arg>css=${selector}</arg>
<arg>visible</arg>
<arg>5</arg>
<tag>PageContent</tag>
<tag>Wait</tag>
<doc>Waits for the element found by ``selector`` to satisfy state option.</doc>
<status status="PASS" start="2024-03-14T08:10:37.964443" elapsed="0.878549"/>
</kw>
<kw name="Get Text" owner="Browser">
<msg time="2024-03-14T08:10:38.886494" level="INFO">Text: 'Matrícula cadastrada com sucesso.'</msg>
<arg>css=${selector}</arg>
<arg>equal</arg>
<arg>${expected_text}</arg>
<tag>Assertion</tag>
<tag>Getter</tag>
<tag>PageContent</tag>
<doc>Returns text attribute of the element found by ``selector``.</doc>
<status status="PASS" start="2024-03-14T08:10:38.842992" elapsed="0.043502"/>
</kw>
<kw name="Take Screenshot" owner="Browser">
<msg time="2024-03-14T08:10:39.173790" level="INFO" html="true">&lt;/td&gt;&lt;/tr&gt;&lt;tr&gt;&lt;td colspan="3"&gt;&lt;a href="browser/screenshot/robotframework-browser-screenshot-1.png" target="_blank"&gt;&lt;img src="browser/screenshot/robotframework-browser-screenshot-1.png" width="800px"/&gt;&lt;/a&gt;</msg>
<arg>selector=${selector}</arg>
<tag>PageContent</tag>
<doc>Takes a screenshot of the current window or element and saves it to disk.</doc>
<status status="PASS" start="2024-03-14T08:10:38.886494" elapsed="0.287296"/>
</kw>
<arg>Matrícula cadastrada com sucesso.</arg>
<status status="PASS" start="2024-03-14T08:10:37.964443" elapsed="1.209347"/>
</kw>
<kw name="Take Screenshot" owner="Browser" type="TEARDOWN">
<msg time="2024-03-14T08:10:39.227275" level="INFO" html="true">&lt;/td&gt;&lt;/tr&gt;&lt;tr&gt;&lt;td colspan="3"&gt;&lt;a href="browser/screenshot/robotframework-browser-screenshot-2.png" target="_blank"&gt;&lt;img src="browser/screenshot/robotframework-browser-screenshot-2.png" width="800px"/&gt;&lt;/a&gt;</msg>
<tag>PageContent</tag>
<doc>Takes a screenshot of the current window or element and saves it to disk.</doc>
<status status="PASS" start="2024-03-14T08:10:39.173790" elapsed="0.053485"/>
</kw>
<status status="PASS" start="2024-03-14T08:10:25.503122" elapsed="13.724153"/>
</test>
<test id="s1-t2" name="Não deve realizar adesão duplicada" line="22">
<kw name="Start session" owner="Base" type="SETUP">
<kw name="New Browser" owner="Browser">
<msg time="2024-03-14T08:10:39.302502" level="INFO">Switching browser to browser=4109eb5a-3ecd-477e-aec9-b3740c35268c</msg>
<msg time="2024-03-14T08:10:39.307496" level="INFO">Successfully changed active browser: browser=4109eb5a-3ecd-477e-aec9-b3740c35268c</msg>
<msg time="2024-03-14T08:10:39.307496" level="INFO">Reusing existing browser with id: browser=4109eb5a-3ecd-477e-aec9-b3740c35268c</msg>
<arg>browser=firefox</arg>
<arg>headless=False</arg>
<tag>BrowserControl</tag>
<tag>Setter</tag>
<doc>Create a new playwright Browser with specified options.</doc>
<status status="PASS" start="2024-03-14T08:10:39.302502" elapsed="0.006000"/>
</kw>
<kw name="New Page" owner="Browser">
<msg time="2024-03-14T08:10:40.232678" level="INFO">Successfully initialized new page object and opened url: http://localhost:3000</msg>
<msg time="2024-03-14T08:10:40.235682" level="INFO">No context was open. New context was automatically opened when this page is created.</msg>
<arg>http://localhost:3000</arg>
<tag>BrowserControl</tag>
<tag>Setter</tag>
<doc>Open a new Page.</doc>
<status status="PASS" start="2024-03-14T08:10:39.310500" elapsed="0.925182"/>
</kw>
<status status="PASS" start="2024-03-14T08:10:39.301501" elapsed="0.934181"/>
</kw>
<kw name="Get Json fixture" owner="Base">
<kw name="Load Json From File" owner="JSONLibrary">
<msg time="2024-03-14T08:10:40.239187" level="INFO">${data} = {'create': {'account': {'name': 'Wellington Avon', 'email': 'WellingtonAvon@test.com', 'cpf': '35400747086'}, 'plan': 'Plano Black', 'credit_card': {'number': '4242424242424242', 'holder': 'Wellington...</msg>
<var>${data}</var>
<arg>${EXECDIR}/resources/fixtures/${file_name}.json</arg>
<arg>encoding=utf-8</arg>
<doc>Load JSON from file.</doc>
<status status="PASS" start="2024-03-14T08:10:40.239187" elapsed="0.000000"/>
</kw>
<return>
<value>${data}[${scenario}]</value>
<status status="PASS" start="2024-03-14T08:10:40.239187" elapsed="0.000000"/>
</return>
<msg time="2024-03-14T08:10:40.239187" level="INFO">${data} = {'account': {'name': 'Galdino Silva', 'email': 'GaldinoSilva@test.com', 'cpf': '78180915050'}, 'plan': 'Plano Smart', 'credit_card': {'number': '4242424242424242', 'holder': 'Galdino Silva', 'month': ...</msg>
<var>${data}</var>
<arg>memberships</arg>
<arg>duplicate</arg>
<status status="PASS" start="2024-03-14T08:10:40.239187" elapsed="0.000000"/>
</kw>
<kw name="Delete Account By Email" owner="Database">
<arg>${data}[account][email]</arg>
<status status="PASS" start="2024-03-14T08:10:40.242960" elapsed="0.102326"/>
</kw>
<kw name="Insert Account" owner="Database">
<arg>${data}[account]</arg>
<status status="PASS" start="2024-03-14T08:10:40.347284" elapsed="0.118520"/>
</kw>
<kw name="SignIn admin" owner="Base">
<kw name="Go to login Page" owner="Login">
<kw name="Go To" owner="Browser">
<msg time="2024-03-14T08:10:40.685771" level="INFO">Successfully opened URL http://localhost:3000/login</msg>
<arg>http://localhost:3000/login</arg>
<tag>BrowserControl</tag>
<tag>Setter</tag>
<doc>Navigates to the given ``url``.</doc>
<status status="PASS" start="2024-03-14T08:10:40.467804" elapsed="0.217967"/>
</kw>
<status status="PASS" start="2024-03-14T08:10:40.465804" elapsed="0.219967"/>
</kw>
<kw name="Submit login form" owner="Login">
<kw name="Fill Text" owner="Browser">
<msg time="2024-03-14T08:10:40.687771" level="INFO">Fills the text 'sac@smartbit.com' in the given field.</msg>
<arg>css=input[name=email]</arg>
<arg>${email}</arg>
<tag>PageContent</tag>
<tag>Setter</tag>
<doc>Clears and fills the given ``txt`` into the text field found by ``selector``.</doc>
<status status="PASS" start="2024-03-14T08:10:40.687771" elapsed="0.072228"/>
</kw>
<kw name="Fill Text" owner="Browser">
<msg time="2024-03-14T08:10:40.762002" level="INFO">Fills the text 'pwd123' in the given field.</msg>
<arg>css=input[name=password]</arg>
<arg>${password}</arg>
<tag>PageContent</tag>
<tag>Setter</tag>
<doc>Clears and fills the given ``txt`` into the text field found by ``selector``.</doc>
<status status="PASS" start="2024-03-14T08:10:40.759999" elapsed="0.025959"/>
</kw>
<kw name="Click" owner="Browser">
<arg>css=button &gt;&gt; text=Entrar</arg>
<tag>PageContent</tag>
<tag>Setter</tag>
<doc>Simulates mouse click on the element found by ``selector``.</doc>
<status status="PASS" start="2024-03-14T08:10:40.785958" elapsed="0.105346"/>
</kw>
<arg>${ADMIN_EMAIL}</arg>
<arg>${ADMIN_PASS}</arg>
<status status="PASS" start="2024-03-14T08:10:40.685771" elapsed="0.205533"/>
</kw>
<kw name="User is logged in" owner="Navbar">
<kw name="Set Variable" owner="BuiltIn">
<msg time="2024-03-14T08:10:40.893286" level="INFO">${element} = css=.logged-user</msg>
<var>${element}</var>
<arg>css=.logged-user</arg>
<doc>Returns the given values which can then be assigned to a variables.</doc>
<status status="PASS" start="2024-03-14T08:10:40.893049" elapsed="0.000237"/>
</kw>
<kw name="Wait For Elements State" owner="Browser">
<msg time="2024-03-14T08:10:42.260414" level="INFO">Waited for Element with selector css=.logged-user at state visible</msg>
<arg>${element}</arg>
<arg>visible</arg>
<arg>5</arg>
<tag>PageContent</tag>
<tag>Wait</tag>
<doc>Waits for the element found by ``selector`` to satisfy state option.</doc>
<status status="PASS" start="2024-03-14T08:10:40.893286" elapsed="1.367128"/>
</kw>
<kw name="Get Text" owner="Browser">
<msg time="2024-03-14T08:10:42.358296" level="INFO">Text: 'sac@smartbit.com'</msg>
<arg>${element}</arg>
<arg>equal</arg>
<arg>${email}</arg>
<tag>Assertion</tag>
<tag>Getter</tag>
<tag>PageContent</tag>
<doc>Returns text attribute of the element found by ``selector``.</doc>
<status status="PASS" start="2024-03-14T08:10:42.260414" elapsed="0.097882"/>
</kw>
<arg>${ADMIN_EMAIL}</arg>
<status status="PASS" start="2024-03-14T08:10:40.892302" elapsed="1.466531"/>
</kw>
<status status="PASS" start="2024-03-14T08:10:40.465804" elapsed="1.893029"/>
</kw>
<kw name="Go to memberships" owner="Navbar">
<kw name="Click" owner="Browser">
<arg>css=a[href="/memberships"]</arg>
<tag>PageContent</tag>
<tag>Setter</tag>
<doc>Simulates mouse click on the element found by ``selector``.</doc>
<status status="PASS" start="2024-03-14T08:10:42.359378" elapsed="0.086695"/>
</kw>
<kw name="Wait For Elements State" owner="Browser">
<msg time="2024-03-14T08:10:42.456314" level="INFO">Waited for Element with selector css=h1 &gt;&gt; text=Matrículas at state visible</msg>
<arg>css=h1 &gt;&gt; text=Matrículas</arg>
<arg>visible</arg>
<arg>5</arg>
<tag>PageContent</tag>
<tag>Wait</tag>
<doc>Waits for the element found by ``selector`` to satisfy state option.</doc>
<status status="PASS" start="2024-03-14T08:10:42.446750" elapsed="0.009564"/>
</kw>
<status status="PASS" start="2024-03-14T08:10:42.359378" elapsed="0.096936"/>
</kw>
<kw name="Create new membership" owner="Memberships">
<kw name="Go to memberships form" owner="Memberships">
<kw name="Click" owner="Browser">
<arg>css=a[href="/memberships/new"]</arg>
<tag>PageContent</tag>
<tag>Setter</tag>
<doc>Simulates mouse click on the element found by ``selector``.</doc>
<status status="PASS" start="2024-03-14T08:10:42.458313" elapsed="0.151036"/>
</kw>
<kw name="Wait For Elements State" owner="Browser">
<msg time="2024-03-14T08:10:42.638770" level="INFO">Waited for Element with selector css=h1 &gt;&gt; text=Nova matrícula at state visible</msg>
<arg>css=h1 &gt;&gt; text=Nova matrícula</arg>
<arg>visible</arg>
<arg>5</arg>
<tag>PageContent</tag>
<tag>Wait</tag>
<doc>Waits for the element found by ``selector`` to satisfy state option.</doc>
<status status="PASS" start="2024-03-14T08:10:42.609349" elapsed="0.029421"/>
</kw>
<status status="PASS" start="2024-03-14T08:10:42.458313" elapsed="0.180457"/>
</kw>
<kw name="Select account" owner="Memberships">
<kw name="Fill Text" owner="Browser">
<msg time="2024-03-14T08:10:42.638770" level="INFO">Fills the text 'Galdino Silva' in the given field.</msg>
<arg>css=input[aria-label=select_account]</arg>
<arg>${name}</arg>
<tag>PageContent</tag>
<tag>Setter</tag>
<doc>Clears and fills the given ``txt`` into the text field found by ``selector``.</doc>
<status status="PASS" start="2024-03-14T08:10:42.638770" elapsed="0.045502"/>
</kw>
<kw name="Click" owner="Browser">
<arg>css=[data-testid="${cpf}"]</arg>
<tag>PageContent</tag>
<tag>Setter</tag>
<doc>Simulates mouse click on the element found by ``selector``.</doc>
<status status="PASS" start="2024-03-14T08:10:42.684272" elapsed="0.144623"/>
</kw>
<arg>${data}[account][name]</arg>
<arg>${data}[account][cpf]</arg>
<status status="PASS" start="2024-03-14T08:10:42.638770" elapsed="0.190125"/>
</kw>
<kw name="Select plan" owner="Memberships">
<kw name="Fill Text" owner="Browser">
<msg time="2024-03-14T08:10:42.831159" level="INFO">Fills the text 'Plano Smart' in the given field.</msg>
<arg>css=input[aria-label=select_plan]</arg>
<arg>${plan_name}</arg>
<tag>PageContent</tag>
<tag>Setter</tag>
<doc>Clears and fills the given ``txt`` into the text field found by ``selector``.</doc>
<status status="PASS" start="2024-03-14T08:10:42.831159" elapsed="0.041779"/>
</kw>
<kw name="Click" owner="Browser">
<arg>css=div[class$=option] &gt;&gt; text=${plan_name}</arg>
<tag>PageContent</tag>
<tag>Setter</tag>
<doc>Simulates mouse click on the element found by ``selector``.</doc>
<status status="PASS" start="2024-03-14T08:10:42.872938" elapsed="0.120894"/>
</kw>
<arg>${data}[plan]</arg>
<status status="PASS" start="2024-03-14T08:10:42.830401" elapsed="0.165431"/>
</kw>
<kw name="Fill payment card" owner="Memberships">
<kw name="Fill Text" owner="Browser">
<msg time="2024-03-14T08:10:42.995832" level="INFO">Fills the text '4242424242424242' in the given field.</msg>
<arg>css=input[name=card_number]</arg>
<arg>${card}[number]</arg>
<tag>PageContent</tag>
<tag>Setter</tag>
<doc>Clears and fills the given ``txt`` into the text field found by ``selector``.</doc>
<status status="PASS" start="2024-03-14T08:10:42.995832" elapsed="0.032253"/>
</kw>
<kw name="Fill Text" owner="Browser">
<msg time="2024-03-14T08:10:43.028085" level="INFO">Fills the text 'Galdino Silva' in the given field.</msg>
<arg>css=input[name="card_holder"]</arg>
<arg>${card}[holder]</arg>
<tag>PageContent</tag>
<tag>Setter</tag>
<doc>Clears and fills the given ``txt`` into the text field found by ``selector``.</doc>
<status status="PASS" start="2024-03-14T08:10:43.028085" elapsed="0.029143"/>
</kw>
<kw name="Fill Text" owner="Browser">
<msg time="2024-03-14T08:10:43.057735" level="INFO">Fills the text '11' in the given field.</msg>
<arg>css=input[name="card_month"]</arg>
<arg>${card}[month]</arg>
<tag>PageContent</tag>
<tag>Setter</tag>
<doc>Clears and fills the given ``txt`` into the text field found by ``selector``.</doc>
<status status="PASS" start="2024-03-14T08:10:43.057228" elapsed="0.031118"/>
</kw>
<kw name="Fill Text" owner="Browser">
<msg time="2024-03-14T08:10:43.088346" level="INFO">Fills the text '2031' in the given field.</msg>
<arg>css=input[name="card_year"]</arg>
<arg>${card}[year]</arg>
<tag>PageContent</tag>
<tag>Setter</tag>
<doc>Clears and fills the given ``txt`` into the text field found by ``selector``.</doc>
<status status="PASS" start="2024-03-14T08:10:43.088346" elapsed="0.036317"/>
</kw>
<kw name="Fill Text" owner="Browser">
<msg time="2024-03-14T08:10:43.124663" level="INFO">Fills the text '123' in the given field.</msg>
<arg>css=input[name="card_cvv"]</arg>
<arg>${card}[cvv]</arg>
<tag>PageContent</tag>
<tag>Setter</tag>
<doc>Clears and fills the given ``txt`` into the text field found by ``selector``.</doc>
<status status="PASS" start="2024-03-14T08:10:43.124663" elapsed="0.029140"/>
</kw>
<arg>${data}[credit_card]</arg>
<status status="PASS" start="2024-03-14T08:10:42.995832" elapsed="0.157971"/>
</kw>
<kw name="Click" owner="Browser">
<arg>css=button[type=submit] &gt;&gt; text=Cadastrar</arg>
<tag>PageContent</tag>
<tag>Setter</tag>
<doc>Simulates mouse click on the element found by ``selector``.</doc>
<status status="PASS" start="2024-03-14T08:10:43.153803" elapsed="0.107272"/>
</kw>
<arg>${data}</arg>
<status status="PASS" start="2024-03-14T08:10:42.458313" elapsed="0.802762"/>
</kw>
<kw name="Sleep" owner="BuiltIn">
<msg time="2024-03-14T08:10:51.263454" level="INFO">Slept 8 seconds.</msg>
<arg>8</arg>
<doc>Pauses the test executed for the given time.</doc>
<status status="PASS" start="2024-03-14T08:10:43.263076" elapsed="8.000378"/>
</kw>
<kw name="Create new membership" owner="Memberships">
<kw name="Go to memberships form" owner="Memberships">
<kw name="Click" owner="Browser">
<arg>css=a[href="/memberships/new"]</arg>
<tag>PageContent</tag>
<tag>Setter</tag>
<doc>Simulates mouse click on the element found by ``selector``.</doc>
<status status="PASS" start="2024-03-14T08:10:51.265013" elapsed="0.130152"/>
</kw>
<kw name="Wait For Elements State" owner="Browser">
<msg time="2024-03-14T08:10:51.421698" level="INFO">Waited for Element with selector css=h1 &gt;&gt; text=Nova matrícula at state visible</msg>
<arg>css=h1 &gt;&gt; text=Nova matrícula</arg>
<arg>visible</arg>
<arg>5</arg>
<tag>PageContent</tag>
<tag>Wait</tag>
<doc>Waits for the element found by ``selector`` to satisfy state option.</doc>
<status status="PASS" start="2024-03-14T08:10:51.395417" elapsed="0.026281"/>
</kw>
<status status="PASS" start="2024-03-14T08:10:51.264492" elapsed="0.157206"/>
</kw>
<kw name="Select account" owner="Memberships">
<kw name="Fill Text" owner="Browser">
<msg time="2024-03-14T08:10:51.423692" level="INFO">Fills the text 'Galdino Silva' in the given field.</msg>
<arg>css=input[aria-label=select_account]</arg>
<arg>${name}</arg>
<tag>PageContent</tag>
<tag>Setter</tag>
<doc>Clears and fills the given ``txt`` into the text field found by ``selector``.</doc>
<status status="PASS" start="2024-03-14T08:10:51.423692" elapsed="0.037742"/>
</kw>
<kw name="Click" owner="Browser">
<arg>css=[data-testid="${cpf}"]</arg>
<tag>PageContent</tag>
<tag>Setter</tag>
<doc>Simulates mouse click on the element found by ``selector``.</doc>
<status status="PASS" start="2024-03-14T08:10:51.462428" elapsed="0.128467"/>
</kw>
<arg>${data}[account][name]</arg>
<arg>${data}[account][cpf]</arg>
<status status="PASS" start="2024-03-14T08:10:51.421698" elapsed="0.169197"/>
</kw>
<kw name="Select plan" owner="Memberships">
<kw name="Fill Text" owner="Browser">
<msg time="2024-03-14T08:10:51.592891" level="INFO">Fills the text 'Plano Smart' in the given field.</msg>
<arg>css=input[aria-label=select_plan]</arg>
<arg>${plan_name}</arg>
<tag>PageContent</tag>
<tag>Setter</tag>
<doc>Clears and fills the given ``txt`` into the text field found by ``selector``.</doc>
<status status="PASS" start="2024-03-14T08:10:51.592891" elapsed="0.039643"/>
</kw>
<kw name="Click" owner="Browser">
<arg>css=div[class$=option] &gt;&gt; text=${plan_name}</arg>
<tag>PageContent</tag>
<tag>Setter</tag>
<doc>Simulates mouse click on the element found by ``selector``.</doc>
<status status="PASS" start="2024-03-14T08:10:51.632534" elapsed="0.125556"/>
</kw>
<arg>${data}[plan]</arg>
<status status="PASS" start="2024-03-14T08:10:51.590895" elapsed="0.167195"/>
</kw>
<kw name="Fill payment card" owner="Memberships">
<kw name="Fill Text" owner="Browser">
<msg time="2024-03-14T08:10:51.760105" level="INFO">Fills the text '4242424242424242' in the given field.</msg>
<arg>css=input[name=card_number]</arg>
<arg>${card}[number]</arg>
<tag>PageContent</tag>
<tag>Setter</tag>
<doc>Clears and fills the given ``txt`` into the text field found by ``selector``.</doc>
<status status="PASS" start="2024-03-14T08:10:51.760105" elapsed="0.027561"/>
</kw>
<kw name="Fill Text" owner="Browser">
<msg time="2024-03-14T08:10:51.789668" level="INFO">Fills the text 'Galdino Silva' in the given field.</msg>
<arg>css=input[name="card_holder"]</arg>
<arg>${card}[holder]</arg>
<tag>PageContent</tag>
<tag>Setter</tag>
<doc>Clears and fills the given ``txt`` into the text field found by ``selector``.</doc>
<status status="PASS" start="2024-03-14T08:10:51.789668" elapsed="0.032371"/>
</kw>
<kw name="Fill Text" owner="Browser">
<msg time="2024-03-14T08:10:51.823295" level="INFO">Fills the text '11' in the given field.</msg>
<arg>css=input[name="card_month"]</arg>
<arg>${card}[month]</arg>
<tag>PageContent</tag>
<tag>Setter</tag>
<doc>Clears and fills the given ``txt`` into the text field found by ``selector``.</doc>
<status status="PASS" start="2024-03-14T08:10:51.822773" elapsed="0.029183"/>
</kw>
<kw name="Fill Text" owner="Browser">
<msg time="2024-03-14T08:10:51.851956" level="INFO">Fills the text '2031' in the given field.</msg>
<arg>css=input[name="card_year"]</arg>
<arg>${card}[year]</arg>
<tag>PageContent</tag>
<tag>Setter</tag>
<doc>Clears and fills the given ``txt`` into the text field found by ``selector``.</doc>
<status status="PASS" start="2024-03-14T08:10:51.851956" elapsed="0.027998"/>
</kw>
<kw name="Fill Text" owner="Browser">
<msg time="2024-03-14T08:10:51.880945" level="INFO">Fills the text '123' in the given field.</msg>
<arg>css=input[name="card_cvv"]</arg>
<arg>${card}[cvv]</arg>
<tag>PageContent</tag>
<tag>Setter</tag>
<doc>Clears and fills the given ``txt`` into the text field found by ``selector``.</doc>
<status status="PASS" start="2024-03-14T08:10:51.879954" elapsed="0.027126"/>
</kw>
<arg>${data}[credit_card]</arg>
<status status="PASS" start="2024-03-14T08:10:51.758090" elapsed="0.148990"/>
</kw>
<kw name="Click" owner="Browser">
<arg>css=button[type=submit] &gt;&gt; text=Cadastrar</arg>
<tag>PageContent</tag>
<tag>Setter</tag>
<doc>Simulates mouse click on the element found by ``selector``.</doc>
<status status="PASS" start="2024-03-14T08:10:51.907080" elapsed="0.103364"/>
</kw>
<arg>${data}</arg>
<status status="PASS" start="2024-03-14T08:10:51.263973" elapsed="0.746471"/>
</kw>
<kw name="Toast should be" owner="Toast">
<kw name="Set Variable" owner="BuiltIn">
<msg time="2024-03-14T08:10:52.014020" level="INFO">${selector} = .Toastify__toast-body</msg>
<var>${selector}</var>
<arg>.Toastify__toast-body</arg>
<doc>Returns the given values which can then be assigned to a variables.</doc>
<status status="PASS" start="2024-03-14T08:10:52.012445" elapsed="0.001575"/>
</kw>
<kw name="Wait For Elements State" owner="Browser">
<msg time="2024-03-14T08:10:52.035499" level="INFO">Waited for Element with selector css=.Toastify__toast-body at state visible</msg>
<arg>css=${selector}</arg>
<arg>visible</arg>
<arg>5</arg>
<tag>PageContent</tag>
<tag>Wait</tag>
<doc>Waits for the element found by ``selector`` to satisfy state option.</doc>
<status status="PASS" start="2024-03-14T08:10:52.014020" elapsed="0.021479"/>
</kw>
<kw name="Get Text" owner="Browser">
<msg time="2024-03-14T08:10:52.059289" level="INFO">Text: 'O usuário já possui matrícula.'</msg>
<arg>css=${selector}</arg>
<arg>equal</arg>
<arg>${expected_text}</arg>
<tag>Assertion</tag>
<tag>Getter</tag>
<tag>PageContent</tag>
<doc>Returns text attribute of the element found by ``selector``.</doc>
<status status="PASS" start="2024-03-14T08:10:52.035499" elapsed="0.023790"/>
</kw>
<kw name="Take Screenshot" owner="Browser">
<msg time="2024-03-14T08:10:52.775614" level="INFO" html="true">&lt;/td&gt;&lt;/tr&gt;&lt;tr&gt;&lt;td colspan="3"&gt;&lt;a href="browser/screenshot/robotframework-browser-screenshot-3.png" target="_blank"&gt;&lt;img src="browser/screenshot/robotframework-browser-screenshot-3.png" width="800px"/&gt;&lt;/a&gt;</msg>
<arg>selector=${selector}</arg>
<tag>PageContent</tag>
<doc>Takes a screenshot of the current window or element and saves it to disk.</doc>
<status status="PASS" start="2024-03-14T08:10:52.059289" elapsed="0.716605"/>
</kw>
<arg>O usuário já possui matrícula.</arg>
<status status="PASS" start="2024-03-14T08:10:52.012445" elapsed="0.763449"/>
</kw>
<kw name="Take Screenshot" owner="Browser" type="TEARDOWN">
<msg time="2024-03-14T08:10:52.829946" level="INFO" html="true">&lt;/td&gt;&lt;/tr&gt;&lt;tr&gt;&lt;td colspan="3"&gt;&lt;a href="browser/screenshot/robotframework-browser-screenshot-4.png" target="_blank"&gt;&lt;img src="browser/screenshot/robotframework-browser-screenshot-4.png" width="800px"/&gt;&lt;/a&gt;</msg>
<tag>PageContent</tag>
<doc>Takes a screenshot of the current window or element and saves it to disk.</doc>
<status status="PASS" start="2024-03-14T08:10:52.776404" elapsed="0.053542"/>
</kw>
<tag>dup</tag>
<status status="PASS" start="2024-03-14T08:10:39.297498" elapsed="13.532448"/>
</test>
<doc>suite de testes de adesões de planos</doc>
<status status="PASS" start="2024-03-14T08:10:24.164950" elapsed="28.730535"/>
</suite>
<statistics>
<total>
<stat pass="2" fail="0" skip="0">All Tests</stat>
</total>
<tag>
<stat pass="1" fail="0" skip="0">dup</stat>
</tag>
<suite>
<stat pass="2" fail="0" skip="0" id="s1" name="Memberships">Memberships</stat>
</suite>
</statistics>
<errors>
<msg time="2024-03-14T08:10:24.207512" level="WARN">Error in file 'C:\QAx\projects\smartbit-robot\resources\Base.resource' on line 36: The '[Return]' setting is deprecated. Use the 'RETURN' statement instead.</msg>
</errors>
</robot>
