<?xml version="1.0" encoding="UTF-8"?>
<robot generator="Robot 7.0 (Python 3.12.2 on win32)" generated="2024-03-14T09:53:37.875576" rpa="false" schemaversion="5">
<suite id="s1" name="Memberships" source="C:\QAx\projects\smartbit-robot\tests\memberships.robot">
<test id="s1-t1" name="Deve poder realizar uma nova adesão" line="10">
<kw name="Start session" owner="Base" type="SETUP">
<kw name="New Browser" owner="Browser">
<msg time="2024-03-14T09:53:39.128673" level="INFO">{"browser": "firefox", "headless": false, "chromiumSandbox": false, "devtools": false, "handleSIGHUP": true, "handleSIGINT": true, "handleSIGTERM": true, "slowMo": 0.0, "timeout": 30000.0, "tracesDir": "C:\\QAx\\projects\\smartbit-robot\\logs\\memberships\\memberships\\browser\\traces\\d689c444-4f7a-4cfb-ac06-00f12a41c3bd"}</msg>
<msg time="2024-03-14T09:53:40.178372" level="INFO">Successfully created browser with options: {"browser":"firefox","headless":false,"chromiumSandbox":false,"devtools":false,"handleSIGHUP":true,"handleSIGINT":true,"handleSIGTERM":true,"slowMo":0,"timeout":30000,"tracesDir":"C:\\QAx\\projects\\smartbit-robot\\logs\\memberships\\memberships\\browser\\traces\\d689c444-4f7a-4cfb-ac06-00f12a41c3bd"}</msg>
<arg>browser=firefox</arg>
<arg>headless=False</arg>
<tag>BrowserControl</tag>
<tag>Setter</tag>
<doc>Create a new playwright Browser with specified options.</doc>
<status status="PASS" start="2024-03-14T09:53:39.128673" elapsed="1.049699"/>
</kw>
<kw name="New Page" owner="Browser">
<msg time="2024-03-14T09:53:47.565473" level="INFO">Successfully initialized new page object and opened url: http://localhost:3000</msg>
<msg time="2024-03-14T09:53:47.565473" level="INFO">No context was open. New context was automatically opened when this page is created.</msg>
<arg>http://localhost:3000</arg>
<tag>BrowserControl</tag>
<tag>Setter</tag>
<doc>Open a new Page.</doc>
<status status="PASS" start="2024-03-14T09:53:40.178372" elapsed="7.387101"/>
</kw>
<status status="PASS" start="2024-03-14T09:53:39.128673" elapsed="8.436800"/>
</kw>
<kw name="Get Json fixture" owner="Base">
<kw name="Load Json From File" owner="JSONLibrary">
<msg time="2024-03-14T09:53:47.593476" level="INFO">${data} = {'create': {'account': {'name': 'Wellington Avon', 'email': 'WellingtonAvon@test.com', 'cpf': '35400747086'}, 'plan': {'name': 'Plano Black', 'id': '2', 'price': 79.99}, 'credit_card': {'number': '424...</msg>
<var>${data}</var>
<arg>${EXECDIR}/resources/fixtures/${file_name}.json</arg>
<arg>encoding=utf-8</arg>
<doc>Load JSON from file.</doc>
<status status="PASS" start="2024-03-14T09:53:47.575474" elapsed="0.018002"/>
</kw>
<return>
<value>${data}[${scenario}]</value>
<status status="PASS" start="2024-03-14T09:53:47.593476" elapsed="0.000000"/>
</return>
<msg time="2024-03-14T09:53:47.593476" level="INFO">${data} = {'account': {'name': 'Wellington Avon', 'email': 'WellingtonAvon@test.com', 'cpf': '35400747086'}, 'plan': {'name': 'Plano Black', 'id': '2', 'price': 79.99}, 'credit_card': {'number': '42424242424242...</msg>
<var>${data}</var>
<arg>memberships</arg>
<arg>create</arg>
<status status="PASS" start="2024-03-14T09:53:47.575474" elapsed="0.018002"/>
</kw>
<kw name="Delete Account By Email" owner="Database">
<arg>${data}[account][email]</arg>
<status status="PASS" start="2024-03-14T09:53:47.593476" elapsed="0.114038"/>
</kw>
<kw name="Insert Account" owner="Database">
<arg>${data}[account]</arg>
<status status="PASS" start="2024-03-14T09:53:47.709514" elapsed="0.079831"/>
</kw>
<kw name="SignIn admin" owner="Base">
<kw name="Go to login Page" owner="Login">
<kw name="Go To" owner="Browser">
<msg time="2024-03-14T09:53:47.994240" level="INFO">Successfully opened URL http://localhost:3000/login</msg>
<arg>http://localhost:3000/login</arg>
<tag>BrowserControl</tag>
<tag>Setter</tag>
<doc>Navigates to the given ``url``.</doc>
<status status="PASS" start="2024-03-14T09:53:47.793365" elapsed="0.200875"/>
</kw>
<status status="PASS" start="2024-03-14T09:53:47.793365" elapsed="0.202876"/>
</kw>
<kw name="Submit login form" owner="Login">
<kw name="Fill Text" owner="Browser">
<msg time="2024-03-14T09:53:47.996241" level="INFO">Fills the text 'sac@smartbit.com' in the given field.</msg>
<arg>css=input[name=email]</arg>
<arg>${email}</arg>
<tag>PageContent</tag>
<tag>Setter</tag>
<doc>Clears and fills the given ``txt`` into the text field found by ``selector``.</doc>
<status status="PASS" start="2024-03-14T09:53:47.996241" elapsed="0.072591"/>
</kw>
<kw name="Fill Text" owner="Browser">
<msg time="2024-03-14T09:53:48.068832" level="INFO">Fills the text 'pwd123' in the given field.</msg>
<arg>css=input[name=password]</arg>
<arg>${password}</arg>
<tag>PageContent</tag>
<tag>Setter</tag>
<doc>Clears and fills the given ``txt`` into the text field found by ``selector``.</doc>
<status status="PASS" start="2024-03-14T09:53:48.068832" elapsed="0.027998"/>
</kw>
<kw name="Click" owner="Browser">
<arg>css=button &gt;&gt; text=Entrar</arg>
<tag>PageContent</tag>
<tag>Setter</tag>
<doc>Simulates mouse click on the element found by ``selector``.</doc>
<status status="PASS" start="2024-03-14T09:53:48.096830" elapsed="0.106411"/>
</kw>
<arg>${ADMIN_EMAIL}</arg>
<arg>${ADMIN_PASS}</arg>
<status status="PASS" start="2024-03-14T09:53:47.996241" elapsed="0.207000"/>
</kw>
<kw name="User is logged in" owner="Navbar">
<kw name="Set Variable" owner="BuiltIn">
<msg time="2024-03-14T09:53:48.205527" level="INFO">${element} = css=.logged-user</msg>
<var>${element}</var>
<arg>css=.logged-user</arg>
<doc>Returns the given values which can then be assigned to a variables.</doc>
<status status="PASS" start="2024-03-14T09:53:48.205239" elapsed="0.000288"/>
</kw>
<kw name="Wait For Elements State" owner="Browser">
<msg time="2024-03-14T09:53:49.598861" level="INFO">Waited for Element with selector css=.logged-user at state visible</msg>
<arg>${element}</arg>
<arg>visible</arg>
<arg>5</arg>
<tag>PageContent</tag>
<tag>Wait</tag>
<doc>Waits for the element found by ``selector`` to satisfy state option.</doc>
<status status="PASS" start="2024-03-14T09:53:48.205527" elapsed="1.395334"/>
</kw>
<kw name="Get Text" owner="Browser">
<msg time="2024-03-14T09:53:49.670827" level="INFO">Text: 'sac@smartbit.com'</msg>
<arg>${element}</arg>
<arg>equal</arg>
<arg>${email}</arg>
<tag>Assertion</tag>
<tag>Getter</tag>
<tag>PageContent</tag>
<doc>Returns text attribute of the element found by ``selector``.</doc>
<status status="PASS" start="2024-03-14T09:53:49.600861" elapsed="0.069966"/>
</kw>
<arg>${ADMIN_EMAIL}</arg>
<status status="PASS" start="2024-03-14T09:53:48.203241" elapsed="1.467586"/>
</kw>
<status status="PASS" start="2024-03-14T09:53:47.791348" elapsed="1.879479"/>
</kw>
<kw name="Go to memberships" owner="Navbar">
<kw name="Click" owner="Browser">
<arg>css=a[href="/memberships"]</arg>
<tag>PageContent</tag>
<tag>Setter</tag>
<doc>Simulates mouse click on the element found by ``selector``.</doc>
<status status="PASS" start="2024-03-14T09:53:49.670827" elapsed="0.087679"/>
</kw>
<kw name="Wait For Elements State" owner="Browser">
<msg time="2024-03-14T09:53:49.796494" level="INFO">Waited for Element with selector css=h1 &gt;&gt; text=Matrículas at state visible</msg>
<arg>css=h1 &gt;&gt; text=Matrículas</arg>
<arg>visible</arg>
<arg>5</arg>
<tag>PageContent</tag>
<tag>Wait</tag>
<doc>Waits for the element found by ``selector`` to satisfy state option.</doc>
<status status="PASS" start="2024-03-14T09:53:49.758506" elapsed="0.037988"/>
</kw>
<status status="PASS" start="2024-03-14T09:53:49.670827" elapsed="0.125667"/>
</kw>
<kw name="Create new membership" owner="Memberships">
<kw name="Go to memberships form" owner="Memberships">
<kw name="Click" owner="Browser">
<arg>css=a[href="/memberships/new"]</arg>
<tag>PageContent</tag>
<tag>Setter</tag>
<doc>Simulates mouse click on the element found by ``selector``.</doc>
<status status="PASS" start="2024-03-14T09:53:49.798493" elapsed="0.120940"/>
</kw>
<kw name="Wait For Elements State" owner="Browser">
<msg time="2024-03-14T09:53:49.961437" level="INFO">Waited for Element with selector css=h1 &gt;&gt; text=Nova matrícula at state visible</msg>
<arg>css=h1 &gt;&gt; text=Nova matrícula</arg>
<arg>visible</arg>
<arg>5</arg>
<tag>PageContent</tag>
<tag>Wait</tag>
<doc>Waits for the element found by ``selector`` to satisfy state option.</doc>
<status status="PASS" start="2024-03-14T09:53:49.919433" elapsed="0.042004"/>
</kw>
<status status="PASS" start="2024-03-14T09:53:49.798493" elapsed="0.164942"/>
</kw>
<kw name="Select account" owner="Memberships">
<kw name="Fill Text" owner="Browser">
<msg time="2024-03-14T09:53:49.963435" level="INFO">Fills the text 'Wellington Avon' in the given field.</msg>
<arg>css=input[aria-label=select_account]</arg>
<arg>${name}</arg>
<tag>PageContent</tag>
<tag>Setter</tag>
<doc>Clears and fills the given ``txt`` into the text field found by ``selector``.</doc>
<status status="PASS" start="2024-03-14T09:53:49.963435" elapsed="0.040535"/>
</kw>
<kw name="Click" owner="Browser">
<arg>css=[data-testid="${cpf}"]</arg>
<tag>PageContent</tag>
<tag>Setter</tag>
<doc>Simulates mouse click on the element found by ``selector``.</doc>
<status status="PASS" start="2024-03-14T09:53:50.005970" elapsed="0.128191"/>
</kw>
<arg>${data}[account][name]</arg>
<arg>${data}[account][cpf]</arg>
<status status="PASS" start="2024-03-14T09:53:49.963435" elapsed="0.170726"/>
</kw>
<kw name="Select plan" owner="Memberships">
<kw name="Fill Text" owner="Browser">
<msg time="2024-03-14T09:53:50.136163" level="INFO">Fills the text 'Plano Black' in the given field.</msg>
<arg>css=input[aria-label=select_plan]</arg>
<arg>${plan_name}</arg>
<tag>PageContent</tag>
<tag>Setter</tag>
<doc>Clears and fills the given ``txt`` into the text field found by ``selector``.</doc>
<status status="PASS" start="2024-03-14T09:53:50.134161" elapsed="0.044002"/>
</kw>
<kw name="Click" owner="Browser">
<arg>css=div[class$=option] &gt;&gt; text=${plan_name}</arg>
<tag>PageContent</tag>
<tag>Setter</tag>
<doc>Simulates mouse click on the element found by ``selector``.</doc>
<status status="PASS" start="2024-03-14T09:53:50.178163" elapsed="0.126571"/>
</kw>
<arg>${data}[plan][name]</arg>
<status status="PASS" start="2024-03-14T09:53:50.134161" elapsed="0.170573"/>
</kw>
<kw name="Fill payment card" owner="Memberships">
<kw name="Fill Text" owner="Browser">
<msg time="2024-03-14T09:53:50.304734" level="INFO">Fills the text '4242424242424242' in the given field.</msg>
<arg>css=input[name=card_number]</arg>
<arg>${card}[number]</arg>
<tag>PageContent</tag>
<tag>Setter</tag>
<doc>Clears and fills the given ``txt`` into the text field found by ``selector``.</doc>
<status status="PASS" start="2024-03-14T09:53:50.304734" elapsed="0.031643"/>
</kw>
<kw name="Fill Text" owner="Browser">
<msg time="2024-03-14T09:53:50.336377" level="INFO">Fills the text 'Wellington Avon' in the given field.</msg>
<arg>css=input[name="card_holder"]</arg>
<arg>${card}[holder]</arg>
<tag>PageContent</tag>
<tag>Setter</tag>
<doc>Clears and fills the given ``txt`` into the text field found by ``selector``.</doc>
<status status="PASS" start="2024-03-14T09:53:50.336377" elapsed="0.031993"/>
</kw>
<kw name="Fill Text" owner="Browser">
<msg time="2024-03-14T09:53:50.368370" level="INFO">Fills the text '12' in the given field.</msg>
<arg>css=input[name="card_month"]</arg>
<arg>${card}[month]</arg>
<tag>PageContent</tag>
<tag>Setter</tag>
<doc>Clears and fills the given ``txt`` into the text field found by ``selector``.</doc>
<status status="PASS" start="2024-03-14T09:53:50.368370" elapsed="0.028001"/>
</kw>
<kw name="Fill Text" owner="Browser">
<msg time="2024-03-14T09:53:50.396371" level="INFO">Fills the text '2032' in the given field.</msg>
<arg>css=input[name="card_year"]</arg>
<arg>${card}[year]</arg>
<tag>PageContent</tag>
<tag>Setter</tag>
<doc>Clears and fills the given ``txt`` into the text field found by ``selector``.</doc>
<status status="PASS" start="2024-03-14T09:53:50.396371" elapsed="0.023997"/>
</kw>
<kw name="Fill Text" owner="Browser">
<msg time="2024-03-14T09:53:50.422371" level="INFO">Fills the text '123' in the given field.</msg>
<arg>css=input[name="card_cvv"]</arg>
<arg>${card}[cvv]</arg>
<tag>PageContent</tag>
<tag>Setter</tag>
<doc>Clears and fills the given ``txt`` into the text field found by ``selector``.</doc>
<status status="PASS" start="2024-03-14T09:53:50.420368" elapsed="0.030003"/>
</kw>
<arg>${data}[credit_card]</arg>
<status status="PASS" start="2024-03-14T09:53:50.304734" elapsed="0.145637"/>
</kw>
<kw name="Click" owner="Browser">
<arg>css=button[type=submit] &gt;&gt; text=Cadastrar</arg>
<tag>PageContent</tag>
<tag>Setter</tag>
<doc>Simulates mouse click on the element found by ``selector``.</doc>
<status status="PASS" start="2024-03-14T09:53:50.450371" elapsed="0.104473"/>
</kw>
<arg>${data}</arg>
<status status="PASS" start="2024-03-14T09:53:49.798493" elapsed="0.756351"/>
</kw>
<kw name="Toast should be" owner="Toast">
<kw name="Set Variable" owner="BuiltIn">
<msg time="2024-03-14T09:53:50.556844" level="INFO">${selector} = .Toastify__toast-body</msg>
<var>${selector}</var>
<arg>.Toastify__toast-body</arg>
<doc>Returns the given values which can then be assigned to a variables.</doc>
<status status="PASS" start="2024-03-14T09:53:50.556844" elapsed="0.000000"/>
</kw>
<kw name="Wait For Elements State" owner="Browser">
<msg time="2024-03-14T09:53:50.687747" level="INFO">Waited for Element with selector css=.Toastify__toast-body at state visible</msg>
<arg>css=${selector}</arg>
<arg>visible</arg>
<arg>5</arg>
<tag>PageContent</tag>
<tag>Wait</tag>
<doc>Waits for the element found by ``selector`` to satisfy state option.</doc>
<status status="PASS" start="2024-03-14T09:53:50.556844" elapsed="0.130903"/>
</kw>
<kw name="Get Text" owner="Browser">
<msg time="2024-03-14T09:53:50.723656" level="INFO">Text: 'Matrícula cadastrada com sucesso.'</msg>
<arg>css=${selector}</arg>
<arg>equal</arg>
<arg>${expected_text}</arg>
<tag>Assertion</tag>
<tag>Getter</tag>
<tag>PageContent</tag>
<doc>Returns text attribute of the element found by ``selector``.</doc>
<status status="PASS" start="2024-03-14T09:53:50.687747" elapsed="0.035909"/>
</kw>
<kw name="Take Screenshot" owner="Browser">
<msg time="2024-03-14T09:53:51.452585" level="INFO" html="true">&lt;/td&gt;&lt;/tr&gt;&lt;tr&gt;&lt;td colspan="3"&gt;&lt;a href="browser/screenshot/robotframework-browser-screenshot-1.png" target="_blank"&gt;&lt;img src="browser/screenshot/robotframework-browser-screenshot-1.png" width="800px"/&gt;&lt;/a&gt;</msg>
<arg>selector=${selector}</arg>
<tag>PageContent</tag>
<doc>Takes a screenshot of the current window or element and saves it to disk.</doc>
<status status="PASS" start="2024-03-14T09:53:50.723656" elapsed="0.728929"/>
</kw>
<arg>Matrícula cadastrada com sucesso.</arg>
<status status="PASS" start="2024-03-14T09:53:50.556844" elapsed="0.895741"/>
</kw>
<kw name="Take Screenshot" owner="Browser" type="TEARDOWN">
<msg time="2024-03-14T09:53:51.501103" level="INFO" html="true">&lt;/td&gt;&lt;/tr&gt;&lt;tr&gt;&lt;td colspan="3"&gt;&lt;a href="browser/screenshot/robotframework-browser-screenshot-2.png" target="_blank"&gt;&lt;img src="browser/screenshot/robotframework-browser-screenshot-2.png" width="800px"/&gt;&lt;/a&gt;</msg>
<tag>PageContent</tag>
<doc>Takes a screenshot of the current window or element and saves it to disk.</doc>
<status status="PASS" start="2024-03-14T09:53:51.453610" elapsed="0.047493"/>
</kw>
<status status="PASS" start="2024-03-14T09:53:39.128673" elapsed="12.372430"/>
</test>
<test id="s1-t2" name="Não deve realizar adesão duplicada" line="22">
<kw name="Start session" owner="Base" type="SETUP">
<kw name="New Browser" owner="Browser">
<msg time="2024-03-14T09:53:51.579275" level="INFO">Switching browser to browser=4f0d1c97-572c-437a-b697-35b77d10536c</msg>
<msg time="2024-03-14T09:53:51.583279" level="INFO">Successfully changed active browser: browser=4f0d1c97-572c-437a-b697-35b77d10536c</msg>
<msg time="2024-03-14T09:53:51.583279" level="INFO">Reusing existing browser with id: browser=4f0d1c97-572c-437a-b697-35b77d10536c</msg>
<arg>browser=firefox</arg>
<arg>headless=False</arg>
<tag>BrowserControl</tag>
<tag>Setter</tag>
<doc>Create a new playwright Browser with specified options.</doc>
<status status="PASS" start="2024-03-14T09:53:51.577279" elapsed="0.006000"/>
</kw>
<kw name="New Page" owner="Browser">
<msg time="2024-03-14T09:53:52.417762" level="INFO">Successfully initialized new page object and opened url: http://localhost:3000</msg>
<msg time="2024-03-14T09:53:52.417762" level="INFO">No context was open. New context was automatically opened when this page is created.</msg>
<arg>http://localhost:3000</arg>
<tag>BrowserControl</tag>
<tag>Setter</tag>
<doc>Open a new Page.</doc>
<status status="PASS" start="2024-03-14T09:53:51.583279" elapsed="0.834483"/>
</kw>
<status status="PASS" start="2024-03-14T09:53:51.577279" elapsed="0.842478"/>
</kw>
<kw name="Get Json fixture" owner="Base">
<kw name="Load Json From File" owner="JSONLibrary">
<msg time="2024-03-14T09:53:52.442791" level="INFO">${data} = {'create': {'account': {'name': 'Wellington Avon', 'email': 'WellingtonAvon@test.com', 'cpf': '35400747086'}, 'plan': {'name': 'Plano Black', 'id': '2', 'price': 79.99}, 'credit_card': {'number': '424...</msg>
<var>${data}</var>
<arg>${EXECDIR}/resources/fixtures/${file_name}.json</arg>
<arg>encoding=utf-8</arg>
<doc>Load JSON from file.</doc>
<status status="PASS" start="2024-03-14T09:53:52.440792" elapsed="0.001999"/>
</kw>
<return>
<value>${data}[${scenario}]</value>
<status status="PASS" start="2024-03-14T09:53:52.442791" elapsed="0.000000"/>
</return>
<msg time="2024-03-14T09:53:52.442791" level="INFO">${data} = {'account': {'name': 'Galdino Silva', 'email': 'GaldinoSilva@test.com', 'cpf': '78180915050'}, 'plan': {'name': 'Plano Smart', 'id': 1, 'price': 99.99}, 'credit_card': {'number': '4242424242424242', '...</msg>
<var>${data}</var>
<arg>memberships</arg>
<arg>duplicate</arg>
<status status="PASS" start="2024-03-14T09:53:52.440792" elapsed="0.001999"/>
</kw>
<kw name="Insert Membership" owner="Database">
<arg>${data}</arg>
<status status="PASS" start="2024-03-14T09:53:52.442791" elapsed="0.143171"/>
</kw>
<kw name="SignIn admin" owner="Base">
<kw name="Go to login Page" owner="Login">
<kw name="Go To" owner="Browser">
<msg time="2024-03-14T09:53:52.829685" level="INFO">Successfully opened URL http://localhost:3000/login</msg>
<arg>http://localhost:3000/login</arg>
<tag>BrowserControl</tag>
<tag>Setter</tag>
<doc>Navigates to the given ``url``.</doc>
<status status="PASS" start="2024-03-14T09:53:52.585962" elapsed="0.243723"/>
</kw>
<status status="PASS" start="2024-03-14T09:53:52.585962" elapsed="0.243723"/>
</kw>
<kw name="Submit login form" owner="Login">
<kw name="Fill Text" owner="Browser">
<msg time="2024-03-14T09:53:52.831295" level="INFO">Fills the text 'sac@smartbit.com' in the given field.</msg>
<arg>css=input[name=email]</arg>
<arg>${email}</arg>
<tag>PageContent</tag>
<tag>Setter</tag>
<doc>Clears and fills the given ``txt`` into the text field found by ``selector``.</doc>
<status status="PASS" start="2024-03-14T09:53:52.831127" elapsed="0.081573"/>
</kw>
<kw name="Fill Text" owner="Browser">
<msg time="2024-03-14T09:53:52.912700" level="INFO">Fills the text 'pwd123' in the given field.</msg>
<arg>css=input[name=password]</arg>
<arg>${password}</arg>
<tag>PageContent</tag>
<tag>Setter</tag>
<doc>Clears and fills the given ``txt`` into the text field found by ``selector``.</doc>
<status status="PASS" start="2024-03-14T09:53:52.912700" elapsed="0.030001"/>
</kw>
<kw name="Click" owner="Browser">
<arg>css=button &gt;&gt; text=Entrar</arg>
<tag>PageContent</tag>
<tag>Setter</tag>
<doc>Simulates mouse click on the element found by ``selector``.</doc>
<status status="PASS" start="2024-03-14T09:53:52.942701" elapsed="0.132909"/>
</kw>
<arg>${ADMIN_EMAIL}</arg>
<arg>${ADMIN_PASS}</arg>
<status status="PASS" start="2024-03-14T09:53:52.829685" elapsed="0.245925"/>
</kw>
<kw name="User is logged in" owner="Navbar">
<kw name="Set Variable" owner="BuiltIn">
<msg time="2024-03-14T09:53:53.075610" level="INFO">${element} = css=.logged-user</msg>
<var>${element}</var>
<arg>css=.logged-user</arg>
<doc>Returns the given values which can then be assigned to a variables.</doc>
<status status="PASS" start="2024-03-14T09:53:53.075610" elapsed="0.000000"/>
</kw>
<kw name="Wait For Elements State" owner="Browser">
<msg time="2024-03-14T09:53:54.456392" level="INFO">Waited for Element with selector css=.logged-user at state visible</msg>
<arg>${element}</arg>
<arg>visible</arg>
<arg>5</arg>
<tag>PageContent</tag>
<tag>Wait</tag>
<doc>Waits for the element found by ``selector`` to satisfy state option.</doc>
<status status="PASS" start="2024-03-14T09:53:53.075610" elapsed="1.380782"/>
</kw>
<kw name="Get Text" owner="Browser">
<msg time="2024-03-14T09:53:54.496391" level="INFO">Text: 'sac@smartbit.com'</msg>
<arg>${element}</arg>
<arg>equal</arg>
<arg>${email}</arg>
<tag>Assertion</tag>
<tag>Getter</tag>
<tag>PageContent</tag>
<doc>Returns text attribute of the element found by ``selector``.</doc>
<status status="PASS" start="2024-03-14T09:53:54.456392" elapsed="0.039999"/>
</kw>
<arg>${ADMIN_EMAIL}</arg>
<status status="PASS" start="2024-03-14T09:53:53.075610" elapsed="1.422803"/>
</kw>
<status status="PASS" start="2024-03-14T09:53:52.585962" elapsed="1.912451"/>
</kw>
<kw name="Go to memberships" owner="Navbar">
<kw name="Click" owner="Browser">
<arg>css=a[href="/memberships"]</arg>
<tag>PageContent</tag>
<tag>Setter</tag>
<doc>Simulates mouse click on the element found by ``selector``.</doc>
<status status="PASS" start="2024-03-14T09:53:54.498413" elapsed="0.091987"/>
</kw>
<kw name="Wait For Elements State" owner="Browser">
<msg time="2024-03-14T09:53:54.600393" level="INFO">Waited for Element with selector css=h1 &gt;&gt; text=Matrículas at state visible</msg>
<arg>css=h1 &gt;&gt; text=Matrículas</arg>
<arg>visible</arg>
<arg>5</arg>
<tag>PageContent</tag>
<tag>Wait</tag>
<doc>Waits for the element found by ``selector`` to satisfy state option.</doc>
<status status="PASS" start="2024-03-14T09:53:54.590400" elapsed="0.009993"/>
</kw>
<status status="PASS" start="2024-03-14T09:53:54.498413" elapsed="0.104002"/>
</kw>
<kw name="Create new membership" owner="Memberships">
<kw name="Go to memberships form" owner="Memberships">
<kw name="Click" owner="Browser">
<arg>css=a[href="/memberships/new"]</arg>
<tag>PageContent</tag>
<tag>Setter</tag>
<doc>Simulates mouse click on the element found by ``selector``.</doc>
<status status="PASS" start="2024-03-14T09:53:54.602415" elapsed="0.151230"/>
</kw>
<kw name="Wait For Elements State" owner="Browser">
<msg time="2024-03-14T09:53:54.779643" level="INFO">Waited for Element with selector css=h1 &gt;&gt; text=Nova matrícula at state visible</msg>
<arg>css=h1 &gt;&gt; text=Nova matrícula</arg>
<arg>visible</arg>
<arg>5</arg>
<tag>PageContent</tag>
<tag>Wait</tag>
<doc>Waits for the element found by ``selector`` to satisfy state option.</doc>
<status status="PASS" start="2024-03-14T09:53:54.753645" elapsed="0.028000"/>
</kw>
<status status="PASS" start="2024-03-14T09:53:54.602415" elapsed="0.179230"/>
</kw>
<kw name="Select account" owner="Memberships">
<kw name="Fill Text" owner="Browser">
<msg time="2024-03-14T09:53:54.781645" level="INFO">Fills the text 'Galdino Silva' in the given field.</msg>
<arg>css=input[aria-label=select_account]</arg>
<arg>${name}</arg>
<tag>PageContent</tag>
<tag>Setter</tag>
<doc>Clears and fills the given ``txt`` into the text field found by ``selector``.</doc>
<status status="PASS" start="2024-03-14T09:53:54.781645" elapsed="0.048662"/>
</kw>
<kw name="Click" owner="Browser">
<arg>css=[data-testid="${cpf}"]</arg>
<tag>PageContent</tag>
<tag>Setter</tag>
<doc>Simulates mouse click on the element found by ``selector``.</doc>
<status status="PASS" start="2024-03-14T09:53:54.830307" elapsed="0.125493"/>
</kw>
<arg>${data}[account][name]</arg>
<arg>${data}[account][cpf]</arg>
<status status="PASS" start="2024-03-14T09:53:54.781645" elapsed="0.174155"/>
</kw>
<kw name="Select plan" owner="Memberships">
<kw name="Fill Text" owner="Browser">
<msg time="2024-03-14T09:53:54.957800" level="INFO">Fills the text 'Plano Smart' in the given field.</msg>
<arg>css=input[aria-label=select_plan]</arg>
<arg>${plan_name}</arg>
<tag>PageContent</tag>
<tag>Setter</tag>
<doc>Clears and fills the given ``txt`` into the text field found by ``selector``.</doc>
<status status="PASS" start="2024-03-14T09:53:54.955800" elapsed="0.038285"/>
</kw>
<kw name="Click" owner="Browser">
<arg>css=div[class$=option] &gt;&gt; text=${plan_name}</arg>
<tag>PageContent</tag>
<tag>Setter</tag>
<doc>Simulates mouse click on the element found by ``selector``.</doc>
<status status="PASS" start="2024-03-14T09:53:54.994085" elapsed="0.142346"/>
</kw>
<arg>${data}[plan][name]</arg>
<status status="PASS" start="2024-03-14T09:53:54.955800" elapsed="0.180631"/>
</kw>
<kw name="Fill payment card" owner="Memberships">
<kw name="Fill Text" owner="Browser">
<msg time="2024-03-14T09:53:55.138432" level="INFO">Fills the text '4242424242424242' in the given field.</msg>
<arg>css=input[name=card_number]</arg>
<arg>${card}[number]</arg>
<tag>PageContent</tag>
<tag>Setter</tag>
<doc>Clears and fills the given ``txt`` into the text field found by ``selector``.</doc>
<status status="PASS" start="2024-03-14T09:53:55.138432" elapsed="0.028049"/>
</kw>
<kw name="Fill Text" owner="Browser">
<msg time="2024-03-14T09:53:55.168482" level="INFO">Fills the text 'Galdino Silva' in the given field.</msg>
<arg>css=input[name="card_holder"]</arg>
<arg>${card}[holder]</arg>
<tag>PageContent</tag>
<tag>Setter</tag>
<doc>Clears and fills the given ``txt`` into the text field found by ``selector``.</doc>
<status status="PASS" start="2024-03-14T09:53:55.166481" elapsed="0.034003"/>
</kw>
<kw name="Fill Text" owner="Browser">
<msg time="2024-03-14T09:53:55.200484" level="INFO">Fills the text '11' in the given field.</msg>
<arg>css=input[name="card_month"]</arg>
<arg>${card}[month]</arg>
<tag>PageContent</tag>
<tag>Setter</tag>
<doc>Clears and fills the given ``txt`` into the text field found by ``selector``.</doc>
<status status="PASS" start="2024-03-14T09:53:55.200484" elapsed="0.025999"/>
</kw>
<kw name="Fill Text" owner="Browser">
<msg time="2024-03-14T09:53:55.228482" level="INFO">Fills the text '2031' in the given field.</msg>
<arg>css=input[name="card_year"]</arg>
<arg>${card}[year]</arg>
<tag>PageContent</tag>
<tag>Setter</tag>
<doc>Clears and fills the given ``txt`` into the text field found by ``selector``.</doc>
<status status="PASS" start="2024-03-14T09:53:55.226483" elapsed="0.029137"/>
</kw>
<kw name="Fill Text" owner="Browser">
<msg time="2024-03-14T09:53:55.255620" level="INFO">Fills the text '123' in the given field.</msg>
<arg>css=input[name="card_cvv"]</arg>
<arg>${card}[cvv]</arg>
<tag>PageContent</tag>
<tag>Setter</tag>
<doc>Clears and fills the given ``txt`` into the text field found by ``selector``.</doc>
<status status="PASS" start="2024-03-14T09:53:55.255620" elapsed="0.026642"/>
</kw>
<arg>${data}[credit_card]</arg>
<status status="PASS" start="2024-03-14T09:53:55.136431" elapsed="0.145831"/>
</kw>
<kw name="Click" owner="Browser">
<arg>css=button[type=submit] &gt;&gt; text=Cadastrar</arg>
<tag>PageContent</tag>
<tag>Setter</tag>
<doc>Simulates mouse click on the element found by ``selector``.</doc>
<status status="PASS" start="2024-03-14T09:53:55.282262" elapsed="0.106151"/>
</kw>
<arg>${data}</arg>
<status status="PASS" start="2024-03-14T09:53:54.602415" elapsed="0.785998"/>
</kw>
<kw name="Toast should be" owner="Toast">
<kw name="Set Variable" owner="BuiltIn">
<msg time="2024-03-14T09:53:55.390393" level="INFO">${selector} = .Toastify__toast-body</msg>
<var>${selector}</var>
<arg>.Toastify__toast-body</arg>
<doc>Returns the given values which can then be assigned to a variables.</doc>
<status status="PASS" start="2024-03-14T09:53:55.390393" elapsed="0.000000"/>
</kw>
<kw name="Wait For Elements State" owner="Browser">
<msg time="2024-03-14T09:53:55.408391" level="INFO">Waited for Element with selector css=.Toastify__toast-body at state visible</msg>
<arg>css=${selector}</arg>
<arg>visible</arg>
<arg>5</arg>
<tag>PageContent</tag>
<tag>Wait</tag>
<doc>Waits for the element found by ``selector`` to satisfy state option.</doc>
<status status="PASS" start="2024-03-14T09:53:55.390393" elapsed="0.017998"/>
</kw>
<kw name="Get Text" owner="Browser">
<msg time="2024-03-14T09:53:55.430391" level="INFO">Text: 'O usuário já possui matrícula.'</msg>
<arg>css=${selector}</arg>
<arg>equal</arg>
<arg>${expected_text}</arg>
<tag>Assertion</tag>
<tag>Getter</tag>
<tag>PageContent</tag>
<doc>Returns text attribute of the element found by ``selector``.</doc>
<status status="PASS" start="2024-03-14T09:53:55.408391" elapsed="0.022000"/>
</kw>
<kw name="Take Screenshot" owner="Browser">
<msg time="2024-03-14T09:53:56.167391" level="INFO" html="true">&lt;/td&gt;&lt;/tr&gt;&lt;tr&gt;&lt;td colspan="3"&gt;&lt;a href="browser/screenshot/robotframework-browser-screenshot-3.png" target="_blank"&gt;&lt;img src="browser/screenshot/robotframework-browser-screenshot-3.png" width="800px"/&gt;&lt;/a&gt;</msg>
<arg>selector=${selector}</arg>
<tag>PageContent</tag>
<doc>Takes a screenshot of the current window or element and saves it to disk.</doc>
<status status="PASS" start="2024-03-14T09:53:55.430391" elapsed="0.737000"/>
</kw>
<arg>O usuário já possui matrícula.</arg>
<status status="PASS" start="2024-03-14T09:53:55.388413" elapsed="0.778978"/>
</kw>
<kw name="Take Screenshot" owner="Browser" type="TEARDOWN">
<msg time="2024-03-14T09:53:56.223582" level="INFO" html="true">&lt;/td&gt;&lt;/tr&gt;&lt;tr&gt;&lt;td colspan="3"&gt;&lt;a href="browser/screenshot/robotframework-browser-screenshot-4.png" target="_blank"&gt;&lt;img src="browser/screenshot/robotframework-browser-screenshot-4.png" width="800px"/&gt;&lt;/a&gt;</msg>
<tag>PageContent</tag>
<doc>Takes a screenshot of the current window or element and saves it to disk.</doc>
<status status="PASS" start="2024-03-14T09:53:56.169564" elapsed="0.054018"/>
</kw>
<tag>dup</tag>
<status status="PASS" start="2024-03-14T09:53:51.573285" elapsed="4.650297"/>
</test>
<test id="s1-t3" name="Deve buscar por nome" line="34">
<kw name="Start session" owner="Base" type="SETUP">
<kw name="New Browser" owner="Browser">
<msg time="2024-03-14T09:53:56.292199" level="INFO">Switching browser to browser=4f0d1c97-572c-437a-b697-35b77d10536c</msg>
<msg time="2024-03-14T09:53:56.297792" level="INFO">Successfully changed active browser: browser=4f0d1c97-572c-437a-b697-35b77d10536c</msg>
<msg time="2024-03-14T09:53:56.297792" level="INFO">Reusing existing browser with id: browser=4f0d1c97-572c-437a-b697-35b77d10536c</msg>
<arg>browser=firefox</arg>
<arg>headless=False</arg>
<tag>BrowserControl</tag>
<tag>Setter</tag>
<doc>Create a new playwright Browser with specified options.</doc>
<status status="PASS" start="2024-03-14T09:53:56.290991" elapsed="0.006801"/>
</kw>
<kw name="New Page" owner="Browser">
<msg time="2024-03-14T09:53:57.159128" level="INFO">Successfully initialized new page object and opened url: http://localhost:3000</msg>
<msg time="2024-03-14T09:53:57.159128" level="INFO">No context was open. New context was automatically opened when this page is created.</msg>
<arg>http://localhost:3000</arg>
<tag>BrowserControl</tag>
<tag>Setter</tag>
<doc>Open a new Page.</doc>
<status status="PASS" start="2024-03-14T09:53:56.297792" elapsed="0.863336"/>
</kw>
<status status="PASS" start="2024-03-14T09:53:56.290991" elapsed="0.870137"/>
</kw>
<kw name="Set Variable" owner="BuiltIn">
<msg time="2024-03-14T09:53:57.163133" level="INFO">${name} = Wellington Avon</msg>
<var>${name}</var>
<arg>Wellington Avon</arg>
<doc>Returns the given values which can then be assigned to a variables.</doc>
<status status="PASS" start="2024-03-14T09:53:57.163133" elapsed="0.000000"/>
</kw>
<kw name="SignIn admin" owner="Base">
<kw name="Go to login Page" owner="Login">
<kw name="Go To" owner="Browser">
<msg time="2024-03-14T09:53:57.397851" level="INFO">Successfully opened URL http://localhost:3000/login</msg>
<arg>http://localhost:3000/login</arg>
<tag>BrowserControl</tag>
<tag>Setter</tag>
<doc>Navigates to the given ``url``.</doc>
<status status="PASS" start="2024-03-14T09:53:57.165134" elapsed="0.232717"/>
</kw>
<status status="PASS" start="2024-03-14T09:53:57.165134" elapsed="0.232717"/>
</kw>
<kw name="Submit login form" owner="Login">
<kw name="Fill Text" owner="Browser">
<msg time="2024-03-14T09:53:57.399852" level="INFO">Fills the text 'sac@smartbit.com' in the given field.</msg>
<arg>css=input[name=email]</arg>
<arg>${email}</arg>
<tag>PageContent</tag>
<tag>Setter</tag>
<doc>Clears and fills the given ``txt`` into the text field found by ``selector``.</doc>
<status status="PASS" start="2024-03-14T09:53:57.399852" elapsed="0.091998"/>
</kw>
<kw name="Fill Text" owner="Browser">
<msg time="2024-03-14T09:53:57.491850" level="INFO">Fills the text 'pwd123' in the given field.</msg>
<arg>css=input[name=password]</arg>
<arg>${password}</arg>
<tag>PageContent</tag>
<tag>Setter</tag>
<doc>Clears and fills the given ``txt`` into the text field found by ``selector``.</doc>
<status status="PASS" start="2024-03-14T09:53:57.491850" elapsed="0.031999"/>
</kw>
<kw name="Click" owner="Browser">
<arg>css=button &gt;&gt; text=Entrar</arg>
<tag>PageContent</tag>
<tag>Setter</tag>
<doc>Simulates mouse click on the element found by ``selector``.</doc>
<status status="PASS" start="2024-03-14T09:53:57.523849" elapsed="0.107967"/>
</kw>
<arg>${ADMIN_EMAIL}</arg>
<arg>${ADMIN_PASS}</arg>
<status status="PASS" start="2024-03-14T09:53:57.397851" elapsed="0.233965"/>
</kw>
<kw name="User is logged in" owner="Navbar">
<kw name="Set Variable" owner="BuiltIn">
<msg time="2024-03-14T09:53:57.633811" level="INFO">${element} = css=.logged-user</msg>
<var>${element}</var>
<arg>css=.logged-user</arg>
<doc>Returns the given values which can then be assigned to a variables.</doc>
<status status="PASS" start="2024-03-14T09:53:57.633811" elapsed="0.000000"/>
</kw>
<kw name="Wait For Elements State" owner="Browser">
<msg time="2024-03-14T09:53:59.026055" level="INFO">Waited for Element with selector css=.logged-user at state visible</msg>
<arg>${element}</arg>
<arg>visible</arg>
<arg>5</arg>
<tag>PageContent</tag>
<tag>Wait</tag>
<doc>Waits for the element found by ``selector`` to satisfy state option.</doc>
<status status="PASS" start="2024-03-14T09:53:57.633811" elapsed="1.392244"/>
</kw>
<kw name="Get Text" owner="Browser">
<msg time="2024-03-14T09:53:59.102040" level="INFO">Text: 'sac@smartbit.com'</msg>
<arg>${element}</arg>
<arg>equal</arg>
<arg>${email}</arg>
<tag>Assertion</tag>
<tag>Getter</tag>
<tag>PageContent</tag>
<doc>Returns text attribute of the element found by ``selector``.</doc>
<status status="PASS" start="2024-03-14T09:53:59.028058" elapsed="0.073982"/>
</kw>
<arg>${ADMIN_EMAIL}</arg>
<status status="PASS" start="2024-03-14T09:53:57.631816" elapsed="1.470224"/>
</kw>
<status status="PASS" start="2024-03-14T09:53:57.163133" elapsed="1.938907"/>
</kw>
<kw name="Go to memberships" owner="Navbar">
<kw name="Click" owner="Browser">
<arg>css=a[href="/memberships"]</arg>
<tag>PageContent</tag>
<tag>Setter</tag>
<doc>Simulates mouse click on the element found by ``selector``.</doc>
<status status="PASS" start="2024-03-14T09:53:59.104057" elapsed="0.108849"/>
</kw>
<kw name="Wait For Elements State" owner="Browser">
<msg time="2024-03-14T09:53:59.252900" level="INFO">Waited for Element with selector css=h1 &gt;&gt; text=Matrículas at state visible</msg>
<arg>css=h1 &gt;&gt; text=Matrículas</arg>
<arg>visible</arg>
<arg>5</arg>
<tag>PageContent</tag>
<tag>Wait</tag>
<doc>Waits for the element found by ``selector`` to satisfy state option.</doc>
<status status="PASS" start="2024-03-14T09:53:59.212906" elapsed="0.039994"/>
</kw>
<status status="PASS" start="2024-03-14T09:53:59.104057" elapsed="0.148843"/>
</kw>
<kw name="Fill Text" owner="Browser">
<msg time="2024-03-14T09:53:59.252900" level="INFO">Fills the text 'Wellington Avon' in the given field.</msg>
<arg>css=input[placeholder^=Busque]</arg>
<arg>${name}</arg>
<tag>PageContent</tag>
<tag>Setter</tag>
<doc>Clears and fills the given ``txt`` into the text field found by ``selector``.</doc>
<status status="PASS" start="2024-03-14T09:53:59.252900" elapsed="0.024839"/>
</kw>
<kw name="Wait For Elements State" owner="Browser">
<msg time="2024-03-14T09:53:59.293738" level="INFO">Waited for Element with selector css=table tbody tr &gt;&gt; text=Wellington Avon at state visible</msg>
<arg>css=table tbody tr &gt;&gt; text=${name}</arg>
<arg>Visible</arg>
<arg>5</arg>
<tag>PageContent</tag>
<tag>Wait</tag>
<doc>Waits for the element found by ``selector`` to satisfy state option.</doc>
<status status="PASS" start="2024-03-14T09:53:59.279740" elapsed="0.015999"/>
</kw>
<kw name="Take Screenshot" owner="Browser" type="TEARDOWN">
<msg time="2024-03-14T09:53:59.331738" level="INFO" html="true">&lt;/td&gt;&lt;/tr&gt;&lt;tr&gt;&lt;td colspan="3"&gt;&lt;a href="browser/screenshot/robotframework-browser-screenshot-5.png" target="_blank"&gt;&lt;img src="browser/screenshot/robotframework-browser-screenshot-5.png" width="800px"/&gt;&lt;/a&gt;</msg>
<tag>PageContent</tag>
<doc>Takes a screenshot of the current window or element and saves it to disk.</doc>
<status status="PASS" start="2024-03-14T09:53:59.295739" elapsed="0.038001"/>
</kw>
<tag>search</tag>
<status status="PASS" start="2024-03-14T09:53:56.286026" elapsed="3.047714"/>
</test>
<doc>suite de testes de adesões de planos</doc>
<status status="PASS" start="2024-03-14T09:53:37.875576" elapsed="21.510711"/>
</suite>
<statistics>
<total>
<stat pass="3" fail="0" skip="0">All Tests</stat>
</total>
<tag>
<stat pass="1" fail="0" skip="0">dup</stat>
<stat pass="1" fail="0" skip="0">search</stat>
</tag>
<suite>
<stat pass="3" fail="0" skip="0" id="s1" name="Memberships">Memberships</stat>
</suite>
</statistics>
<errors>
<msg time="2024-03-14T09:53:37.901246" level="WARN">Error in file 'C:\QAx\projects\smartbit-robot\resources\Base.resource' on line 36: The '[Return]' setting is deprecated. Use the 'RETURN' statement instead.</msg>
</errors>
</robot>
