<?xml version="1.0" encoding="UTF-8"?>
<robot generator="Robot 6.1.1 (Python 3.12.2 on win32)" generated="20240320 20:13:00.045" rpa="false" schemaversion="4">
<suite id="s1" name="Tests" source="C:\QAx\projects\smartbit-robot\web\tests">
<suite id="s1-s1" name="Login" source="C:\QAx\projects\smartbit-robot\web\tests\login.robot">
<test id="s1-s1-t1" name="Deve logar como Gestor de Academia" line="10">
<kw name="Start session" library="Base" type="SETUP">
<kw name="New Browser" library="Browser">
<arg>browser=firefox</arg>
<arg>headless=true</arg>
<tag>BrowserControl</tag>
<tag>Setter</tag>
<doc>Create a new playwright Browser with specified options.</doc>
<msg timestamp="20240320 20:13:01.418" level="INFO">{"browser": "firefox", "headless": true, "chromiumSandbox": false, "devtools": false, "handleSIGHUP": true, "handleSIGINT": true, "handleSIGTERM": true, "slowMo": 0.0, "timeout": 30000.0, "tracesDir": "C:\\QAx\\projects\\smartbit-robot\\web\\logs\\browser\\traces\\e70f6f16-ac96-44cc-8b95-27f2100c4aec"}</msg>
<msg timestamp="20240320 20:13:02.348" level="INFO">Successfully created browser with options: {"browser":"firefox","headless":true,"chromiumSandbox":false,"devtools":false,"handleSIGHUP":true,"handleSIGINT":true,"handleSIGTERM":true,"slowMo":0,"timeout":30000,"tracesDir":"C:\\QAx\\projects\\smartbit-robot\\web\\logs\\browser\\traces\\e70f6f16-ac96-44cc-8b95-27f2100c4aec"}</msg>
<status status="PASS" starttime="20240320 20:13:01.418" endtime="20240320 20:13:02.348"/>
</kw>
<kw name="New Page" library="Browser">
<arg>${BASE_URL}</arg>
<tag>BrowserControl</tag>
<tag>Setter</tag>
<doc>Open a new Page.</doc>
<msg timestamp="20240320 20:13:09.656" level="INFO">Successfully initialized new page object and opened url: http://localhost:3000</msg>
<msg timestamp="20240320 20:13:09.656" level="INFO">No context was open. New context was automatically opened when this page is created.</msg>
<status status="PASS" starttime="20240320 20:13:02.348" endtime="20240320 20:13:09.656"/>
</kw>
<status status="PASS" starttime="20240320 20:13:01.417" endtime="20240320 20:13:09.657"/>
</kw>
<kw name="Go to login Page" library="Login">
<kw name="Go To" library="Browser">
<arg>${BASE_URL}/login</arg>
<tag>BrowserControl</tag>
<tag>Setter</tag>
<doc>Navigates to the given ``url``.</doc>
<msg timestamp="20240320 20:13:09.869" level="INFO">Successfully opened URL http://localhost:3000/login</msg>
<status status="PASS" starttime="20240320 20:13:09.658" endtime="20240320 20:13:09.869"/>
</kw>
<status status="PASS" starttime="20240320 20:13:09.658" endtime="20240320 20:13:09.869"/>
</kw>
<kw name="Submit login form" library="Login">
<arg>sac@smartbit.com</arg>
<arg>pwd123</arg>
<kw name="Fill Text" library="Browser">
<arg>css=input[name=email]</arg>
<arg>${email}</arg>
<tag>PageContent</tag>
<tag>Setter</tag>
<doc>Clears and fills the given ``txt`` into the text field found by ``selector``.</doc>
<msg timestamp="20240320 20:13:09.870" level="INFO">Fills the text 'sac@smartbit.com' in the given field.</msg>
<status status="PASS" starttime="20240320 20:13:09.870" endtime="20240320 20:13:09.940"/>
</kw>
<kw name="Fill Text" library="Browser">
<arg>css=input[name=password]</arg>
<arg>${password}</arg>
<tag>PageContent</tag>
<tag>Setter</tag>
<doc>Clears and fills the given ``txt`` into the text field found by ``selector``.</doc>
<msg timestamp="20240320 20:13:09.940" level="INFO">Fills the text 'pwd123' in the given field.</msg>
<status status="PASS" starttime="20240320 20:13:09.940" endtime="20240320 20:13:09.965"/>
</kw>
<kw name="Click" library="Browser">
<arg>css=button &gt;&gt; text=Entrar</arg>
<tag>PageContent</tag>
<tag>Setter</tag>
<doc>Simulates mouse click on the element found by ``selector``.</doc>
<status status="PASS" starttime="20240320 20:13:09.965" endtime="20240320 20:13:10.053"/>
</kw>
<status status="PASS" starttime="20240320 20:13:09.870" endtime="20240320 20:13:10.053"/>
</kw>
<kw name="User is logged input" library="Accounts">
<arg>sac@smartbit.com</arg>
<kw name="Set Variable" library="BuiltIn">
<var>${element}</var>
<arg>css=.logged-user</arg>
<doc>Returns the given values which can then be assigned to a variables.</doc>
<msg timestamp="20240320 20:13:10.054" level="INFO">${element} = css=.logged-user</msg>
<status status="PASS" starttime="20240320 20:13:10.054" endtime="20240320 20:13:10.054"/>
</kw>
<kw name="Wait For Elements State" library="Browser">
<arg>${element}</arg>
<arg>visible</arg>
<arg>5</arg>
<tag>PageContent</tag>
<tag>Wait</tag>
<doc>Waits for the element found by ``selector`` to satisfy state option.</doc>
<msg timestamp="20240320 20:13:11.434" level="INFO">Waited for Element with selector css=.logged-user at state visible</msg>
<status status="PASS" starttime="20240320 20:13:10.054" endtime="20240320 20:13:11.434"/>
</kw>
<kw name="Get Text" library="Browser">
<arg>${element}</arg>
<arg>equal</arg>
<arg>${email}</arg>
<tag>Assertion</tag>
<tag>Getter</tag>
<tag>PageContent</tag>
<doc>Returns text attribute of the element found by ``selector``.</doc>
<msg timestamp="20240320 20:13:11.482" level="INFO">Text: 'sac@smartbit.com'</msg>
<status status="PASS" starttime="20240320 20:13:11.435" endtime="20240320 20:13:11.482"/>
</kw>
<kw name="Take Screenshot" library="Browser">
<arg>selector=${element}</arg>
<tag>PageContent</tag>
<doc>Takes a screenshot of the current window or element and saves it to disk.</doc>
<msg timestamp="20240320 20:13:11.552" level="INFO" html="true">&lt;/td&gt;&lt;/tr&gt;&lt;tr&gt;&lt;td colspan="3"&gt;&lt;a href="browser/screenshot/robotframework-browser-screenshot-1.png" target="_blank"&gt;&lt;img src="browser/screenshot/robotframework-browser-screenshot-1.png" width="800px"/&gt;&lt;/a&gt;</msg>
<status status="PASS" starttime="20240320 20:13:11.483" endtime="20240320 20:13:11.552"/>
</kw>
<status status="PASS" starttime="20240320 20:13:10.054" endtime="20240320 20:13:11.552"/>
</kw>
<kw name="Take Screenshot" library="Browser" type="TEARDOWN">
<tag>PageContent</tag>
<doc>Takes a screenshot of the current window or element and saves it to disk.</doc>
<msg timestamp="20240320 20:13:11.597" level="INFO" html="true">&lt;/td&gt;&lt;/tr&gt;&lt;tr&gt;&lt;td colspan="3"&gt;&lt;a href="browser/screenshot/robotframework-browser-screenshot-2.png" target="_blank"&gt;&lt;img src="browser/screenshot/robotframework-browser-screenshot-2.png" width="800px"/&gt;&lt;/a&gt;</msg>
<status status="PASS" starttime="20240320 20:13:11.553" endtime="20240320 20:13:11.597"/>
</kw>
<status status="PASS" starttime="20240320 20:13:01.414" endtime="20240320 20:13:11.598"/>
</test>
<test id="s1-s1-t2" name="Não deve logar com senha incorreta" line="16">
<kw name="Start session" library="Base" type="SETUP">
<kw name="New Browser" library="Browser">
<arg>browser=firefox</arg>
<arg>headless=true</arg>
<tag>BrowserControl</tag>
<tag>Setter</tag>
<doc>Create a new playwright Browser with specified options.</doc>
<msg timestamp="20240320 20:13:11.659" level="INFO">Switching browser to browser=33e6a401-f3eb-4524-8e06-638e690c67a8</msg>
<msg timestamp="20240320 20:13:11.661" level="INFO">Successfully changed active browser: browser=33e6a401-f3eb-4524-8e06-638e690c67a8</msg>
<msg timestamp="20240320 20:13:11.661" level="INFO">Reusing existing browser with id: browser=33e6a401-f3eb-4524-8e06-638e690c67a8</msg>
<status status="PASS" starttime="20240320 20:13:11.659" endtime="20240320 20:13:11.661"/>
</kw>
<kw name="New Page" library="Browser">
<arg>${BASE_URL}</arg>
<tag>BrowserControl</tag>
<tag>Setter</tag>
<doc>Open a new Page.</doc>
<msg timestamp="20240320 20:13:12.371" level="INFO">Successfully initialized new page object and opened url: http://localhost:3000</msg>
<msg timestamp="20240320 20:13:12.371" level="INFO">No context was open. New context was automatically opened when this page is created.</msg>
<status status="PASS" starttime="20240320 20:13:11.661" endtime="20240320 20:13:12.371"/>
</kw>
<status status="PASS" starttime="20240320 20:13:11.658" endtime="20240320 20:13:12.371"/>
</kw>
<kw name="Go to login Page" library="Login">
<kw name="Go To" library="Browser">
<arg>${BASE_URL}/login</arg>
<tag>BrowserControl</tag>
<tag>Setter</tag>
<doc>Navigates to the given ``url``.</doc>
<msg timestamp="20240320 20:13:12.599" level="INFO">Successfully opened URL http://localhost:3000/login</msg>
<status status="PASS" starttime="20240320 20:13:12.383" endtime="20240320 20:13:12.599"/>
</kw>
<status status="PASS" starttime="20240320 20:13:12.383" endtime="20240320 20:13:12.599"/>
</kw>
<kw name="Submit login form" library="Login">
<arg>sac@smartbit.com</arg>
<arg>pwd@987</arg>
<kw name="Fill Text" library="Browser">
<arg>css=input[name=email]</arg>
<arg>${email}</arg>
<tag>PageContent</tag>
<tag>Setter</tag>
<doc>Clears and fills the given ``txt`` into the text field found by ``selector``.</doc>
<msg timestamp="20240320 20:13:12.601" level="INFO">Fills the text 'sac@smartbit.com' in the given field.</msg>
<status status="PASS" starttime="20240320 20:13:12.600" endtime="20240320 20:13:12.662"/>
</kw>
<kw name="Fill Text" library="Browser">
<arg>css=input[name=password]</arg>
<arg>${password}</arg>
<tag>PageContent</tag>
<tag>Setter</tag>
<doc>Clears and fills the given ``txt`` into the text field found by ``selector``.</doc>
<msg timestamp="20240320 20:13:12.663" level="INFO">Fills the text 'pwd@987' in the given field.</msg>
<status status="PASS" starttime="20240320 20:13:12.662" endtime="20240320 20:13:12.684"/>
</kw>
<kw name="Click" library="Browser">
<arg>css=button &gt;&gt; text=Entrar</arg>
<tag>PageContent</tag>
<tag>Setter</tag>
<doc>Simulates mouse click on the element found by ``selector``.</doc>
<status status="PASS" starttime="20240320 20:13:12.684" endtime="20240320 20:13:12.761"/>
</kw>
<status status="PASS" starttime="20240320 20:13:12.600" endtime="20240320 20:13:12.761"/>
</kw>
<kw name="Toast should be" library="Toast">
<arg>As credenciais de acesso fornecidas são inválidas. Tente novamente!</arg>
<kw name="Set Variable" library="BuiltIn">
<var>${selector}</var>
<arg>.Toastify__toast-body</arg>
<doc>Returns the given values which can then be assigned to a variables.</doc>
<msg timestamp="20240320 20:13:12.762" level="INFO">${selector} = .Toastify__toast-body</msg>
<status status="PASS" starttime="20240320 20:13:12.762" endtime="20240320 20:13:12.762"/>
</kw>
<kw name="Wait For Elements State" library="Browser">
<arg>css=${selector}</arg>
<arg>visible</arg>
<arg>5</arg>
<tag>PageContent</tag>
<tag>Wait</tag>
<doc>Waits for the element found by ``selector`` to satisfy state option.</doc>
<msg timestamp="20240320 20:13:14.145" level="INFO">Waited for Element with selector css=.Toastify__toast-body at state visible</msg>
<status status="PASS" starttime="20240320 20:13:12.763" endtime="20240320 20:13:14.146"/>
</kw>
<kw name="Get Text" library="Browser">
<arg>css=${selector}</arg>
<arg>equal</arg>
<arg>${expected_text}</arg>
<tag>Assertion</tag>
<tag>Getter</tag>
<tag>PageContent</tag>
<doc>Returns text attribute of the element found by ``selector``.</doc>
<msg timestamp="20240320 20:13:14.210" level="INFO">Text: 'As credenciais de acesso fornecidas são inválidas. Tente novamente!'</msg>
<status status="PASS" starttime="20240320 20:13:14.146" endtime="20240320 20:13:14.210"/>
</kw>
<kw name="Take Screenshot" library="Browser">
<arg>selector=${selector}</arg>
<tag>PageContent</tag>
<doc>Takes a screenshot of the current window or element and saves it to disk.</doc>
<msg timestamp="20240320 20:13:14.590" level="INFO" html="true">&lt;/td&gt;&lt;/tr&gt;&lt;tr&gt;&lt;td colspan="3"&gt;&lt;a href="browser/screenshot/robotframework-browser-screenshot-3.png" target="_blank"&gt;&lt;img src="browser/screenshot/robotframework-browser-screenshot-3.png" width="800px"/&gt;&lt;/a&gt;</msg>
<status status="PASS" starttime="20240320 20:13:14.210" endtime="20240320 20:13:14.591"/>
</kw>
<status status="PASS" starttime="20240320 20:13:12.761" endtime="20240320 20:13:14.591"/>
</kw>
<kw name="Take Screenshot" library="Browser" type="TEARDOWN">
<tag>PageContent</tag>
<doc>Takes a screenshot of the current window or element and saves it to disk.</doc>
<msg timestamp="20240320 20:13:14.630" level="INFO" html="true">&lt;/td&gt;&lt;/tr&gt;&lt;tr&gt;&lt;td colspan="3"&gt;&lt;a href="browser/screenshot/robotframework-browser-screenshot-4.png" target="_blank"&gt;&lt;img src="browser/screenshot/robotframework-browser-screenshot-4.png" width="800px"/&gt;&lt;/a&gt;</msg>
<status status="PASS" starttime="20240320 20:13:14.591" endtime="20240320 20:13:14.630"/>
</kw>
<tag>inv_pass</tag>
<status status="PASS" starttime="20240320 20:13:11.655" endtime="20240320 20:13:14.631"/>
</test>
<test id="s1-s1-t3" name="Não deve logar com email não cadastrado" line="22">
<kw name="Start session" library="Base" type="SETUP">
<kw name="New Browser" library="Browser">
<arg>browser=firefox</arg>
<arg>headless=true</arg>
<tag>BrowserControl</tag>
<tag>Setter</tag>
<doc>Create a new playwright Browser with specified options.</doc>
<msg timestamp="20240320 20:13:14.680" level="INFO">Switching browser to browser=33e6a401-f3eb-4524-8e06-638e690c67a8</msg>
<msg timestamp="20240320 20:13:14.682" level="INFO">Successfully changed active browser: browser=33e6a401-f3eb-4524-8e06-638e690c67a8</msg>
<msg timestamp="20240320 20:13:14.682" level="INFO">Reusing existing browser with id: browser=33e6a401-f3eb-4524-8e06-638e690c67a8</msg>
<status status="PASS" starttime="20240320 20:13:14.680" endtime="20240320 20:13:14.682"/>
</kw>
<kw name="New Page" library="Browser">
<arg>${BASE_URL}</arg>
<tag>BrowserControl</tag>
<tag>Setter</tag>
<doc>Open a new Page.</doc>
<msg timestamp="20240320 20:13:15.408" level="INFO">Successfully initialized new page object and opened url: http://localhost:3000</msg>
<msg timestamp="20240320 20:13:15.408" level="INFO">No context was open. New context was automatically opened when this page is created.</msg>
<status status="PASS" starttime="20240320 20:13:14.682" endtime="20240320 20:13:15.408"/>
</kw>
<status status="PASS" starttime="20240320 20:13:14.679" endtime="20240320 20:13:15.408"/>
</kw>
<kw name="Go to login Page" library="Login">
<kw name="Go To" library="Browser">
<arg>${BASE_URL}/login</arg>
<tag>BrowserControl</tag>
<tag>Setter</tag>
<doc>Navigates to the given ``url``.</doc>
<msg timestamp="20240320 20:13:15.627" level="INFO">Successfully opened URL http://localhost:3000/login</msg>
<status status="PASS" starttime="20240320 20:13:15.412" endtime="20240320 20:13:15.627"/>
</kw>
<status status="PASS" starttime="20240320 20:13:15.411" endtime="20240320 20:13:15.627"/>
</kw>
<kw name="Submit login form" library="Login">
<arg>404@smartbit.com</arg>
<arg>pwd@987</arg>
<kw name="Fill Text" library="Browser">
<arg>css=input[name=email]</arg>
<arg>${email}</arg>
<tag>PageContent</tag>
<tag>Setter</tag>
<doc>Clears and fills the given ``txt`` into the text field found by ``selector``.</doc>
<msg timestamp="20240320 20:13:15.628" level="INFO">Fills the text '404@smartbit.com' in the given field.</msg>
<status status="PASS" starttime="20240320 20:13:15.628" endtime="20240320 20:13:15.697"/>
</kw>
<kw name="Fill Text" library="Browser">
<arg>css=input[name=password]</arg>
<arg>${password}</arg>
<tag>PageContent</tag>
<tag>Setter</tag>
<doc>Clears and fills the given ``txt`` into the text field found by ``selector``.</doc>
<msg timestamp="20240320 20:13:15.698" level="INFO">Fills the text 'pwd@987' in the given field.</msg>
<status status="PASS" starttime="20240320 20:13:15.698" endtime="20240320 20:13:15.723"/>
</kw>
<kw name="Click" library="Browser">
<arg>css=button &gt;&gt; text=Entrar</arg>
<tag>PageContent</tag>
<tag>Setter</tag>
<doc>Simulates mouse click on the element found by ``selector``.</doc>
<status status="PASS" starttime="20240320 20:13:15.724" endtime="20240320 20:13:15.808"/>
</kw>
<status status="PASS" starttime="20240320 20:13:15.628" endtime="20240320 20:13:15.808"/>
</kw>
<kw name="Toast should be" library="Toast">
<arg>As credenciais de acesso fornecidas são inválidas. Tente novamente!</arg>
<kw name="Set Variable" library="BuiltIn">
<var>${selector}</var>
<arg>.Toastify__toast-body</arg>
<doc>Returns the given values which can then be assigned to a variables.</doc>
<msg timestamp="20240320 20:13:15.810" level="INFO">${selector} = .Toastify__toast-body</msg>
<status status="PASS" starttime="20240320 20:13:15.810" endtime="20240320 20:13:15.810"/>
</kw>
<kw name="Wait For Elements State" library="Browser">
<arg>css=${selector}</arg>
<arg>visible</arg>
<arg>5</arg>
<tag>PageContent</tag>
<tag>Wait</tag>
<doc>Waits for the element found by ``selector`` to satisfy state option.</doc>
<msg timestamp="20240320 20:13:17.163" level="INFO">Waited for Element with selector css=.Toastify__toast-body at state visible</msg>
<status status="PASS" starttime="20240320 20:13:15.810" endtime="20240320 20:13:17.163"/>
</kw>
<kw name="Get Text" library="Browser">
<arg>css=${selector}</arg>
<arg>equal</arg>
<arg>${expected_text}</arg>
<tag>Assertion</tag>
<tag>Getter</tag>
<tag>PageContent</tag>
<doc>Returns text attribute of the element found by ``selector``.</doc>
<msg timestamp="20240320 20:13:17.211" level="INFO">Text: 'As credenciais de acesso fornecidas são inválidas. Tente novamente!'</msg>
<status status="PASS" starttime="20240320 20:13:17.163" endtime="20240320 20:13:17.211"/>
</kw>
<kw name="Take Screenshot" library="Browser">
<arg>selector=${selector}</arg>
<tag>PageContent</tag>
<doc>Takes a screenshot of the current window or element and saves it to disk.</doc>
<msg timestamp="20240320 20:13:17.596" level="INFO" html="true">&lt;/td&gt;&lt;/tr&gt;&lt;tr&gt;&lt;td colspan="3"&gt;&lt;a href="browser/screenshot/robotframework-browser-screenshot-5.png" target="_blank"&gt;&lt;img src="browser/screenshot/robotframework-browser-screenshot-5.png" width="800px"/&gt;&lt;/a&gt;</msg>
<status status="PASS" starttime="20240320 20:13:17.211" endtime="20240320 20:13:17.596"/>
</kw>
<status status="PASS" starttime="20240320 20:13:15.809" endtime="20240320 20:13:17.596"/>
</kw>
<kw name="Take Screenshot" library="Browser" type="TEARDOWN">
<tag>PageContent</tag>
<doc>Takes a screenshot of the current window or element and saves it to disk.</doc>
<msg timestamp="20240320 20:13:17.641" level="INFO" html="true">&lt;/td&gt;&lt;/tr&gt;&lt;tr&gt;&lt;td colspan="3"&gt;&lt;a href="browser/screenshot/robotframework-browser-screenshot-6.png" target="_blank"&gt;&lt;img src="browser/screenshot/robotframework-browser-screenshot-6.png" width="800px"/&gt;&lt;/a&gt;</msg>
<status status="PASS" starttime="20240320 20:13:17.597" endtime="20240320 20:13:17.641"/>
</kw>
<tag>inv_email</tag>
<status status="PASS" starttime="20240320 20:13:14.676" endtime="20240320 20:13:17.641"/>
</test>
<test id="s1-s1-t4" name="Tentativa de login com dados incorretos" line="28">
<kw name="Start session" library="Base" type="SETUP">
<kw name="New Browser" library="Browser">
<arg>browser=firefox</arg>
<arg>headless=true</arg>
<tag>BrowserControl</tag>
<tag>Setter</tag>
<doc>Create a new playwright Browser with specified options.</doc>
<msg timestamp="20240320 20:13:17.692" level="INFO">Switching browser to browser=33e6a401-f3eb-4524-8e06-638e690c67a8</msg>
<msg timestamp="20240320 20:13:17.694" level="INFO">Successfully changed active browser: browser=33e6a401-f3eb-4524-8e06-638e690c67a8</msg>
<msg timestamp="20240320 20:13:17.694" level="INFO">Reusing existing browser with id: browser=33e6a401-f3eb-4524-8e06-638e690c67a8</msg>
<status status="PASS" starttime="20240320 20:13:17.691" endtime="20240320 20:13:17.694"/>
</kw>
<kw name="New Page" library="Browser">
<arg>${BASE_URL}</arg>
<tag>BrowserControl</tag>
<tag>Setter</tag>
<doc>Open a new Page.</doc>
<msg timestamp="20240320 20:13:18.385" level="INFO">Successfully initialized new page object and opened url: http://localhost:3000</msg>
<msg timestamp="20240320 20:13:18.385" level="INFO">No context was open. New context was automatically opened when this page is created.</msg>
<status status="PASS" starttime="20240320 20:13:17.694" endtime="20240320 20:13:18.386"/>
</kw>
<status status="PASS" starttime="20240320 20:13:17.691" endtime="20240320 20:13:18.386"/>
</kw>
<kw name="Login with verify notice">
<arg>${EMPTY}</arg>
<arg>${EMPTY}</arg>
<arg>Os campos email e senha são obrigatórios.</arg>
<kw name="Go to login Page" library="Login">
<kw name="Go To" library="Browser">
<arg>${BASE_URL}/login</arg>
<tag>BrowserControl</tag>
<tag>Setter</tag>
<doc>Navigates to the given ``url``.</doc>
<msg timestamp="20240320 20:13:18.621" level="INFO">Successfully opened URL http://localhost:3000/login</msg>
<status status="PASS" starttime="20240320 20:13:18.390" endtime="20240320 20:13:18.622"/>
</kw>
<status status="PASS" starttime="20240320 20:13:18.389" endtime="20240320 20:13:18.622"/>
</kw>
<kw name="Submit login form" library="Login">
<arg>${email}</arg>
<arg>${password}</arg>
<kw name="Fill Text" library="Browser">
<arg>css=input[name=email]</arg>
<arg>${email}</arg>
<tag>PageContent</tag>
<tag>Setter</tag>
<doc>Clears and fills the given ``txt`` into the text field found by ``selector``.</doc>
<msg timestamp="20240320 20:13:18.623" level="INFO">Fills the text '' in the given field.</msg>
<status status="PASS" starttime="20240320 20:13:18.622" endtime="20240320 20:13:18.688"/>
</kw>
<kw name="Fill Text" library="Browser">
<arg>css=input[name=password]</arg>
<arg>${password}</arg>
<tag>PageContent</tag>
<tag>Setter</tag>
<doc>Clears and fills the given ``txt`` into the text field found by ``selector``.</doc>
<msg timestamp="20240320 20:13:18.688" level="INFO">Fills the text '' in the given field.</msg>
<status status="PASS" starttime="20240320 20:13:18.688" endtime="20240320 20:13:18.711"/>
</kw>
<kw name="Click" library="Browser">
<arg>css=button &gt;&gt; text=Entrar</arg>
<tag>PageContent</tag>
<tag>Setter</tag>
<doc>Simulates mouse click on the element found by ``selector``.</doc>
<status status="PASS" starttime="20240320 20:13:18.711" endtime="20240320 20:13:18.775"/>
</kw>
<status status="PASS" starttime="20240320 20:13:18.622" endtime="20240320 20:13:18.775"/>
</kw>
<kw name="Notice should be" library="BoxNotice">
<arg>${output_message}</arg>
<kw name="Set Variable" library="BuiltIn">
<var>${element}</var>
<arg>css=form .notice</arg>
<doc>Returns the given values which can then be assigned to a variables.</doc>
<msg timestamp="20240320 20:13:18.776" level="INFO">${element} = css=form .notice</msg>
<status status="PASS" starttime="20240320 20:13:18.776" endtime="20240320 20:13:18.776"/>
</kw>
<kw name="Wait For Elements State" library="Browser">
<arg>${element}</arg>
<arg>visible</arg>
<arg>5</arg>
<tag>PageContent</tag>
<tag>Wait</tag>
<doc>Waits for the element found by ``selector`` to satisfy state option.</doc>
<msg timestamp="20240320 20:13:19.123" level="INFO">Waited for Element with selector css=form .notice at state visible</msg>
<status status="PASS" starttime="20240320 20:13:18.776" endtime="20240320 20:13:19.123"/>
</kw>
<kw name="Get Text" library="Browser">
<arg>${element}</arg>
<arg>equal</arg>
<arg>${target}</arg>
<tag>Assertion</tag>
<tag>Getter</tag>
<tag>PageContent</tag>
<doc>Returns text attribute of the element found by ``selector``.</doc>
<msg timestamp="20240320 20:13:19.173" level="INFO">Text: 'Os campos email e senha são obrigatórios.'</msg>
<status status="PASS" starttime="20240320 20:13:19.123" endtime="20240320 20:13:19.173"/>
</kw>
<kw name="Take Screenshot" library="Browser">
<arg>selector=form .notice</arg>
<tag>PageContent</tag>
<doc>Takes a screenshot of the current window or element and saves it to disk.</doc>
<msg timestamp="20240320 20:13:19.244" level="INFO" html="true">&lt;/td&gt;&lt;/tr&gt;&lt;tr&gt;&lt;td colspan="3"&gt;&lt;a href="browser/screenshot/robotframework-browser-screenshot-7.png" target="_blank"&gt;&lt;img src="browser/screenshot/robotframework-browser-screenshot-7.png" width="800px"/&gt;&lt;/a&gt;</msg>
<status status="PASS" starttime="20240320 20:13:19.173" endtime="20240320 20:13:19.244"/>
</kw>
<status status="PASS" starttime="20240320 20:13:18.775" endtime="20240320 20:13:19.245"/>
</kw>
<status status="PASS" starttime="20240320 20:13:18.388" endtime="20240320 20:13:19.245"/>
</kw>
<kw name="Login with verify notice">
<arg>${EMPTY}</arg>
<arg>pwd123</arg>
<arg>Os campos email e senha são obrigatórios.</arg>
<kw name="Go to login Page" library="Login">
<kw name="Go To" library="Browser">
<arg>${BASE_URL}/login</arg>
<tag>BrowserControl</tag>
<tag>Setter</tag>
<doc>Navigates to the given ``url``.</doc>
<msg timestamp="20240320 20:13:19.437" level="INFO">Successfully opened URL http://localhost:3000/login</msg>
<status status="PASS" starttime="20240320 20:13:19.247" endtime="20240320 20:13:19.437"/>
</kw>
<status status="PASS" starttime="20240320 20:13:19.247" endtime="20240320 20:13:19.438"/>
</kw>
<kw name="Submit login form" library="Login">
<arg>${email}</arg>
<arg>${password}</arg>
<kw name="Fill Text" library="Browser">
<arg>css=input[name=email]</arg>
<arg>${email}</arg>
<tag>PageContent</tag>
<tag>Setter</tag>
<doc>Clears and fills the given ``txt`` into the text field found by ``selector``.</doc>
<msg timestamp="20240320 20:13:19.439" level="INFO">Fills the text '' in the given field.</msg>
<status status="PASS" starttime="20240320 20:13:19.439" endtime="20240320 20:13:19.499"/>
</kw>
<kw name="Fill Text" library="Browser">
<arg>css=input[name=password]</arg>
<arg>${password}</arg>
<tag>PageContent</tag>
<tag>Setter</tag>
<doc>Clears and fills the given ``txt`` into the text field found by ``selector``.</doc>
<msg timestamp="20240320 20:13:19.499" level="INFO">Fills the text 'pwd123' in the given field.</msg>
<status status="PASS" starttime="20240320 20:13:19.499" endtime="20240320 20:13:19.521"/>
</kw>
<kw name="Click" library="Browser">
<arg>css=button &gt;&gt; text=Entrar</arg>
<tag>PageContent</tag>
<tag>Setter</tag>
<doc>Simulates mouse click on the element found by ``selector``.</doc>
<status status="PASS" starttime="20240320 20:13:19.521" endtime="20240320 20:13:19.603"/>
</kw>
<status status="PASS" starttime="20240320 20:13:19.438" endtime="20240320 20:13:19.604"/>
</kw>
<kw name="Notice should be" library="BoxNotice">
<arg>${output_message}</arg>
<kw name="Set Variable" library="BuiltIn">
<var>${element}</var>
<arg>css=form .notice</arg>
<doc>Returns the given values which can then be assigned to a variables.</doc>
<msg timestamp="20240320 20:13:19.605" level="INFO">${element} = css=form .notice</msg>
<status status="PASS" starttime="20240320 20:13:19.604" endtime="20240320 20:13:19.605"/>
</kw>
<kw name="Wait For Elements State" library="Browser">
<arg>${element}</arg>
<arg>visible</arg>
<arg>5</arg>
<tag>PageContent</tag>
<tag>Wait</tag>
<doc>Waits for the element found by ``selector`` to satisfy state option.</doc>
<msg timestamp="20240320 20:13:19.995" level="INFO">Waited for Element with selector css=form .notice at state visible</msg>
<status status="PASS" starttime="20240320 20:13:19.605" endtime="20240320 20:13:19.995"/>
</kw>
<kw name="Get Text" library="Browser">
<arg>${element}</arg>
<arg>equal</arg>
<arg>${target}</arg>
<tag>Assertion</tag>
<tag>Getter</tag>
<tag>PageContent</tag>
<doc>Returns text attribute of the element found by ``selector``.</doc>
<msg timestamp="20240320 20:13:20.046" level="INFO">Text: 'Os campos email e senha são obrigatórios.'</msg>
<status status="PASS" starttime="20240320 20:13:19.995" endtime="20240320 20:13:20.046"/>
</kw>
<kw name="Take Screenshot" library="Browser">
<arg>selector=form .notice</arg>
<tag>PageContent</tag>
<doc>Takes a screenshot of the current window or element and saves it to disk.</doc>
<msg timestamp="20240320 20:13:20.113" level="INFO" html="true">&lt;/td&gt;&lt;/tr&gt;&lt;tr&gt;&lt;td colspan="3"&gt;&lt;a href="browser/screenshot/robotframework-browser-screenshot-8.png" target="_blank"&gt;&lt;img src="browser/screenshot/robotframework-browser-screenshot-8.png" width="800px"/&gt;&lt;/a&gt;</msg>
<status status="PASS" starttime="20240320 20:13:20.047" endtime="20240320 20:13:20.113"/>
</kw>
<status status="PASS" starttime="20240320 20:13:19.604" endtime="20240320 20:13:20.113"/>
</kw>
<status status="PASS" starttime="20240320 20:13:19.246" endtime="20240320 20:13:20.115"/>
</kw>
<kw name="Login with verify notice">
<arg>sac@smartbit.com</arg>
<arg>${EMPTY}</arg>
<arg>Os campos email e senha são obrigatórios.</arg>
<kw name="Go to login Page" library="Login">
<kw name="Go To" library="Browser">
<arg>${BASE_URL}/login</arg>
<tag>BrowserControl</tag>
<tag>Setter</tag>
<doc>Navigates to the given ``url``.</doc>
<msg timestamp="20240320 20:13:20.297" level="INFO">Successfully opened URL http://localhost:3000/login</msg>
<status status="PASS" starttime="20240320 20:13:20.116" endtime="20240320 20:13:20.297"/>
</kw>
<status status="PASS" starttime="20240320 20:13:20.116" endtime="20240320 20:13:20.298"/>
</kw>
<kw name="Submit login form" library="Login">
<arg>${email}</arg>
<arg>${password}</arg>
<kw name="Fill Text" library="Browser">
<arg>css=input[name=email]</arg>
<arg>${email}</arg>
<tag>PageContent</tag>
<tag>Setter</tag>
<doc>Clears and fills the given ``txt`` into the text field found by ``selector``.</doc>
<msg timestamp="20240320 20:13:20.298" level="INFO">Fills the text 'sac@smartbit.com' in the given field.</msg>
<status status="PASS" starttime="20240320 20:13:20.298" endtime="20240320 20:13:20.356"/>
</kw>
<kw name="Fill Text" library="Browser">
<arg>css=input[name=password]</arg>
<arg>${password}</arg>
<tag>PageContent</tag>
<tag>Setter</tag>
<doc>Clears and fills the given ``txt`` into the text field found by ``selector``.</doc>
<msg timestamp="20240320 20:13:20.356" level="INFO">Fills the text '' in the given field.</msg>
<status status="PASS" starttime="20240320 20:13:20.356" endtime="20240320 20:13:20.382"/>
</kw>
<kw name="Click" library="Browser">
<arg>css=button &gt;&gt; text=Entrar</arg>
<tag>PageContent</tag>
<tag>Setter</tag>
<doc>Simulates mouse click on the element found by ``selector``.</doc>
<status status="PASS" starttime="20240320 20:13:20.382" endtime="20240320 20:13:20.450"/>
</kw>
<status status="PASS" starttime="20240320 20:13:20.298" endtime="20240320 20:13:20.450"/>
</kw>
<kw name="Notice should be" library="BoxNotice">
<arg>${output_message}</arg>
<kw name="Set Variable" library="BuiltIn">
<var>${element}</var>
<arg>css=form .notice</arg>
<doc>Returns the given values which can then be assigned to a variables.</doc>
<msg timestamp="20240320 20:13:20.451" level="INFO">${element} = css=form .notice</msg>
<status status="PASS" starttime="20240320 20:13:20.451" endtime="20240320 20:13:20.451"/>
</kw>
<kw name="Wait For Elements State" library="Browser">
<arg>${element}</arg>
<arg>visible</arg>
<arg>5</arg>
<tag>PageContent</tag>
<tag>Wait</tag>
<doc>Waits for the element found by ``selector`` to satisfy state option.</doc>
<msg timestamp="20240320 20:13:20.794" level="INFO">Waited for Element with selector css=form .notice at state visible</msg>
<status status="PASS" starttime="20240320 20:13:20.451" endtime="20240320 20:13:20.794"/>
</kw>
<kw name="Get Text" library="Browser">
<arg>${element}</arg>
<arg>equal</arg>
<arg>${target}</arg>
<tag>Assertion</tag>
<tag>Getter</tag>
<tag>PageContent</tag>
<doc>Returns text attribute of the element found by ``selector``.</doc>
<msg timestamp="20240320 20:13:20.836" level="INFO">Text: 'Os campos email e senha são obrigatórios.'</msg>
<status status="PASS" starttime="20240320 20:13:20.795" endtime="20240320 20:13:20.836"/>
</kw>
<kw name="Take Screenshot" library="Browser">
<arg>selector=form .notice</arg>
<tag>PageContent</tag>
<doc>Takes a screenshot of the current window or element and saves it to disk.</doc>
<msg timestamp="20240320 20:13:20.901" level="INFO" html="true">&lt;/td&gt;&lt;/tr&gt;&lt;tr&gt;&lt;td colspan="3"&gt;&lt;a href="browser/screenshot/robotframework-browser-screenshot-9.png" target="_blank"&gt;&lt;img src="browser/screenshot/robotframework-browser-screenshot-9.png" width="800px"/&gt;&lt;/a&gt;</msg>
<status status="PASS" starttime="20240320 20:13:20.836" endtime="20240320 20:13:20.901"/>
</kw>
<status status="PASS" starttime="20240320 20:13:20.450" endtime="20240320 20:13:20.901"/>
</kw>
<status status="PASS" starttime="20240320 20:13:20.115" endtime="20240320 20:13:20.901"/>
</kw>
<kw name="Login with verify notice">
<arg>sac&amp;&amp;smartbit.com</arg>
<arg>pwd123</arg>
<arg>Oops! O email informado é inválido</arg>
<kw name="Go to login Page" library="Login">
<kw name="Go To" library="Browser">
<arg>${BASE_URL}/login</arg>
<tag>BrowserControl</tag>
<tag>Setter</tag>
<doc>Navigates to the given ``url``.</doc>
<msg timestamp="20240320 20:13:21.027" level="INFO">Successfully opened URL http://localhost:3000/login</msg>
<status status="PASS" starttime="20240320 20:13:20.902" endtime="20240320 20:13:21.027"/>
</kw>
<status status="PASS" starttime="20240320 20:13:20.902" endtime="20240320 20:13:21.027"/>
</kw>
<kw name="Submit login form" library="Login">
<arg>${email}</arg>
<arg>${password}</arg>
<kw name="Fill Text" library="Browser">
<arg>css=input[name=email]</arg>
<arg>${email}</arg>
<tag>PageContent</tag>
<tag>Setter</tag>
<doc>Clears and fills the given ``txt`` into the text field found by ``selector``.</doc>
<msg timestamp="20240320 20:13:21.028" level="INFO">Fills the text 'sac&amp;&amp;smartbit.com' in the given field.</msg>
<status status="PASS" starttime="20240320 20:13:21.027" endtime="20240320 20:13:21.089"/>
</kw>
<kw name="Fill Text" library="Browser">
<arg>css=input[name=password]</arg>
<arg>${password}</arg>
<tag>PageContent</tag>
<tag>Setter</tag>
<doc>Clears and fills the given ``txt`` into the text field found by ``selector``.</doc>
<msg timestamp="20240320 20:13:21.090" level="INFO">Fills the text 'pwd123' in the given field.</msg>
<status status="PASS" starttime="20240320 20:13:21.090" endtime="20240320 20:13:21.110"/>
</kw>
<kw name="Click" library="Browser">
<arg>css=button &gt;&gt; text=Entrar</arg>
<tag>PageContent</tag>
<tag>Setter</tag>
<doc>Simulates mouse click on the element found by ``selector``.</doc>
<status status="PASS" starttime="20240320 20:13:21.110" endtime="20240320 20:13:21.183"/>
</kw>
<status status="PASS" starttime="20240320 20:13:21.027" endtime="20240320 20:13:21.184"/>
</kw>
<kw name="Notice should be" library="BoxNotice">
<arg>${output_message}</arg>
<kw name="Set Variable" library="BuiltIn">
<var>${element}</var>
<arg>css=form .notice</arg>
<doc>Returns the given values which can then be assigned to a variables.</doc>
<msg timestamp="20240320 20:13:21.185" level="INFO">${element} = css=form .notice</msg>
<status status="PASS" starttime="20240320 20:13:21.184" endtime="20240320 20:13:21.185"/>
</kw>
<kw name="Wait For Elements State" library="Browser">
<arg>${element}</arg>
<arg>visible</arg>
<arg>5</arg>
<tag>PageContent</tag>
<tag>Wait</tag>
<doc>Waits for the element found by ``selector`` to satisfy state option.</doc>
<msg timestamp="20240320 20:13:21.524" level="INFO">Waited for Element with selector css=form .notice at state visible</msg>
<status status="PASS" starttime="20240320 20:13:21.185" endtime="20240320 20:13:21.525"/>
</kw>
<kw name="Get Text" library="Browser">
<arg>${element}</arg>
<arg>equal</arg>
<arg>${target}</arg>
<tag>Assertion</tag>
<tag>Getter</tag>
<tag>PageContent</tag>
<doc>Returns text attribute of the element found by ``selector``.</doc>
<msg timestamp="20240320 20:13:21.565" level="INFO">Text: 'Oops! O email informado é inválido'</msg>
<status status="PASS" starttime="20240320 20:13:21.525" endtime="20240320 20:13:21.565"/>
</kw>
<kw name="Take Screenshot" library="Browser">
<arg>selector=form .notice</arg>
<tag>PageContent</tag>
<doc>Takes a screenshot of the current window or element and saves it to disk.</doc>
<msg timestamp="20240320 20:13:21.633" level="INFO" html="true">&lt;/td&gt;&lt;/tr&gt;&lt;tr&gt;&lt;td colspan="3"&gt;&lt;a href="browser/screenshot/robotframework-browser-screenshot-10.png" target="_blank"&gt;&lt;img src="browser/screenshot/robotframework-browser-screenshot-10.png" width="800px"/&gt;&lt;/a&gt;</msg>
<status status="PASS" starttime="20240320 20:13:21.566" endtime="20240320 20:13:21.634"/>
</kw>
<status status="PASS" starttime="20240320 20:13:21.184" endtime="20240320 20:13:21.634"/>
</kw>
<status status="PASS" starttime="20240320 20:13:20.902" endtime="20240320 20:13:21.634"/>
</kw>
<kw name="Take Screenshot" library="Browser" type="TEARDOWN">
<tag>PageContent</tag>
<doc>Takes a screenshot of the current window or element and saves it to disk.</doc>
<msg timestamp="20240320 20:13:21.668" level="INFO" html="true">&lt;/td&gt;&lt;/tr&gt;&lt;tr&gt;&lt;td colspan="3"&gt;&lt;a href="browser/screenshot/robotframework-browser-screenshot-11.png" target="_blank"&gt;&lt;img src="browser/screenshot/robotframework-browser-screenshot-11.png" width="800px"/&gt;&lt;/a&gt;</msg>
<status status="PASS" starttime="20240320 20:13:21.634" endtime="20240320 20:13:21.669"/>
</kw>
<status status="PASS" starttime="20240320 20:13:17.688" endtime="20240320 20:13:21.669"/>
</test>
<doc>Cenários de testes do Login SAC</doc>
<status status="PASS" starttime="20240320 20:13:00.069" endtime="20240320 20:13:21.712"/>
</suite>
<suite id="s1-s2" name="Memberships" source="C:\QAx\projects\smartbit-robot\web\tests\memberships.robot">
<test id="s1-s2-t1" name="Deve poder realizar uma nova adesão" line="11">
<kw name="Start session" library="Base" type="SETUP">
<kw name="New Browser" library="Browser">
<arg>browser=firefox</arg>
<arg>headless=true</arg>
<tag>BrowserControl</tag>
<tag>Setter</tag>
<doc>Create a new playwright Browser with specified options.</doc>
<msg timestamp="20240320 20:13:21.746" level="INFO">Switching browser to browser=33e6a401-f3eb-4524-8e06-638e690c67a8</msg>
<msg timestamp="20240320 20:13:21.747" level="INFO">Successfully changed active browser: browser=33e6a401-f3eb-4524-8e06-638e690c67a8</msg>
<msg timestamp="20240320 20:13:21.748" level="INFO">Reusing existing browser with id: browser=33e6a401-f3eb-4524-8e06-638e690c67a8</msg>
<status status="PASS" starttime="20240320 20:13:21.746" endtime="20240320 20:13:21.748"/>
</kw>
<kw name="New Page" library="Browser">
<arg>${BASE_URL}</arg>
<tag>BrowserControl</tag>
<tag>Setter</tag>
<doc>Open a new Page.</doc>
<msg timestamp="20240320 20:13:22.456" level="INFO">Successfully initialized new page object and opened url: http://localhost:3000</msg>
<msg timestamp="20240320 20:13:22.456" level="INFO">No context was open. New context was automatically opened when this page is created.</msg>
<status status="PASS" starttime="20240320 20:13:21.748" endtime="20240320 20:13:22.456"/>
</kw>
<status status="PASS" starttime="20240320 20:13:21.745" endtime="20240320 20:13:22.456"/>
</kw>
<kw name="Get Json fixture" library="Base">
<var>${data}</var>
<arg>memberships</arg>
<arg>create</arg>
<kw name="Load Json From File" library="JSONLibrary">
<var>${data}</var>
<arg>${EXECDIR}/resources/fixtures/${file_name}.json</arg>
<arg>encoding=utf-8</arg>
<doc>Load JSON from file.</doc>
<msg timestamp="20240320 20:13:22.463" level="INFO">${data} = {'create': {'account': {'name': 'Wellington Rodrigues', 'email': 'WellingtonAvon@test.com', 'cpf': '35400747086'}, 'plan': {'name': 'Plano Black', 'id': '2', 'price': 79.99}, 'credit_card': {'number':...</msg>
<status status="PASS" starttime="20240320 20:13:22.462" endtime="20240320 20:13:22.463"/>
</kw>
<msg timestamp="20240320 20:13:22.463" level="INFO">${data} = {'account': {'name': 'Wellington Rodrigues', 'email': 'WellingtonAvon@test.com', 'cpf': '35400747086'}, 'plan': {'name': 'Plano Black', 'id': '2', 'price': 79.99}, 'credit_card': {'number': '424242424...</msg>
<status status="PASS" starttime="20240320 20:13:22.461" endtime="20240320 20:13:22.463"/>
</kw>
<kw name="Delete Account By Email" library="Database">
<arg>${data}[account][email]</arg>
<status status="PASS" starttime="20240320 20:13:22.464" endtime="20240320 20:13:22.550"/>
</kw>
<kw name="Insert Account" library="Database">
<arg>${data}[account]</arg>
<status status="PASS" starttime="20240320 20:13:22.553" endtime="20240320 20:13:22.603"/>
</kw>
<kw name="SignIn admin" library="Base">
<kw name="Go to login Page" library="Login">
<kw name="Go To" library="Browser">
<arg>${BASE_URL}/login</arg>
<tag>BrowserControl</tag>
<tag>Setter</tag>
<doc>Navigates to the given ``url``.</doc>
<msg timestamp="20240320 20:13:22.803" level="INFO">Successfully opened URL http://localhost:3000/login</msg>
<status status="PASS" starttime="20240320 20:13:22.605" endtime="20240320 20:13:22.804"/>
</kw>
<status status="PASS" starttime="20240320 20:13:22.605" endtime="20240320 20:13:22.804"/>
</kw>
<kw name="Submit login form" library="Login">
<arg>${ADMIN_EMAIL}</arg>
<arg>${ADMIN_PASS}</arg>
<kw name="Fill Text" library="Browser">
<arg>css=input[name=email]</arg>
<arg>${email}</arg>
<tag>PageContent</tag>
<tag>Setter</tag>
<doc>Clears and fills the given ``txt`` into the text field found by ``selector``.</doc>
<msg timestamp="20240320 20:13:22.805" level="INFO">Fills the text 'sac@smartbit.com' in the given field.</msg>
<status status="PASS" starttime="20240320 20:13:22.805" endtime="20240320 20:13:22.859"/>
</kw>
<kw name="Fill Text" library="Browser">
<arg>css=input[name=password]</arg>
<arg>${password}</arg>
<tag>PageContent</tag>
<tag>Setter</tag>
<doc>Clears and fills the given ``txt`` into the text field found by ``selector``.</doc>
<msg timestamp="20240320 20:13:22.860" level="INFO">Fills the text 'pwd123' in the given field.</msg>
<status status="PASS" starttime="20240320 20:13:22.860" endtime="20240320 20:13:22.882"/>
</kw>
<kw name="Click" library="Browser">
<arg>css=button &gt;&gt; text=Entrar</arg>
<tag>PageContent</tag>
<tag>Setter</tag>
<doc>Simulates mouse click on the element found by ``selector``.</doc>
<status status="PASS" starttime="20240320 20:13:22.883" endtime="20240320 20:13:22.962"/>
</kw>
<status status="PASS" starttime="20240320 20:13:22.804" endtime="20240320 20:13:22.962"/>
</kw>
<kw name="User is logged in" library="Navbar">
<arg>${ADMIN_EMAIL}</arg>
<kw name="Set Variable" library="BuiltIn">
<var>${element}</var>
<arg>css=.logged-user</arg>
<doc>Returns the given values which can then be assigned to a variables.</doc>
<msg timestamp="20240320 20:13:22.963" level="INFO">${element} = css=.logged-user</msg>
<status status="PASS" starttime="20240320 20:13:22.962" endtime="20240320 20:13:22.963"/>
</kw>
<kw name="Wait For Elements State" library="Browser">
<arg>${element}</arg>
<arg>visible</arg>
<arg>5</arg>
<tag>PageContent</tag>
<tag>Wait</tag>
<doc>Waits for the element found by ``selector`` to satisfy state option.</doc>
<msg timestamp="20240320 20:13:24.363" level="INFO">Waited for Element with selector css=.logged-user at state visible</msg>
<status status="PASS" starttime="20240320 20:13:22.963" endtime="20240320 20:13:24.364"/>
</kw>
<kw name="Get Text" library="Browser">
<arg>${element}</arg>
<arg>equal</arg>
<arg>${email}</arg>
<tag>Assertion</tag>
<tag>Getter</tag>
<tag>PageContent</tag>
<doc>Returns text attribute of the element found by ``selector``.</doc>
<msg timestamp="20240320 20:13:24.417" level="INFO">Text: 'sac@smartbit.com'</msg>
<status status="PASS" starttime="20240320 20:13:24.364" endtime="20240320 20:13:24.417"/>
</kw>
<status status="PASS" starttime="20240320 20:13:22.962" endtime="20240320 20:13:24.418"/>
</kw>
<status status="PASS" starttime="20240320 20:13:22.604" endtime="20240320 20:13:24.418"/>
</kw>
<kw name="Go to memberships" library="Navbar">
<kw name="Click" library="Browser">
<arg>css=a[href="/memberships"]</arg>
<tag>PageContent</tag>
<tag>Setter</tag>
<doc>Simulates mouse click on the element found by ``selector``.</doc>
<status status="PASS" starttime="20240320 20:13:24.418" endtime="20240320 20:13:24.481"/>
</kw>
<kw name="Wait For Elements State" library="Browser">
<arg>css=h1 &gt;&gt; text=Matrículas</arg>
<arg>visible</arg>
<arg>5</arg>
<tag>PageContent</tag>
<tag>Wait</tag>
<doc>Waits for the element found by ``selector`` to satisfy state option.</doc>
<msg timestamp="20240320 20:13:24.492" level="INFO">Waited for Element with selector css=h1 &gt;&gt; text=Matrículas at state visible</msg>
<status status="PASS" starttime="20240320 20:13:24.482" endtime="20240320 20:13:24.492"/>
</kw>
<status status="PASS" starttime="20240320 20:13:24.418" endtime="20240320 20:13:24.492"/>
</kw>
<kw name="Create new membership" library="Memberships">
<arg>${data}</arg>
<kw name="Go to memberships form" library="Memberships">
<kw name="Click" library="Browser">
<arg>css=a[href="/memberships/new"]</arg>
<tag>PageContent</tag>
<tag>Setter</tag>
<doc>Simulates mouse click on the element found by ``selector``.</doc>
<status status="PASS" starttime="20240320 20:13:24.494" endtime="20240320 20:13:24.612"/>
</kw>
<kw name="Wait For Elements State" library="Browser">
<arg>css=h1 &gt;&gt; text=Nova matrícula</arg>
<arg>visible</arg>
<arg>5</arg>
<tag>PageContent</tag>
<tag>Wait</tag>
<doc>Waits for the element found by ``selector`` to satisfy state option.</doc>
<msg timestamp="20240320 20:13:24.641" level="INFO">Waited for Element with selector css=h1 &gt;&gt; text=Nova matrícula at state visible</msg>
<status status="PASS" starttime="20240320 20:13:24.612" endtime="20240320 20:13:24.641"/>
</kw>
<status status="PASS" starttime="20240320 20:13:24.494" endtime="20240320 20:13:24.641"/>
</kw>
<kw name="Select account" library="Memberships">
<arg>${data}[account][name]</arg>
<arg>${data}[account][cpf]</arg>
<kw name="Fill Text" library="Browser">
<arg>css=input[aria-label=select_account]</arg>
<arg>${name}</arg>
<tag>PageContent</tag>
<tag>Setter</tag>
<doc>Clears and fills the given ``txt`` into the text field found by ``selector``.</doc>
<msg timestamp="20240320 20:13:24.642" level="INFO">Fills the text 'Wellington Rodrigues' in the given field.</msg>
<status status="PASS" starttime="20240320 20:13:24.642" endtime="20240320 20:13:24.679"/>
</kw>
<kw name="Click" library="Browser">
<arg>css=[data-testid="${cpf}"]</arg>
<tag>PageContent</tag>
<tag>Setter</tag>
<doc>Simulates mouse click on the element found by ``selector``.</doc>
<status status="PASS" starttime="20240320 20:13:24.679" endtime="20240320 20:13:24.761"/>
</kw>
<status status="PASS" starttime="20240320 20:13:24.641" endtime="20240320 20:13:24.761"/>
</kw>
<kw name="Select plan" library="Memberships">
<arg>${data}[plan][name]</arg>
<kw name="Fill Text" library="Browser">
<arg>css=input[aria-label=select_plan]</arg>
<arg>${plan_name}</arg>
<tag>PageContent</tag>
<tag>Setter</tag>
<doc>Clears and fills the given ``txt`` into the text field found by ``selector``.</doc>
<msg timestamp="20240320 20:13:24.762" level="INFO">Fills the text 'Plano Black' in the given field.</msg>
<status status="PASS" starttime="20240320 20:13:24.762" endtime="20240320 20:13:24.797"/>
</kw>
<kw name="Click" library="Browser">
<arg>css=div[class$=option] &gt;&gt; text=${plan_name}</arg>
<tag>PageContent</tag>
<tag>Setter</tag>
<doc>Simulates mouse click on the element found by ``selector``.</doc>
<status status="PASS" starttime="20240320 20:13:24.797" endtime="20240320 20:13:24.861"/>
</kw>
<status status="PASS" starttime="20240320 20:13:24.762" endtime="20240320 20:13:24.862"/>
</kw>
<kw name="Fill payment card" library="Memberships">
<arg>${data}[credit_card]</arg>
<kw name="Fill Text" library="Browser">
<arg>css=input[name=card_number]</arg>
<arg>${card}[number]</arg>
<tag>PageContent</tag>
<tag>Setter</tag>
<doc>Clears and fills the given ``txt`` into the text field found by ``selector``.</doc>
<msg timestamp="20240320 20:13:24.862" level="INFO">Fills the text '4242424242424242' in the given field.</msg>
<status status="PASS" starttime="20240320 20:13:24.862" endtime="20240320 20:13:24.886"/>
</kw>
<kw name="Fill Text" library="Browser">
<arg>css=input[name="card_holder"]</arg>
<arg>${card}[holder]</arg>
<tag>PageContent</tag>
<tag>Setter</tag>
<doc>Clears and fills the given ``txt`` into the text field found by ``selector``.</doc>
<msg timestamp="20240320 20:13:24.887" level="INFO">Fills the text 'Wellington Avon' in the given field.</msg>
<status status="PASS" starttime="20240320 20:13:24.887" endtime="20240320 20:13:24.908"/>
</kw>
<kw name="Fill Text" library="Browser">
<arg>css=input[name="card_month"]</arg>
<arg>${card}[month]</arg>
<tag>PageContent</tag>
<tag>Setter</tag>
<doc>Clears and fills the given ``txt`` into the text field found by ``selector``.</doc>
<msg timestamp="20240320 20:13:24.909" level="INFO">Fills the text '12' in the given field.</msg>
<status status="PASS" starttime="20240320 20:13:24.908" endtime="20240320 20:13:24.930"/>
</kw>
<kw name="Fill Text" library="Browser">
<arg>css=input[name="card_year"]</arg>
<arg>${card}[year]</arg>
<tag>PageContent</tag>
<tag>Setter</tag>
<doc>Clears and fills the given ``txt`` into the text field found by ``selector``.</doc>
<msg timestamp="20240320 20:13:24.931" level="INFO">Fills the text '2032' in the given field.</msg>
<status status="PASS" starttime="20240320 20:13:24.930" endtime="20240320 20:13:24.952"/>
</kw>
<kw name="Fill Text" library="Browser">
<arg>css=input[name="card_cvv"]</arg>
<arg>${card}[cvv]</arg>
<tag>PageContent</tag>
<tag>Setter</tag>
<doc>Clears and fills the given ``txt`` into the text field found by ``selector``.</doc>
<msg timestamp="20240320 20:13:24.953" level="INFO">Fills the text '123' in the given field.</msg>
<status status="PASS" starttime="20240320 20:13:24.952" endtime="20240320 20:13:24.975"/>
</kw>
<status status="PASS" starttime="20240320 20:13:24.862" endtime="20240320 20:13:24.975"/>
</kw>
<kw name="Click" library="Browser">
<arg>css=button[type=submit] &gt;&gt; text=Cadastrar</arg>
<tag>PageContent</tag>
<tag>Setter</tag>
<doc>Simulates mouse click on the element found by ``selector``.</doc>
<status status="PASS" starttime="20240320 20:13:24.975" endtime="20240320 20:13:25.058"/>
</kw>
<status status="PASS" starttime="20240320 20:13:24.493" endtime="20240320 20:13:25.059"/>
</kw>
<kw name="Toast should be" library="Toast">
<arg>Matrícula cadastrada com sucesso.</arg>
<kw name="Set Variable" library="BuiltIn">
<var>${selector}</var>
<arg>.Toastify__toast-body</arg>
<doc>Returns the given values which can then be assigned to a variables.</doc>
<msg timestamp="20240320 20:13:25.060" level="INFO">${selector} = .Toastify__toast-body</msg>
<status status="PASS" starttime="20240320 20:13:25.060" endtime="20240320 20:13:25.060"/>
</kw>
<kw name="Wait For Elements State" library="Browser">
<arg>css=${selector}</arg>
<arg>visible</arg>
<arg>5</arg>
<tag>PageContent</tag>
<tag>Wait</tag>
<doc>Waits for the element found by ``selector`` to satisfy state option.</doc>
<msg timestamp="20240320 20:13:25.270" level="INFO">Waited for Element with selector css=.Toastify__toast-body at state visible</msg>
<status status="PASS" starttime="20240320 20:13:25.060" endtime="20240320 20:13:25.270"/>
</kw>
<kw name="Get Text" library="Browser">
<arg>css=${selector}</arg>
<arg>equal</arg>
<arg>${expected_text}</arg>
<tag>Assertion</tag>
<tag>Getter</tag>
<tag>PageContent</tag>
<doc>Returns text attribute of the element found by ``selector``.</doc>
<msg timestamp="20240320 20:13:25.290" level="INFO">Text: 'Matrícula cadastrada com sucesso.'</msg>
<status status="PASS" starttime="20240320 20:13:25.270" endtime="20240320 20:13:25.290"/>
</kw>
<kw name="Take Screenshot" library="Browser">
<arg>selector=${selector}</arg>
<tag>PageContent</tag>
<doc>Takes a screenshot of the current window or element and saves it to disk.</doc>
<msg timestamp="20240320 20:13:25.954" level="INFO" html="true">&lt;/td&gt;&lt;/tr&gt;&lt;tr&gt;&lt;td colspan="3"&gt;&lt;a href="browser/screenshot/robotframework-browser-screenshot-12.png" target="_blank"&gt;&lt;img src="browser/screenshot/robotframework-browser-screenshot-12.png" width="800px"/&gt;&lt;/a&gt;</msg>
<status status="PASS" starttime="20240320 20:13:25.290" endtime="20240320 20:13:25.954"/>
</kw>
<status status="PASS" starttime="20240320 20:13:25.059" endtime="20240320 20:13:25.954"/>
</kw>
<kw name="Take Screenshot" library="Browser" type="TEARDOWN">
<tag>PageContent</tag>
<doc>Takes a screenshot of the current window or element and saves it to disk.</doc>
<msg timestamp="20240320 20:13:26.000" level="INFO" html="true">&lt;/td&gt;&lt;/tr&gt;&lt;tr&gt;&lt;td colspan="3"&gt;&lt;a href="browser/screenshot/robotframework-browser-screenshot-13.png" target="_blank"&gt;&lt;img src="browser/screenshot/robotframework-browser-screenshot-13.png" width="800px"/&gt;&lt;/a&gt;</msg>
<status status="PASS" starttime="20240320 20:13:25.955" endtime="20240320 20:13:26.000"/>
</kw>
<status status="PASS" starttime="20240320 20:13:21.743" endtime="20240320 20:13:26.000"/>
</test>
<test id="s1-s2-t2" name="Não deve realizar adesão duplicada" line="23">
<kw name="Start session" library="Base" type="SETUP">
<kw name="New Browser" library="Browser">
<arg>browser=firefox</arg>
<arg>headless=true</arg>
<tag>BrowserControl</tag>
<tag>Setter</tag>
<doc>Create a new playwright Browser with specified options.</doc>
<msg timestamp="20240320 20:13:26.048" level="INFO">Switching browser to browser=33e6a401-f3eb-4524-8e06-638e690c67a8</msg>
<msg timestamp="20240320 20:13:26.050" level="INFO">Successfully changed active browser: browser=33e6a401-f3eb-4524-8e06-638e690c67a8</msg>
<msg timestamp="20240320 20:13:26.050" level="INFO">Reusing existing browser with id: browser=33e6a401-f3eb-4524-8e06-638e690c67a8</msg>
<status status="PASS" starttime="20240320 20:13:26.048" endtime="20240320 20:13:26.051"/>
</kw>
<kw name="New Page" library="Browser">
<arg>${BASE_URL}</arg>
<tag>BrowserControl</tag>
<tag>Setter</tag>
<doc>Open a new Page.</doc>
<msg timestamp="20240320 20:13:26.732" level="INFO">Successfully initialized new page object and opened url: http://localhost:3000</msg>
<msg timestamp="20240320 20:13:26.732" level="INFO">No context was open. New context was automatically opened when this page is created.</msg>
<status status="PASS" starttime="20240320 20:13:26.051" endtime="20240320 20:13:26.732"/>
</kw>
<status status="PASS" starttime="20240320 20:13:26.048" endtime="20240320 20:13:26.732"/>
</kw>
<kw name="Get Json fixture" library="Base">
<var>${data}</var>
<arg>memberships</arg>
<arg>duplicate</arg>
<kw name="Load Json From File" library="JSONLibrary">
<var>${data}</var>
<arg>${EXECDIR}/resources/fixtures/${file_name}.json</arg>
<arg>encoding=utf-8</arg>
<doc>Load JSON from file.</doc>
<msg timestamp="20240320 20:13:26.735" level="INFO">${data} = {'create': {'account': {'name': 'Wellington Rodrigues', 'email': 'WellingtonAvon@test.com', 'cpf': '35400747086'}, 'plan': {'name': 'Plano Black', 'id': '2', 'price': 79.99}, 'credit_card': {'number':...</msg>
<status status="PASS" starttime="20240320 20:13:26.734" endtime="20240320 20:13:26.735"/>
</kw>
<msg timestamp="20240320 20:13:26.735" level="INFO">${data} = {'account': {'name': 'Galdino Silva', 'email': 'GaldinoSilva@test.com', 'cpf': '78180915050'}, 'plan': {'name': 'Plano Smart', 'id': 1, 'price': 99.99}, 'credit_card': {'number': '5555555555554444', '...</msg>
<status status="PASS" starttime="20240320 20:13:26.733" endtime="20240320 20:13:26.735"/>
</kw>
<kw name="Insert Membership" library="Database">
<arg>${data}</arg>
<status status="PASS" starttime="20240320 20:13:26.740" endtime="20240320 20:13:26.786"/>
</kw>
<kw name="SignIn admin" library="Base">
<kw name="Go to login Page" library="Login">
<kw name="Go To" library="Browser">
<arg>${BASE_URL}/login</arg>
<tag>BrowserControl</tag>
<tag>Setter</tag>
<doc>Navigates to the given ``url``.</doc>
<msg timestamp="20240320 20:13:26.987" level="INFO">Successfully opened URL http://localhost:3000/login</msg>
<status status="PASS" starttime="20240320 20:13:26.789" endtime="20240320 20:13:26.987"/>
</kw>
<status status="PASS" starttime="20240320 20:13:26.789" endtime="20240320 20:13:26.987"/>
</kw>
<kw name="Submit login form" library="Login">
<arg>${ADMIN_EMAIL}</arg>
<arg>${ADMIN_PASS}</arg>
<kw name="Fill Text" library="Browser">
<arg>css=input[name=email]</arg>
<arg>${email}</arg>
<tag>PageContent</tag>
<tag>Setter</tag>
<doc>Clears and fills the given ``txt`` into the text field found by ``selector``.</doc>
<msg timestamp="20240320 20:13:26.988" level="INFO">Fills the text 'sac@smartbit.com' in the given field.</msg>
<status status="PASS" starttime="20240320 20:13:26.988" endtime="20240320 20:13:27.050"/>
</kw>
<kw name="Fill Text" library="Browser">
<arg>css=input[name=password]</arg>
<arg>${password}</arg>
<tag>PageContent</tag>
<tag>Setter</tag>
<doc>Clears and fills the given ``txt`` into the text field found by ``selector``.</doc>
<msg timestamp="20240320 20:13:27.050" level="INFO">Fills the text 'pwd123' in the given field.</msg>
<status status="PASS" starttime="20240320 20:13:27.050" endtime="20240320 20:13:27.071"/>
</kw>
<kw name="Click" library="Browser">
<arg>css=button &gt;&gt; text=Entrar</arg>
<tag>PageContent</tag>
<tag>Setter</tag>
<doc>Simulates mouse click on the element found by ``selector``.</doc>
<status status="PASS" starttime="20240320 20:13:27.071" endtime="20240320 20:13:27.144"/>
</kw>
<status status="PASS" starttime="20240320 20:13:26.987" endtime="20240320 20:13:27.145"/>
</kw>
<kw name="User is logged in" library="Navbar">
<arg>${ADMIN_EMAIL}</arg>
<kw name="Set Variable" library="BuiltIn">
<var>${element}</var>
<arg>css=.logged-user</arg>
<doc>Returns the given values which can then be assigned to a variables.</doc>
<msg timestamp="20240320 20:13:27.146" level="INFO">${element} = css=.logged-user</msg>
<status status="PASS" starttime="20240320 20:13:27.146" endtime="20240320 20:13:27.146"/>
</kw>
<kw name="Wait For Elements State" library="Browser">
<arg>${element}</arg>
<arg>visible</arg>
<arg>5</arg>
<tag>PageContent</tag>
<tag>Wait</tag>
<doc>Waits for the element found by ``selector`` to satisfy state option.</doc>
<msg timestamp="20240320 20:13:28.542" level="INFO">Waited for Element with selector css=.logged-user at state visible</msg>
<status status="PASS" starttime="20240320 20:13:27.146" endtime="20240320 20:13:28.543"/>
</kw>
<kw name="Get Text" library="Browser">
<arg>${element}</arg>
<arg>equal</arg>
<arg>${email}</arg>
<tag>Assertion</tag>
<tag>Getter</tag>
<tag>PageContent</tag>
<doc>Returns text attribute of the element found by ``selector``.</doc>
<msg timestamp="20240320 20:13:28.618" level="INFO">Text: 'sac@smartbit.com'</msg>
<status status="PASS" starttime="20240320 20:13:28.543" endtime="20240320 20:13:28.618"/>
</kw>
<status status="PASS" starttime="20240320 20:13:27.145" endtime="20240320 20:13:28.618"/>
</kw>
<status status="PASS" starttime="20240320 20:13:26.788" endtime="20240320 20:13:28.618"/>
</kw>
<kw name="Go to memberships" library="Navbar">
<kw name="Click" library="Browser">
<arg>css=a[href="/memberships"]</arg>
<tag>PageContent</tag>
<tag>Setter</tag>
<doc>Simulates mouse click on the element found by ``selector``.</doc>
<status status="PASS" starttime="20240320 20:13:28.619" endtime="20240320 20:13:28.680"/>
</kw>
<kw name="Wait For Elements State" library="Browser">
<arg>css=h1 &gt;&gt; text=Matrículas</arg>
<arg>visible</arg>
<arg>5</arg>
<tag>PageContent</tag>
<tag>Wait</tag>
<doc>Waits for the element found by ``selector`` to satisfy state option.</doc>
<msg timestamp="20240320 20:13:28.692" level="INFO">Waited for Element with selector css=h1 &gt;&gt; text=Matrículas at state visible</msg>
<status status="PASS" starttime="20240320 20:13:28.680" endtime="20240320 20:13:28.692"/>
</kw>
<status status="PASS" starttime="20240320 20:13:28.619" endtime="20240320 20:13:28.692"/>
</kw>
<kw name="Create new membership" library="Memberships">
<arg>${data}</arg>
<kw name="Go to memberships form" library="Memberships">
<kw name="Click" library="Browser">
<arg>css=a[href="/memberships/new"]</arg>
<tag>PageContent</tag>
<tag>Setter</tag>
<doc>Simulates mouse click on the element found by ``selector``.</doc>
<status status="PASS" starttime="20240320 20:13:28.693" endtime="20240320 20:13:28.837"/>
</kw>
<kw name="Wait For Elements State" library="Browser">
<arg>css=h1 &gt;&gt; text=Nova matrícula</arg>
<arg>visible</arg>
<arg>5</arg>
<tag>PageContent</tag>
<tag>Wait</tag>
<doc>Waits for the element found by ``selector`` to satisfy state option.</doc>
<msg timestamp="20240320 20:13:28.877" level="INFO">Waited for Element with selector css=h1 &gt;&gt; text=Nova matrícula at state visible</msg>
<status status="PASS" starttime="20240320 20:13:28.837" endtime="20240320 20:13:28.877"/>
</kw>
<status status="PASS" starttime="20240320 20:13:28.693" endtime="20240320 20:13:28.877"/>
</kw>
<kw name="Select account" library="Memberships">
<arg>${data}[account][name]</arg>
<arg>${data}[account][cpf]</arg>
<kw name="Fill Text" library="Browser">
<arg>css=input[aria-label=select_account]</arg>
<arg>${name}</arg>
<tag>PageContent</tag>
<tag>Setter</tag>
<doc>Clears and fills the given ``txt`` into the text field found by ``selector``.</doc>
<msg timestamp="20240320 20:13:28.878" level="INFO">Fills the text 'Galdino Silva' in the given field.</msg>
<status status="PASS" starttime="20240320 20:13:28.878" endtime="20240320 20:13:28.915"/>
</kw>
<kw name="Click" library="Browser">
<arg>css=[data-testid="${cpf}"]</arg>
<tag>PageContent</tag>
<tag>Setter</tag>
<doc>Simulates mouse click on the element found by ``selector``.</doc>
<status status="PASS" starttime="20240320 20:13:28.915" endtime="20240320 20:13:29.011"/>
</kw>
<status status="PASS" starttime="20240320 20:13:28.878" endtime="20240320 20:13:29.011"/>
</kw>
<kw name="Select plan" library="Memberships">
<arg>${data}[plan][name]</arg>
<kw name="Fill Text" library="Browser">
<arg>css=input[aria-label=select_plan]</arg>
<arg>${plan_name}</arg>
<tag>PageContent</tag>
<tag>Setter</tag>
<doc>Clears and fills the given ``txt`` into the text field found by ``selector``.</doc>
<msg timestamp="20240320 20:13:29.012" level="INFO">Fills the text 'Plano Smart' in the given field.</msg>
<status status="PASS" starttime="20240320 20:13:29.011" endtime="20240320 20:13:29.042"/>
</kw>
<kw name="Click" library="Browser">
<arg>css=div[class$=option] &gt;&gt; text=${plan_name}</arg>
<tag>PageContent</tag>
<tag>Setter</tag>
<doc>Simulates mouse click on the element found by ``selector``.</doc>
<status status="PASS" starttime="20240320 20:13:29.042" endtime="20240320 20:13:29.110"/>
</kw>
<status status="PASS" starttime="20240320 20:13:29.011" endtime="20240320 20:13:29.110"/>
</kw>
<kw name="Fill payment card" library="Memberships">
<arg>${data}[credit_card]</arg>
<kw name="Fill Text" library="Browser">
<arg>css=input[name=card_number]</arg>
<arg>${card}[number]</arg>
<tag>PageContent</tag>
<tag>Setter</tag>
<doc>Clears and fills the given ``txt`` into the text field found by ``selector``.</doc>
<msg timestamp="20240320 20:13:29.111" level="INFO">Fills the text '5555555555554444' in the given field.</msg>
<status status="PASS" starttime="20240320 20:13:29.110" endtime="20240320 20:13:29.134"/>
</kw>
<kw name="Fill Text" library="Browser">
<arg>css=input[name="card_holder"]</arg>
<arg>${card}[holder]</arg>
<tag>PageContent</tag>
<tag>Setter</tag>
<doc>Clears and fills the given ``txt`` into the text field found by ``selector``.</doc>
<msg timestamp="20240320 20:13:29.135" level="INFO">Fills the text 'Galdino Silva' in the given field.</msg>
<status status="PASS" starttime="20240320 20:13:29.135" endtime="20240320 20:13:29.157"/>
</kw>
<kw name="Fill Text" library="Browser">
<arg>css=input[name="card_month"]</arg>
<arg>${card}[month]</arg>
<tag>PageContent</tag>
<tag>Setter</tag>
<doc>Clears and fills the given ``txt`` into the text field found by ``selector``.</doc>
<msg timestamp="20240320 20:13:29.157" level="INFO">Fills the text '11' in the given field.</msg>
<status status="PASS" starttime="20240320 20:13:29.157" endtime="20240320 20:13:29.178"/>
</kw>
<kw name="Fill Text" library="Browser">
<arg>css=input[name="card_year"]</arg>
<arg>${card}[year]</arg>
<tag>PageContent</tag>
<tag>Setter</tag>
<doc>Clears and fills the given ``txt`` into the text field found by ``selector``.</doc>
<msg timestamp="20240320 20:13:29.179" level="INFO">Fills the text '2031' in the given field.</msg>
<status status="PASS" starttime="20240320 20:13:29.179" endtime="20240320 20:13:29.199"/>
</kw>
<kw name="Fill Text" library="Browser">
<arg>css=input[name="card_cvv"]</arg>
<arg>${card}[cvv]</arg>
<tag>PageContent</tag>
<tag>Setter</tag>
<doc>Clears and fills the given ``txt`` into the text field found by ``selector``.</doc>
<msg timestamp="20240320 20:13:29.200" level="INFO">Fills the text '123' in the given field.</msg>
<status status="PASS" starttime="20240320 20:13:29.200" endtime="20240320 20:13:29.222"/>
</kw>
<status status="PASS" starttime="20240320 20:13:29.110" endtime="20240320 20:13:29.223"/>
</kw>
<kw name="Click" library="Browser">
<arg>css=button[type=submit] &gt;&gt; text=Cadastrar</arg>
<tag>PageContent</tag>
<tag>Setter</tag>
<doc>Simulates mouse click on the element found by ``selector``.</doc>
<status status="PASS" starttime="20240320 20:13:29.223" endtime="20240320 20:13:29.300"/>
</kw>
<status status="PASS" starttime="20240320 20:13:28.692" endtime="20240320 20:13:29.300"/>
</kw>
<kw name="Toast should be" library="Toast">
<arg>O usuário já possui matrícula.</arg>
<kw name="Set Variable" library="BuiltIn">
<var>${selector}</var>
<arg>.Toastify__toast-body</arg>
<doc>Returns the given values which can then be assigned to a variables.</doc>
<msg timestamp="20240320 20:13:29.302" level="INFO">${selector} = .Toastify__toast-body</msg>
<status status="PASS" starttime="20240320 20:13:29.302" endtime="20240320 20:13:29.302"/>
</kw>
<kw name="Wait For Elements State" library="Browser">
<arg>css=${selector}</arg>
<arg>visible</arg>
<arg>5</arg>
<tag>PageContent</tag>
<tag>Wait</tag>
<doc>Waits for the element found by ``selector`` to satisfy state option.</doc>
<msg timestamp="20240320 20:13:29.321" level="INFO">Waited for Element with selector css=.Toastify__toast-body at state visible</msg>
<status status="PASS" starttime="20240320 20:13:29.302" endtime="20240320 20:13:29.322"/>
</kw>
<kw name="Get Text" library="Browser">
<arg>css=${selector}</arg>
<arg>equal</arg>
<arg>${expected_text}</arg>
<tag>Assertion</tag>
<tag>Getter</tag>
<tag>PageContent</tag>
<doc>Returns text attribute of the element found by ``selector``.</doc>
<msg timestamp="20240320 20:13:29.343" level="INFO">Text: 'O usuário já possui matrícula.'</msg>
<status status="PASS" starttime="20240320 20:13:29.322" endtime="20240320 20:13:29.343"/>
</kw>
<kw name="Take Screenshot" library="Browser">
<arg>selector=${selector}</arg>
<tag>PageContent</tag>
<doc>Takes a screenshot of the current window or element and saves it to disk.</doc>
<msg timestamp="20240320 20:13:30.051" level="INFO" html="true">&lt;/td&gt;&lt;/tr&gt;&lt;tr&gt;&lt;td colspan="3"&gt;&lt;a href="browser/screenshot/robotframework-browser-screenshot-14.png" target="_blank"&gt;&lt;img src="browser/screenshot/robotframework-browser-screenshot-14.png" width="800px"/&gt;&lt;/a&gt;</msg>
<status status="PASS" starttime="20240320 20:13:29.343" endtime="20240320 20:13:30.051"/>
</kw>
<status status="PASS" starttime="20240320 20:13:29.301" endtime="20240320 20:13:30.051"/>
</kw>
<kw name="Take Screenshot" library="Browser" type="TEARDOWN">
<tag>PageContent</tag>
<doc>Takes a screenshot of the current window or element and saves it to disk.</doc>
<msg timestamp="20240320 20:13:30.099" level="INFO" html="true">&lt;/td&gt;&lt;/tr&gt;&lt;tr&gt;&lt;td colspan="3"&gt;&lt;a href="browser/screenshot/robotframework-browser-screenshot-15.png" target="_blank"&gt;&lt;img src="browser/screenshot/robotframework-browser-screenshot-15.png" width="800px"/&gt;&lt;/a&gt;</msg>
<status status="PASS" starttime="20240320 20:13:30.052" endtime="20240320 20:13:30.099"/>
</kw>
<tag>dup</tag>
<status status="PASS" starttime="20240320 20:13:26.045" endtime="20240320 20:13:30.099"/>
</test>
<test id="s1-s2-t3" name="Deve buscar por nome" line="35">
<kw name="Start session" library="Base" type="SETUP">
<kw name="New Browser" library="Browser">
<arg>browser=firefox</arg>
<arg>headless=true</arg>
<tag>BrowserControl</tag>
<tag>Setter</tag>
<doc>Create a new playwright Browser with specified options.</doc>
<msg timestamp="20240320 20:13:30.147" level="INFO">Switching browser to browser=33e6a401-f3eb-4524-8e06-638e690c67a8</msg>
<msg timestamp="20240320 20:13:30.149" level="INFO">Successfully changed active browser: browser=33e6a401-f3eb-4524-8e06-638e690c67a8</msg>
<msg timestamp="20240320 20:13:30.149" level="INFO">Reusing existing browser with id: browser=33e6a401-f3eb-4524-8e06-638e690c67a8</msg>
<status status="PASS" starttime="20240320 20:13:30.146" endtime="20240320 20:13:30.149"/>
</kw>
<kw name="New Page" library="Browser">
<arg>${BASE_URL}</arg>
<tag>BrowserControl</tag>
<tag>Setter</tag>
<doc>Open a new Page.</doc>
<msg timestamp="20240320 20:13:31.069" level="INFO">Successfully initialized new page object and opened url: http://localhost:3000</msg>
<msg timestamp="20240320 20:13:31.069" level="INFO">No context was open. New context was automatically opened when this page is created.</msg>
<status status="PASS" starttime="20240320 20:13:30.149" endtime="20240320 20:13:31.069"/>
</kw>
<status status="PASS" starttime="20240320 20:13:30.146" endtime="20240320 20:13:31.069"/>
</kw>
<kw name="Get Json fixture" library="Base">
<var>${data}</var>
<arg>memberships</arg>
<arg>search</arg>
<kw name="Load Json From File" library="JSONLibrary">
<var>${data}</var>
<arg>${EXECDIR}/resources/fixtures/${file_name}.json</arg>
<arg>encoding=utf-8</arg>
<doc>Load JSON from file.</doc>
<msg timestamp="20240320 20:13:31.089" level="INFO">${data} = {'create': {'account': {'name': 'Wellington Rodrigues', 'email': 'WellingtonAvon@test.com', 'cpf': '35400747086'}, 'plan': {'name': 'Plano Black', 'id': '2', 'price': 79.99}, 'credit_card': {'number':...</msg>
<status status="PASS" starttime="20240320 20:13:31.088" endtime="20240320 20:13:31.089"/>
</kw>
<msg timestamp="20240320 20:13:31.089" level="INFO">${data} = {'account': {'name': 'Neire Silva', 'email': 'neireSilva@test.com', 'cpf': '77050489069'}, 'plan': {'name': 'Plano Smart', 'id': 1, 'price': 99.99}, 'credit_card': {'number': '5105105105105100', 'hold...</msg>
<status status="PASS" starttime="20240320 20:13:31.088" endtime="20240320 20:13:31.089"/>
</kw>
<kw name="Insert Membership" library="Database">
<arg>${data}</arg>
<status status="PASS" starttime="20240320 20:13:31.112" endtime="20240320 20:13:31.196"/>
</kw>
<kw name="SignIn admin" library="Base">
<kw name="Go to login Page" library="Login">
<kw name="Go To" library="Browser">
<arg>${BASE_URL}/login</arg>
<tag>BrowserControl</tag>
<tag>Setter</tag>
<doc>Navigates to the given ``url``.</doc>
<msg timestamp="20240320 20:13:31.408" level="INFO">Successfully opened URL http://localhost:3000/login</msg>
<status status="PASS" starttime="20240320 20:13:31.198" endtime="20240320 20:13:31.408"/>
</kw>
<status status="PASS" starttime="20240320 20:13:31.197" endtime="20240320 20:13:31.408"/>
</kw>
<kw name="Submit login form" library="Login">
<arg>${ADMIN_EMAIL}</arg>
<arg>${ADMIN_PASS}</arg>
<kw name="Fill Text" library="Browser">
<arg>css=input[name=email]</arg>
<arg>${email}</arg>
<tag>PageContent</tag>
<tag>Setter</tag>
<doc>Clears and fills the given ``txt`` into the text field found by ``selector``.</doc>
<msg timestamp="20240320 20:13:31.409" level="INFO">Fills the text 'sac@smartbit.com' in the given field.</msg>
<status status="PASS" starttime="20240320 20:13:31.409" endtime="20240320 20:13:31.466"/>
</kw>
<kw name="Fill Text" library="Browser">
<arg>css=input[name=password]</arg>
<arg>${password}</arg>
<tag>PageContent</tag>
<tag>Setter</tag>
<doc>Clears and fills the given ``txt`` into the text field found by ``selector``.</doc>
<msg timestamp="20240320 20:13:31.467" level="INFO">Fills the text 'pwd123' in the given field.</msg>
<status status="PASS" starttime="20240320 20:13:31.466" endtime="20240320 20:13:31.493"/>
</kw>
<kw name="Click" library="Browser">
<arg>css=button &gt;&gt; text=Entrar</arg>
<tag>PageContent</tag>
<tag>Setter</tag>
<doc>Simulates mouse click on the element found by ``selector``.</doc>
<status status="PASS" starttime="20240320 20:13:31.493" endtime="20240320 20:13:31.581"/>
</kw>
<status status="PASS" starttime="20240320 20:13:31.409" endtime="20240320 20:13:31.581"/>
</kw>
<kw name="User is logged in" library="Navbar">
<arg>${ADMIN_EMAIL}</arg>
<kw name="Set Variable" library="BuiltIn">
<var>${element}</var>
<arg>css=.logged-user</arg>
<doc>Returns the given values which can then be assigned to a variables.</doc>
<msg timestamp="20240320 20:13:31.581" level="INFO">${element} = css=.logged-user</msg>
<status status="PASS" starttime="20240320 20:13:31.581" endtime="20240320 20:13:31.581"/>
</kw>
<kw name="Wait For Elements State" library="Browser">
<arg>${element}</arg>
<arg>visible</arg>
<arg>5</arg>
<tag>PageContent</tag>
<tag>Wait</tag>
<doc>Waits for the element found by ``selector`` to satisfy state option.</doc>
<msg timestamp="20240320 20:13:32.936" level="INFO">Waited for Element with selector css=.logged-user at state visible</msg>
<status status="PASS" starttime="20240320 20:13:31.582" endtime="20240320 20:13:32.937"/>
</kw>
<kw name="Get Text" library="Browser">
<arg>${element}</arg>
<arg>equal</arg>
<arg>${email}</arg>
<tag>Assertion</tag>
<tag>Getter</tag>
<tag>PageContent</tag>
<doc>Returns text attribute of the element found by ``selector``.</doc>
<msg timestamp="20240320 20:13:32.987" level="INFO">Text: 'sac@smartbit.com'</msg>
<status status="PASS" starttime="20240320 20:13:32.937" endtime="20240320 20:13:32.987"/>
</kw>
<status status="PASS" starttime="20240320 20:13:31.581" endtime="20240320 20:13:32.987"/>
</kw>
<status status="PASS" starttime="20240320 20:13:31.197" endtime="20240320 20:13:32.987"/>
</kw>
<kw name="Go to memberships" library="Navbar">
<kw name="Click" library="Browser">
<arg>css=a[href="/memberships"]</arg>
<tag>PageContent</tag>
<tag>Setter</tag>
<doc>Simulates mouse click on the element found by ``selector``.</doc>
<status status="PASS" starttime="20240320 20:13:32.988" endtime="20240320 20:13:33.046"/>
</kw>
<kw name="Wait For Elements State" library="Browser">
<arg>css=h1 &gt;&gt; text=Matrículas</arg>
<arg>visible</arg>
<arg>5</arg>
<tag>PageContent</tag>
<tag>Wait</tag>
<doc>Waits for the element found by ``selector`` to satisfy state option.</doc>
<msg timestamp="20240320 20:13:33.057" level="INFO">Waited for Element with selector css=h1 &gt;&gt; text=Matrículas at state visible</msg>
<status status="PASS" starttime="20240320 20:13:33.046" endtime="20240320 20:13:33.057"/>
</kw>
<status status="PASS" starttime="20240320 20:13:32.987" endtime="20240320 20:13:33.057"/>
</kw>
<kw name="Search by name" library="Memberships">
<arg>${data}[account][name]</arg>
<kw name="Fill Text" library="Browser">
<arg>css=input[placeholder^=Busque]</arg>
<arg>${name}</arg>
<tag>PageContent</tag>
<tag>Setter</tag>
<doc>Clears and fills the given ``txt`` into the text field found by ``selector``.</doc>
<msg timestamp="20240320 20:13:33.063" level="INFO">Fills the text 'Neire Silva' in the given field.</msg>
<status status="PASS" starttime="20240320 20:13:33.063" endtime="20240320 20:13:33.107"/>
</kw>
<kw name="Wait For Elements State" library="Browser">
<arg>css=strong &gt;&gt; text=Total: 1</arg>
<arg>Visible</arg>
<arg>5</arg>
<tag>PageContent</tag>
<tag>Wait</tag>
<doc>Waits for the element found by ``selector`` to satisfy state option.</doc>
<msg timestamp="20240320 20:13:33.965" level="INFO">Waited for Element with selector css=strong &gt;&gt; text=Total: 1 at state visible</msg>
<status status="PASS" starttime="20240320 20:13:33.108" endtime="20240320 20:13:33.966"/>
</kw>
<status status="PASS" starttime="20240320 20:13:33.062" endtime="20240320 20:13:33.966"/>
</kw>
<kw name="Should filter by name" library="Memberships">
<arg>${data}[account][name]</arg>
<kw name="Wait For Elements State" library="Browser">
<arg>css=table tbody tr &gt;&gt; text=${name}</arg>
<arg>Visible</arg>
<arg>5</arg>
<tag>PageContent</tag>
<tag>Wait</tag>
<doc>Waits for the element found by ``selector`` to satisfy state option.</doc>
<msg timestamp="20240320 20:13:33.988" level="INFO">Waited for Element with selector css=table tbody tr &gt;&gt; text=Neire Silva at state visible</msg>
<status status="PASS" starttime="20240320 20:13:33.969" endtime="20240320 20:13:33.988"/>
</kw>
<status status="PASS" starttime="20240320 20:13:33.968" endtime="20240320 20:13:33.988"/>
</kw>
<kw name="Take Screenshot" library="Browser" type="TEARDOWN">
<tag>PageContent</tag>
<doc>Takes a screenshot of the current window or element and saves it to disk.</doc>
<msg timestamp="20240320 20:13:34.048" level="INFO" html="true">&lt;/td&gt;&lt;/tr&gt;&lt;tr&gt;&lt;td colspan="3"&gt;&lt;a href="browser/screenshot/robotframework-browser-screenshot-16.png" target="_blank"&gt;&lt;img src="browser/screenshot/robotframework-browser-screenshot-16.png" width="800px"/&gt;&lt;/a&gt;</msg>
<status status="PASS" starttime="20240320 20:13:33.989" endtime="20240320 20:13:34.048"/>
</kw>
<tag>search</tag>
<status status="PASS" starttime="20240320 20:13:30.144" endtime="20240320 20:13:34.049"/>
</test>
<test id="s1-s2-t4" name="Deve excluir uma matricula" line="47">
<kw name="Start session" library="Base" type="SETUP">
<kw name="New Browser" library="Browser">
<arg>browser=firefox</arg>
<arg>headless=true</arg>
<tag>BrowserControl</tag>
<tag>Setter</tag>
<doc>Create a new playwright Browser with specified options.</doc>
<msg timestamp="20240320 20:13:34.096" level="INFO">Switching browser to browser=33e6a401-f3eb-4524-8e06-638e690c67a8</msg>
<msg timestamp="20240320 20:13:34.098" level="INFO">Successfully changed active browser: browser=33e6a401-f3eb-4524-8e06-638e690c67a8</msg>
<msg timestamp="20240320 20:13:34.098" level="INFO">Reusing existing browser with id: browser=33e6a401-f3eb-4524-8e06-638e690c67a8</msg>
<status status="PASS" starttime="20240320 20:13:34.096" endtime="20240320 20:13:34.098"/>
</kw>
<kw name="New Page" library="Browser">
<arg>${BASE_URL}</arg>
<tag>BrowserControl</tag>
<tag>Setter</tag>
<doc>Open a new Page.</doc>
<msg timestamp="20240320 20:13:34.782" level="INFO">Successfully initialized new page object and opened url: http://localhost:3000</msg>
<msg timestamp="20240320 20:13:34.782" level="INFO">No context was open. New context was automatically opened when this page is created.</msg>
<status status="PASS" starttime="20240320 20:13:34.099" endtime="20240320 20:13:34.783"/>
</kw>
<status status="PASS" starttime="20240320 20:13:34.095" endtime="20240320 20:13:34.783"/>
</kw>
<kw name="Get Json fixture" library="Base">
<var>${data}</var>
<arg>memberships</arg>
<arg>remove</arg>
<kw name="Load Json From File" library="JSONLibrary">
<var>${data}</var>
<arg>${EXECDIR}/resources/fixtures/${file_name}.json</arg>
<arg>encoding=utf-8</arg>
<doc>Load JSON from file.</doc>
<msg timestamp="20240320 20:13:34.787" level="INFO">${data} = {'create': {'account': {'name': 'Wellington Rodrigues', 'email': 'WellingtonAvon@test.com', 'cpf': '35400747086'}, 'plan': {'name': 'Plano Black', 'id': '2', 'price': 79.99}, 'credit_card': {'number':...</msg>
<status status="PASS" starttime="20240320 20:13:34.786" endtime="20240320 20:13:34.787"/>
</kw>
<msg timestamp="20240320 20:13:34.787" level="INFO">${data} = {'account': {'name': 'Iolanda Lima', 'email': 'iolandalima@test.com', 'cpf': '83398739032'}, 'plan': {'name': 'Plano Black', 'id': '2', 'price': 79.99}, 'credit_card': {'number': '6011000990139424', '...</msg>
<status status="PASS" starttime="20240320 20:13:34.786" endtime="20240320 20:13:34.787"/>
</kw>
[...]
<tag>PageContent</tag>
<doc>Takes a screenshot of the current window or element and saves it to disk.</doc>
<msg timestamp="20240320 20:13:42.958" level="INFO" html="true">&lt;/td&gt;&lt;/tr&gt;&lt;tr&gt;&lt;td colspan="3"&gt;&lt;a href="browser/screenshot/robotframework-browser-screenshot-20.png" target="_blank"&gt;&lt;img src="browser/screenshot/robotframework-browser-screenshot-20.png" width="800px"/&gt;&lt;/a&gt;</msg>
<status status="PASS" starttime="20240320 20:13:42.896" endtime="20240320 20:13:42.958"/>
</kw>
<status status="PASS" starttime="20240320 20:13:42.538" endtime="20240320 20:13:42.958"/>
</kw>
<status status="PASS" starttime="20240320 20:13:42.390" endtime="20240320 20:13:42.958"/>
</kw>
<kw name="Attempt signup">
<arg>Neire Fernandes</arg>
<arg>neire.fernandes@teste.com</arg>
<arg>${EMPTY}</arg>
<arg>Por favor, informe o seu CPF</arg>
<kw name="Create Dictionary" library="BuiltIn">
<var>${account}</var>
<arg>name=${name}</arg>
<arg>email=${email}</arg>
<arg>cpf=${cpf}</arg>
<doc>Creates and returns a dictionary based on the given ``items``.</doc>
<msg timestamp="20240320 20:13:42.960" level="INFO">${account} = {'name': 'Neire Fernandes', 'email': 'neire.fernandes@teste.com', 'cpf': ''}</msg>
<status status="PASS" starttime="20240320 20:13:42.960" endtime="20240320 20:13:42.960"/>
</kw>
<kw name="Submit signup form" library="Landing">
<arg>${account}</arg>
<kw name="Get Text" library="Browser">
<arg>css=#signup h2</arg>
<arg>equal</arg>
<arg>Faça seu cadastro e venha para a Smartbit!</arg>
<tag>Assertion</tag>
<tag>Getter</tag>
<tag>PageContent</tag>
<doc>Returns text attribute of the element found by ``selector``.</doc>
<msg timestamp="20240320 20:13:42.981" level="INFO">Text: 'Faça seu cadastro e venha para a Smartbit!'</msg>
<status status="PASS" starttime="20240320 20:13:42.960" endtime="20240320 20:13:42.982"/>
</kw>
<kw name="Fill Text" library="Browser">
<arg>id=name</arg>
<arg>${account}[name]</arg>
<tag>PageContent</tag>
<tag>Setter</tag>
<doc>Clears and fills the given ``txt`` into the text field found by ``selector``.</doc>
<msg timestamp="20240320 20:13:42.982" level="INFO">Fills the text 'Neire Fernandes' in the given field.</msg>
<status status="PASS" starttime="20240320 20:13:42.982" endtime="20240320 20:13:43.002"/>
</kw>
<kw name="Fill Text" library="Browser">
<arg>id=email</arg>
<arg>${account}[email]</arg>
<tag>PageContent</tag>
<tag>Setter</tag>
<doc>Clears and fills the given ``txt`` into the text field found by ``selector``.</doc>
<msg timestamp="20240320 20:13:43.002" level="INFO">Fills the text 'neire.fernandes@teste.com' in the given field.</msg>
<status status="PASS" starttime="20240320 20:13:43.002" endtime="20240320 20:13:43.024"/>
</kw>
<kw name="Fill Text" library="Browser">
<arg>id=cpf</arg>
<arg>${account}[cpf]</arg>
<tag>PageContent</tag>
<tag>Setter</tag>
<doc>Clears and fills the given ``txt`` into the text field found by ``selector``.</doc>
<msg timestamp="20240320 20:13:43.024" level="INFO">Fills the text '' in the given field.</msg>
<status status="PASS" starttime="20240320 20:13:43.024" endtime="20240320 20:13:43.053"/>
</kw>
<kw name="Click" library="Browser">
<arg>css=button &gt;&gt; text=Cadastrar</arg>
<tag>PageContent</tag>
<tag>Setter</tag>
<doc>Simulates mouse click on the element found by ``selector``.</doc>
<status status="PASS" starttime="20240320 20:13:43.053" endtime="20240320 20:13:43.105"/>
</kw>
<status status="PASS" starttime="20240320 20:13:42.960" endtime="20240320 20:13:43.105"/>
</kw>
<kw name="Notice should be" library="BoxNotice">
<arg>${output_message}</arg>
<kw name="Set Variable" library="BuiltIn">
<var>${element}</var>
<arg>css=form .notice</arg>
<doc>Returns the given values which can then be assigned to a variables.</doc>
<msg timestamp="20240320 20:13:43.106" level="INFO">${element} = css=form .notice</msg>
<status status="PASS" starttime="20240320 20:13:43.106" endtime="20240320 20:13:43.106"/>
</kw>
<kw name="Wait For Elements State" library="Browser">
<arg>${element}</arg>
<arg>visible</arg>
<arg>5</arg>
<tag>PageContent</tag>
<tag>Wait</tag>
<doc>Waits for the element found by ``selector`` to satisfy state option.</doc>
<msg timestamp="20240320 20:13:43.447" level="INFO">Waited for Element with selector css=form .notice at state visible</msg>
<status status="PASS" starttime="20240320 20:13:43.106" endtime="20240320 20:13:43.447"/>
</kw>
<kw name="Get Text" library="Browser">
<arg>${element}</arg>
<arg>equal</arg>
<arg>${target}</arg>
<tag>Assertion</tag>
<tag>Getter</tag>
<tag>PageContent</tag>
<doc>Returns text attribute of the element found by ``selector``.</doc>
<msg timestamp="20240320 20:13:43.472" level="INFO">Text: 'Por favor, informe o seu CPF'</msg>
<status status="PASS" starttime="20240320 20:13:43.448" endtime="20240320 20:13:43.472"/>
</kw>
<kw name="Take Screenshot" library="Browser">
<arg>selector=form .notice</arg>
<tag>PageContent</tag>
<doc>Takes a screenshot of the current window or element and saves it to disk.</doc>
<msg timestamp="20240320 20:13:43.527" level="INFO" html="true">&lt;/td&gt;&lt;/tr&gt;&lt;tr&gt;&lt;td colspan="3"&gt;&lt;a href="browser/screenshot/robotframework-browser-screenshot-21.png" target="_blank"&gt;&lt;img src="browser/screenshot/robotframework-browser-screenshot-21.png" width="800px"/&gt;&lt;/a&gt;</msg>
<status status="PASS" starttime="20240320 20:13:43.472" endtime="20240320 20:13:43.527"/>
</kw>
<status status="PASS" starttime="20240320 20:13:43.105" endtime="20240320 20:13:43.527"/>
</kw>
<status status="PASS" starttime="20240320 20:13:42.959" endtime="20240320 20:13:43.527"/>
</kw>
<kw name="Attempt signup">
<arg>Diego Lima</arg>
<arg>diego.lima*teste.com.br</arg>
<arg>00255108001</arg>
<arg>Oops! O email informado é inválido</arg>
<kw name="Create Dictionary" library="BuiltIn">
<var>${account}</var>
<arg>name=${name}</arg>
<arg>email=${email}</arg>
<arg>cpf=${cpf}</arg>
<doc>Creates and returns a dictionary based on the given ``items``.</doc>
<msg timestamp="20240320 20:13:43.529" level="INFO">${account} = {'name': 'Diego Lima', 'email': 'diego.lima*teste.com.br', 'cpf': '00255108001'}</msg>
<status status="PASS" starttime="20240320 20:13:43.528" endtime="20240320 20:13:43.529"/>
</kw>
<kw name="Submit signup form" library="Landing">
<arg>${account}</arg>
<kw name="Get Text" library="Browser">
<arg>css=#signup h2</arg>
<arg>equal</arg>
<arg>Faça seu cadastro e venha para a Smartbit!</arg>
<tag>Assertion</tag>
<tag>Getter</tag>
<tag>PageContent</tag>
<doc>Returns text attribute of the element found by ``selector``.</doc>
<msg timestamp="20240320 20:13:43.549" level="INFO">Text: 'Faça seu cadastro e venha para a Smartbit!'</msg>
<status status="PASS" starttime="20240320 20:13:43.529" endtime="20240320 20:13:43.549"/>
</kw>
<kw name="Fill Text" library="Browser">
<arg>id=name</arg>
<arg>${account}[name]</arg>
<tag>PageContent</tag>
<tag>Setter</tag>
<doc>Clears and fills the given ``txt`` into the text field found by ``selector``.</doc>
<msg timestamp="20240320 20:13:43.550" level="INFO">Fills the text 'Diego Lima' in the given field.</msg>
<status status="PASS" starttime="20240320 20:13:43.549" endtime="20240320 20:13:43.570"/>
</kw>
<kw name="Fill Text" library="Browser">
<arg>id=email</arg>
<arg>${account}[email]</arg>
<tag>PageContent</tag>
<tag>Setter</tag>
<doc>Clears and fills the given ``txt`` into the text field found by ``selector``.</doc>
<msg timestamp="20240320 20:13:43.571" level="INFO">Fills the text 'diego.lima*teste.com.br' in the given field.</msg>
<status status="PASS" starttime="20240320 20:13:43.570" endtime="20240320 20:13:43.591"/>
</kw>
<kw name="Fill Text" library="Browser">
<arg>id=cpf</arg>
<arg>${account}[cpf]</arg>
<tag>PageContent</tag>
<tag>Setter</tag>
<doc>Clears and fills the given ``txt`` into the text field found by ``selector``.</doc>
<msg timestamp="20240320 20:13:43.591" level="INFO">Fills the text '00255108001' in the given field.</msg>
<status status="PASS" starttime="20240320 20:13:43.591" endtime="20240320 20:13:43.624"/>
</kw>
<kw name="Click" library="Browser">
<arg>css=button &gt;&gt; text=Cadastrar</arg>
<tag>PageContent</tag>
<tag>Setter</tag>
<doc>Simulates mouse click on the element found by ``selector``.</doc>
<status status="PASS" starttime="20240320 20:13:43.625" endtime="20240320 20:13:43.690"/>
</kw>
<status status="PASS" starttime="20240320 20:13:43.529" endtime="20240320 20:13:43.690"/>
</kw>
<kw name="Notice should be" library="BoxNotice">
<arg>${output_message}</arg>
<kw name="Set Variable" library="BuiltIn">
<var>${element}</var>
<arg>css=form .notice</arg>
<doc>Returns the given values which can then be assigned to a variables.</doc>
<msg timestamp="20240320 20:13:43.691" level="INFO">${element} = css=form .notice</msg>
<status status="PASS" starttime="20240320 20:13:43.691" endtime="20240320 20:13:43.691"/>
</kw>
<kw name="Wait For Elements State" library="Browser">
<arg>${element}</arg>
<arg>visible</arg>
<arg>5</arg>
<tag>PageContent</tag>
<tag>Wait</tag>
<doc>Waits for the element found by ``selector`` to satisfy state option.</doc>
<msg timestamp="20240320 20:13:44.024" level="INFO">Waited for Element with selector css=form .notice at state visible</msg>
<status status="PASS" starttime="20240320 20:13:43.691" endtime="20240320 20:13:44.024"/>
</kw>
<kw name="Get Text" library="Browser">
<arg>${element}</arg>
<arg>equal</arg>
<arg>${target}</arg>
<tag>Assertion</tag>
<tag>Getter</tag>
<tag>PageContent</tag>
<doc>Returns text attribute of the element found by ``selector``.</doc>
<msg timestamp="20240320 20:13:44.045" level="INFO">Text: 'Oops! O email informado é inválido'</msg>
<status status="PASS" starttime="20240320 20:13:44.024" endtime="20240320 20:13:44.045"/>
</kw>
<kw name="Take Screenshot" library="Browser">
<arg>selector=form .notice</arg>
<tag>PageContent</tag>
<doc>Takes a screenshot of the current window or element and saves it to disk.</doc>
<msg timestamp="20240320 20:13:44.096" level="INFO" html="true">&lt;/td&gt;&lt;/tr&gt;&lt;tr&gt;&lt;td colspan="3"&gt;&lt;a href="browser/screenshot/robotframework-browser-screenshot-22.png" target="_blank"&gt;&lt;img src="browser/screenshot/robotframework-browser-screenshot-22.png" width="800px"/&gt;&lt;/a&gt;</msg>
<status status="PASS" starttime="20240320 20:13:44.046" endtime="20240320 20:13:44.096"/>
</kw>
<status status="PASS" starttime="20240320 20:13:43.690" endtime="20240320 20:13:44.096"/>
</kw>
<status status="PASS" starttime="20240320 20:13:43.528" endtime="20240320 20:13:44.096"/>
</kw>
<kw name="Attempt signup">
<arg>Paulo Silva</arg>
<arg>paulo.silva@teste.com.br</arg>
<arg>7319756005&amp;</arg>
<arg>Oops! O CPF informado é inválido</arg>
<kw name="Create Dictionary" library="BuiltIn">
<var>${account}</var>
<arg>name=${name}</arg>
<arg>email=${email}</arg>
<arg>cpf=${cpf}</arg>
<doc>Creates and returns a dictionary based on the given ``items``.</doc>
<msg timestamp="20240320 20:13:44.098" level="INFO">${account} = {'name': 'Paulo Silva', 'email': 'paulo.silva@teste.com.br', 'cpf': '7319756005&amp;'}</msg>
<status status="PASS" starttime="20240320 20:13:44.097" endtime="20240320 20:13:44.098"/>
</kw>
<kw name="Submit signup form" library="Landing">
<arg>${account}</arg>
<kw name="Get Text" library="Browser">
<arg>css=#signup h2</arg>
<arg>equal</arg>
<arg>Faça seu cadastro e venha para a Smartbit!</arg>
<tag>Assertion</tag>
<tag>Getter</tag>
<tag>PageContent</tag>
<doc>Returns text attribute of the element found by ``selector``.</doc>
<msg timestamp="20240320 20:13:44.119" level="INFO">Text: 'Faça seu cadastro e venha para a Smartbit!'</msg>
<status status="PASS" starttime="20240320 20:13:44.098" endtime="20240320 20:13:44.119"/>
</kw>
<kw name="Fill Text" library="Browser">
<arg>id=name</arg>
<arg>${account}[name]</arg>
<tag>PageContent</tag>
<tag>Setter</tag>
<doc>Clears and fills the given ``txt`` into the text field found by ``selector``.</doc>
<msg timestamp="20240320 20:13:44.120" level="INFO">Fills the text 'Paulo Silva' in the given field.</msg>
<status status="PASS" starttime="20240320 20:13:44.119" endtime="20240320 20:13:44.139"/>
</kw>
<kw name="Fill Text" library="Browser">
<arg>id=email</arg>
<arg>${account}[email]</arg>
<tag>PageContent</tag>
<tag>Setter</tag>
<doc>Clears and fills the given ``txt`` into the text field found by ``selector``.</doc>
<msg timestamp="20240320 20:13:44.140" level="INFO">Fills the text 'paulo.silva@teste.com.br' in the given field.</msg>
<status status="PASS" starttime="20240320 20:13:44.139" endtime="20240320 20:13:44.160"/>
</kw>
<kw name="Fill Text" library="Browser">
<arg>id=cpf</arg>
<arg>${account}[cpf]</arg>
<tag>PageContent</tag>
<tag>Setter</tag>
<doc>Clears and fills the given ``txt`` into the text field found by ``selector``.</doc>
<msg timestamp="20240320 20:13:44.161" level="INFO">Fills the text '7319756005&amp;' in the given field.</msg>
<status status="PASS" starttime="20240320 20:13:44.160" endtime="20240320 20:13:44.180"/>
</kw>
<kw name="Click" library="Browser">
<arg>css=button &gt;&gt; text=Cadastrar</arg>
<tag>PageContent</tag>
<tag>Setter</tag>
<doc>Simulates mouse click on the element found by ``selector``.</doc>
<status status="PASS" starttime="20240320 20:13:44.180" endtime="20240320 20:13:44.242"/>
</kw>
<status status="PASS" starttime="20240320 20:13:44.098" endtime="20240320 20:13:44.242"/>
</kw>
<kw name="Notice should be" library="BoxNotice">
<arg>${output_message}</arg>
<kw name="Set Variable" library="BuiltIn">
<var>${element}</var>
<arg>css=form .notice</arg>
<doc>Returns the given values which can then be assigned to a variables.</doc>
<msg timestamp="20240320 20:13:44.243" level="INFO">${element} = css=form .notice</msg>
<status status="PASS" starttime="20240320 20:13:44.242" endtime="20240320 20:13:44.243"/>
</kw>
<kw name="Wait For Elements State" library="Browser">
<arg>${element}</arg>
<arg>visible</arg>
<arg>5</arg>
<tag>PageContent</tag>
<tag>Wait</tag>
<doc>Waits for the element found by ``selector`` to satisfy state option.</doc>
<msg timestamp="20240320 20:13:44.574" level="INFO">Waited for Element with selector css=form .notice at state visible</msg>
<status status="PASS" starttime="20240320 20:13:44.243" endtime="20240320 20:13:44.574"/>
</kw>
<kw name="Get Text" library="Browser">
<arg>${element}</arg>
<arg>equal</arg>
<arg>${target}</arg>
<tag>Assertion</tag>
<tag>Getter</tag>
<tag>PageContent</tag>
<doc>Returns text attribute of the element found by ``selector``.</doc>
<msg timestamp="20240320 20:13:44.598" level="INFO">Text: 'Oops! O CPF informado é inválido'</msg>
<status status="PASS" starttime="20240320 20:13:44.574" endtime="20240320 20:13:44.599"/>
</kw>
<kw name="Take Screenshot" library="Browser">
<arg>selector=form .notice</arg>
<tag>PageContent</tag>
<doc>Takes a screenshot of the current window or element and saves it to disk.</doc>
<msg timestamp="20240320 20:13:44.646" level="INFO" html="true">&lt;/td&gt;&lt;/tr&gt;&lt;tr&gt;&lt;td colspan="3"&gt;&lt;a href="browser/screenshot/robotframework-browser-screenshot-23.png" target="_blank"&gt;&lt;img src="browser/screenshot/robotframework-browser-screenshot-23.png" width="800px"/&gt;&lt;/a&gt;</msg>
<status status="PASS" starttime="20240320 20:13:44.599" endtime="20240320 20:13:44.646"/>
</kw>
<status status="PASS" starttime="20240320 20:13:44.242" endtime="20240320 20:13:44.646"/>
</kw>
<status status="PASS" starttime="20240320 20:13:44.097" endtime="20240320 20:13:44.646"/>
</kw>
<kw name="Take Screenshot" library="Browser" type="TEARDOWN">
<tag>PageContent</tag>
<doc>Takes a screenshot of the current window or element and saves it to disk.</doc>
<msg timestamp="20240320 20:13:44.687" level="INFO" html="true">&lt;/td&gt;&lt;/tr&gt;&lt;tr&gt;&lt;td colspan="3"&gt;&lt;a href="browser/screenshot/robotframework-browser-screenshot-24.png" target="_blank"&gt;&lt;img src="browser/screenshot/robotframework-browser-screenshot-24.png" width="800px"/&gt;&lt;/a&gt;</msg>
<status status="PASS" starttime="20240320 20:13:44.647" endtime="20240320 20:13:44.687"/>
</kw>
<status status="PASS" starttime="20240320 20:13:40.955" endtime="20240320 20:13:44.687"/>
</test>
<doc>Cenários de testes de pré-cadastro de cliente</doc>
<status status="PASS" starttime="20240320 20:13:37.317" endtime="20240320 20:13:44.730"/>
</suite>
<suite id="s1-s4" name="Slogan" source="C:\QAx\projects\smartbit-robot\web\tests\slogan.robot">
<test id="s1-s4-t1" name="Deve exibir o Slogan na Landing Page" line="7">
<kw name="New Browser" library="Browser">
<arg>browser=chromium</arg>
<arg>headless=False</arg>
<tag>BrowserControl</tag>
<tag>Setter</tag>
<doc>Create a new playwright Browser with specified options.</doc>
<msg timestamp="20240320 20:13:44.746" level="INFO">{"browser": "chromium", "headless": false, "chromiumSandbox": false, "devtools": false, "handleSIGHUP": true, "handleSIGINT": true, "handleSIGTERM": true, "slowMo": 0.0, "timeout": 30000.0, "tracesDir": "C:\\QAx\\projects\\smartbit-robot\\web\\logs\\browser\\traces\\bfb547fe-98d2-4374-9903-de58a97fb403"}</msg>
<msg timestamp="20240320 20:13:45.834" level="INFO">Successfully created browser with options: {"browser":"chromium","headless":false,"chromiumSandbox":false,"devtools":false,"handleSIGHUP":true,"handleSIGINT":true,"handleSIGTERM":true,"slowMo":0,"timeout":30000,"tracesDir":"C:\\QAx\\projects\\smartbit-robot\\web\\logs\\browser\\traces\\bfb547fe-98d2-4374-9903-de58a97fb403"}</msg>
<status status="PASS" starttime="20240320 20:13:44.745" endtime="20240320 20:13:45.834"/>
</kw>
<kw name="New Page" library="Browser">
<arg>http://localhost:3000</arg>
<tag>BrowserControl</tag>
<tag>Setter</tag>
<doc>Open a new Page.</doc>
<msg timestamp="20240320 20:13:46.594" level="INFO">Successfully initialized new page object and opened url: http://localhost:3000</msg>
<msg timestamp="20240320 20:13:46.594" level="INFO">No context was open. New context was automatically opened when this page is created.</msg>
<status status="PASS" starttime="20240320 20:13:45.877" endtime="20240320 20:13:46.594"/>
</kw>
<kw name="Get Text" library="Browser">
<arg>css=.headline h2</arg>
<arg>equal</arg>
<arg>Sua Jornada Fitness Começa aqui!</arg>
<tag>Assertion</tag>
<tag>Getter</tag>
<tag>PageContent</tag>
<doc>Returns text attribute of the element found by ``selector``.</doc>
<msg timestamp="20240320 20:13:46.651" level="INFO">Text: 'Sua Jornada Fitness Começa aqui!'</msg>
<status status="PASS" starttime="20240320 20:13:46.595" endtime="20240320 20:13:46.651"/>
</kw>
<kw name="Sleep" library="BuiltIn">
<arg>2</arg>
<doc>Pauses the test executed for the given time.</doc>
<msg timestamp="20240320 20:13:48.653" level="INFO">Slept 2 seconds</msg>
<status status="PASS" starttime="20240320 20:13:46.651" endtime="20240320 20:13:48.653"/>
</kw>
<status status="PASS" starttime="20240320 20:13:44.742" endtime="20240320 20:13:48.655"/>
</test>
<doc>Teste para veficar o Slogan da Smartbit na WebApp</doc>
<status status="PASS" starttime="20240320 20:13:44.736" endtime="20240320 20:13:48.769"/>
</suite>
<status status="PASS" starttime="20240320 20:13:00.047" endtime="20240320 20:13:48.792"/>
</suite>
<statistics>
<total>
<stat pass="11" fail="0" skip="0">All Tests</stat>
</total>
<tag>
<stat pass="1" fail="0" skip="0">dup</stat>
<stat pass="1" fail="0" skip="0">inv_email</stat>
<stat pass="1" fail="0" skip="0">inv_pass</stat>
<stat pass="1" fail="0" skip="0">remove</stat>
<stat pass="1" fail="0" skip="0">search</stat>
<stat pass="1" fail="0" skip="0">smoke</stat>
</tag>
<suite>
<stat pass="11" fail="0" skip="0" id="s1" name="Tests">Tests</stat>
<stat pass="4" fail="0" skip="0" id="s1-s1" name="Login">Tests.Login</stat>
<stat pass="4" fail="0" skip="0" id="s1-s2" name="Memberships">Tests.Memberships</stat>
<stat pass="2" fail="0" skip="0" id="s1-s3" name="Signup">Tests.Signup</stat>
<stat pass="1" fail="0" skip="0" id="s1-s4" name="Slogan">Tests.Slogan</stat>
</suite>
</statistics>
<errors>
</errors>
</robot>
