<?xml version="1.0" encoding="UTF-8"?>
<robot generator="Robot 7.0 (Python 3.12.2 on win32)" generated="2024-03-14T11:40:02.876795" rpa="false" schemaversion="5">
<suite id="s1" name="Tests" source="C:\QAx\projects\smartbit-robot\web\tests">
<suite id="s1-s1" name="Login" source="C:\QAx\projects\smartbit-robot\web\tests\login.robot">
<test id="s1-s1-t1" name="Deve logar como Gestor de Academia" line="10">
<kw name="Start session" owner="Base" type="SETUP">
<kw name="New Browser" owner="Browser">
<msg time="2024-03-14T11:40:04.161635" level="INFO">{"browser": "firefox", "headless": false, "chromiumSandbox": false, "devtools": false, "handleSIGHUP": true, "handleSIGINT": true, "handleSIGTERM": true, "slowMo": 0.0, "timeout": 30000.0, "tracesDir": "C:\\QAx\\projects\\smartbit-robot\\web\\logs\\browser\\traces\\292e16f7-ce35-48db-8d77-b00fc49fcc54"}</msg>
<msg time="2024-03-14T11:40:05.131717" level="INFO">Successfully created browser with options: {"browser":"firefox","headless":false,"chromiumSandbox":false,"devtools":false,"handleSIGHUP":true,"handleSIGINT":true,"handleSIGTERM":true,"slowMo":0,"timeout":30000,"tracesDir":"C:\\QAx\\projects\\smartbit-robot\\web\\logs\\browser\\traces\\292e16f7-ce35-48db-8d77-b00fc49fcc54"}</msg>
<arg>browser=firefox</arg>
<arg>headless=False</arg>
<tag>BrowserControl</tag>
<tag>Setter</tag>
<doc>Create a new playwright Browser with specified options.</doc>
<status status="PASS" start="2024-03-14T11:40:04.161635" elapsed="0.970082"/>
</kw>
<kw name="New Page" owner="Browser">
<msg time="2024-03-14T11:40:12.976663" level="INFO">Successfully initialized new page object and opened url: http://localhost:3000</msg>
<msg time="2024-03-14T11:40:12.976663" level="INFO">No context was open. New context was automatically opened when this page is created.</msg>
<arg>http://localhost:3000</arg>
<tag>BrowserControl</tag>
<tag>Setter</tag>
<doc>Open a new Page.</doc>
<status status="PASS" start="2024-03-14T11:40:05.131717" elapsed="7.844946"/>
</kw>
<status status="PASS" start="2024-03-14T11:40:04.161635" elapsed="8.815028"/>
</kw>
<kw name="Go to login Page" owner="Login">
<kw name="Go To" owner="Browser">
<msg time="2024-03-14T11:40:13.229992" level="INFO">Successfully opened URL http://localhost:3000/login</msg>
<arg>http://localhost:3000/login</arg>
<tag>BrowserControl</tag>
<tag>Setter</tag>
<doc>Navigates to the given ``url``.</doc>
<status status="PASS" start="2024-03-14T11:40:12.980661" elapsed="0.249331"/>
</kw>
<status status="PASS" start="2024-03-14T11:40:12.978663" elapsed="0.251329"/>
</kw>
<kw name="Submit login form" owner="Login">
<kw name="Fill Text" owner="Browser">
<msg time="2024-03-14T11:40:13.230990" level="INFO">Fills the text 'sac@smartbit.com' in the given field.</msg>
<arg>css=input[name=email]</arg>
<arg>${email}</arg>
<tag>PageContent</tag>
<tag>Setter</tag>
<doc>Clears and fills the given ``txt`` into the text field found by ``selector``.</doc>
<status status="PASS" start="2024-03-14T11:40:13.230990" elapsed="0.082554"/>
</kw>
<kw name="Fill Text" owner="Browser">
<msg time="2024-03-14T11:40:13.315545" level="INFO">Fills the text 'pwd123' in the given field.</msg>
<arg>css=input[name=password]</arg>
<arg>${password}</arg>
<tag>PageContent</tag>
<tag>Setter</tag>
<doc>Clears and fills the given ``txt`` into the text field found by ``selector``.</doc>
<status status="PASS" start="2024-03-14T11:40:13.313544" elapsed="0.033454"/>
</kw>
<kw name="Click" owner="Browser">
<arg>css=button &gt;&gt; text=Entrar</arg>
<tag>PageContent</tag>
<tag>Setter</tag>
<doc>Simulates mouse click on the element found by ``selector``.</doc>
<status status="PASS" start="2024-03-14T11:40:13.349000" elapsed="0.107294"/>
</kw>
<arg>sac@smartbit.com</arg>
<arg>pwd123</arg>
<status status="PASS" start="2024-03-14T11:40:13.229992" elapsed="0.226302"/>
</kw>
<kw name="User is logged input" owner="Accounts">
<kw name="Set Variable" owner="BuiltIn">
<msg time="2024-03-14T11:40:13.458302" level="INFO">${element} = css=.logged-user</msg>
<var>${element}</var>
<arg>css=.logged-user</arg>
<doc>Returns the given values which can then be assigned to a variables.</doc>
<status status="PASS" start="2024-03-14T11:40:13.458302" elapsed="0.000000"/>
</kw>
<kw name="Wait For Elements State" owner="Browser">
<msg time="2024-03-14T11:40:14.829400" level="INFO">Waited for Element with selector css=.logged-user at state visible</msg>
<arg>${element}</arg>
<arg>visible</arg>
<arg>5</arg>
<tag>PageContent</tag>
<tag>Wait</tag>
<doc>Waits for the element found by ``selector`` to satisfy state option.</doc>
<status status="PASS" start="2024-03-14T11:40:13.460296" elapsed="1.369104"/>
</kw>
<kw name="Get Text" owner="Browser">
<msg time="2024-03-14T11:40:14.885577" level="INFO">Text: 'sac@smartbit.com'</msg>
<arg>${element}</arg>
<arg>equal</arg>
<arg>${email}</arg>
<tag>Assertion</tag>
<tag>Getter</tag>
<tag>PageContent</tag>
<doc>Returns text attribute of the element found by ``selector``.</doc>
<status status="PASS" start="2024-03-14T11:40:14.829400" elapsed="0.056177"/>
</kw>
<kw name="Take Screenshot" owner="Browser">
<msg time="2024-03-14T11:40:14.947562" level="INFO" html="true">&lt;/td&gt;&lt;/tr&gt;&lt;tr&gt;&lt;td colspan="3"&gt;&lt;a href="browser/screenshot/robotframework-browser-screenshot-1.png" target="_blank"&gt;&lt;img src="browser/screenshot/robotframework-browser-screenshot-1.png" width="800px"/&gt;&lt;/a&gt;</msg>
<arg>selector=${element}</arg>
<tag>PageContent</tag>
<doc>Takes a screenshot of the current window or element and saves it to disk.</doc>
<status status="PASS" start="2024-03-14T11:40:14.885577" elapsed="0.061985"/>
</kw>
<arg>sac@smartbit.com</arg>
<status status="PASS" start="2024-03-14T11:40:13.458302" elapsed="1.489260"/>
</kw>
<kw name="Take Screenshot" owner="Browser" type="TEARDOWN">
<msg time="2024-03-14T11:40:15.001360" level="INFO" html="true">&lt;/td&gt;&lt;/tr&gt;&lt;tr&gt;&lt;td colspan="3"&gt;&lt;a href="browser/screenshot/robotframework-browser-screenshot-2.png" target="_blank"&gt;&lt;img src="browser/screenshot/robotframework-browser-screenshot-2.png" width="800px"/&gt;&lt;/a&gt;</msg>
<tag>PageContent</tag>
<doc>Takes a screenshot of the current window or element and saves it to disk.</doc>
<status status="PASS" start="2024-03-14T11:40:14.948576" elapsed="0.052784"/>
</kw>
<status status="PASS" start="2024-03-14T11:40:04.161635" elapsed="10.839725"/>
</test>
<test id="s1-s1-t2" name="Não deve logar com senha incorreta" line="16">
<kw name="Start session" owner="Base" type="SETUP">
<kw name="New Browser" owner="Browser">
<msg time="2024-03-14T11:40:15.084020" level="INFO">Switching browser to browser=7cf942fe-27a3-434c-b3f1-7b5e447597c1</msg>
<msg time="2024-03-14T11:40:15.088015" level="INFO">Successfully changed active browser: browser=7cf942fe-27a3-434c-b3f1-7b5e447597c1</msg>
<msg time="2024-03-14T11:40:15.088015" level="INFO">Reusing existing browser with id: browser=7cf942fe-27a3-434c-b3f1-7b5e447597c1</msg>
<arg>browser=firefox</arg>
<arg>headless=False</arg>
<tag>BrowserControl</tag>
<tag>Setter</tag>
<doc>Create a new playwright Browser with specified options.</doc>
<status status="PASS" start="2024-03-14T11:40:15.083017" elapsed="0.004998"/>
</kw>
<kw name="New Page" owner="Browser">
<msg time="2024-03-14T11:40:16.031033" level="INFO">Successfully initialized new page object and opened url: http://localhost:3000</msg>
<msg time="2024-03-14T11:40:16.031033" level="INFO">No context was open. New context was automatically opened when this page is created.</msg>
<arg>http://localhost:3000</arg>
<tag>BrowserControl</tag>
<tag>Setter</tag>
<doc>Open a new Page.</doc>
<status status="PASS" start="2024-03-14T11:40:15.088015" elapsed="0.944021"/>
</kw>
<status status="PASS" start="2024-03-14T11:40:15.082016" elapsed="0.951402"/>
</kw>
<kw name="Go to login Page" owner="Login">
<kw name="Go To" owner="Browser">
<msg time="2024-03-14T11:40:16.276633" level="INFO">Successfully opened URL http://localhost:3000/login</msg>
<arg>http://localhost:3000/login</arg>
<tag>BrowserControl</tag>
<tag>Setter</tag>
<doc>Navigates to the given ``url``.</doc>
<status status="PASS" start="2024-03-14T11:40:16.042040" elapsed="0.234593"/>
</kw>
<status status="PASS" start="2024-03-14T11:40:16.041523" elapsed="0.235110"/>
</kw>
<kw name="Submit login form" owner="Login">
<kw name="Fill Text" owner="Browser">
<msg time="2024-03-14T11:40:16.278613" level="INFO">Fills the text 'sac@smartbit.com' in the given field.</msg>
<arg>css=input[name=email]</arg>
<arg>${email}</arg>
<tag>PageContent</tag>
<tag>Setter</tag>
<doc>Clears and fills the given ``txt`` into the text field found by ``selector``.</doc>
<status status="PASS" start="2024-03-14T11:40:16.278613" elapsed="0.068040"/>
</kw>
<kw name="Fill Text" owner="Browser">
<msg time="2024-03-14T11:40:16.346653" level="INFO">Fills the text 'pwd@987' in the given field.</msg>
<arg>css=input[name=password]</arg>
<arg>${password}</arg>
<tag>PageContent</tag>
<tag>Setter</tag>
<doc>Clears and fills the given ``txt`` into the text field found by ``selector``.</doc>
<status status="PASS" start="2024-03-14T11:40:16.346653" elapsed="0.029956"/>
</kw>
<kw name="Click" owner="Browser">
<arg>css=button &gt;&gt; text=Entrar</arg>
<tag>PageContent</tag>
<tag>Setter</tag>
<doc>Simulates mouse click on the element found by ``selector``.</doc>
<status status="PASS" start="2024-03-14T11:40:16.376609" elapsed="0.112717"/>
</kw>
<arg>sac@smartbit.com</arg>
<arg>pwd@987</arg>
<status status="PASS" start="2024-03-14T11:40:16.278613" elapsed="0.210713"/>
</kw>
<kw name="Toast should be" owner="Toast">
<kw name="Set Variable" owner="BuiltIn">
<msg time="2024-03-14T11:40:16.490334" level="INFO">${selector} = .Toastify__toast-body</msg>
<var>${selector}</var>
<arg>.Toastify__toast-body</arg>
<doc>Returns the given values which can then be assigned to a variables.</doc>
<status status="PASS" start="2024-03-14T11:40:16.490334" elapsed="0.000000"/>
</kw>
<kw name="Wait For Elements State" owner="Browser">
<msg time="2024-03-14T11:40:17.853824" level="INFO">Waited for Element with selector css=.Toastify__toast-body at state visible</msg>
<arg>css=${selector}</arg>
<arg>visible</arg>
<arg>5</arg>
<tag>PageContent</tag>
<tag>Wait</tag>
<doc>Waits for the element found by ``selector`` to satisfy state option.</doc>
<status status="PASS" start="2024-03-14T11:40:16.490334" elapsed="1.364139"/>
</kw>
<kw name="Get Text" owner="Browser">
<msg time="2024-03-14T11:40:17.948086" level="INFO">Text: 'As credenciais de acesso fornecidas são inválidas. Tente novamente!'</msg>
<arg>css=${selector}</arg>
<arg>equal</arg>
<arg>${expected_text}</arg>
<tag>Assertion</tag>
<tag>Getter</tag>
<tag>PageContent</tag>
<doc>Returns text attribute of the element found by ``selector``.</doc>
<status status="PASS" start="2024-03-14T11:40:17.854473" elapsed="0.093613"/>
</kw>
<kw name="Take Screenshot" owner="Browser">
<msg time="2024-03-14T11:40:18.277880" level="INFO" html="true">&lt;/td&gt;&lt;/tr&gt;&lt;tr&gt;&lt;td colspan="3"&gt;&lt;a href="browser/screenshot/robotframework-browser-screenshot-3.png" target="_blank"&gt;&lt;img src="browser/screenshot/robotframework-browser-screenshot-3.png" width="800px"/&gt;&lt;/a&gt;</msg>
<arg>selector=${selector}</arg>
<tag>PageContent</tag>
<doc>Takes a screenshot of the current window or element and saves it to disk.</doc>
<status status="PASS" start="2024-03-14T11:40:17.948607" elapsed="0.329273"/>
</kw>
<arg>As credenciais de acesso fornecidas são inválidas. Tente novamente!</arg>
<status status="PASS" start="2024-03-14T11:40:16.490334" elapsed="1.787546"/>
</kw>
<kw name="Take Screenshot" owner="Browser" type="TEARDOWN">
<msg time="2024-03-14T11:40:18.320709" level="INFO" html="true">&lt;/td&gt;&lt;/tr&gt;&lt;tr&gt;&lt;td colspan="3"&gt;&lt;a href="browser/screenshot/robotframework-browser-screenshot-4.png" target="_blank"&gt;&lt;img src="browser/screenshot/robotframework-browser-screenshot-4.png" width="800px"/&gt;&lt;/a&gt;</msg>
<tag>PageContent</tag>
<doc>Takes a screenshot of the current window or element and saves it to disk.</doc>
<status status="PASS" start="2024-03-14T11:40:18.277880" elapsed="0.042829"/>
</kw>
<tag>inv_pass</tag>
<status status="PASS" start="2024-03-14T11:40:15.077022" elapsed="3.243687"/>
</test>
<test id="s1-s1-t3" name="Não deve logar com email não cadastrado" line="22">
<kw name="Start session" owner="Base" type="SETUP">
<kw name="New Browser" owner="Browser">
<msg time="2024-03-14T11:40:18.411532" level="INFO">Switching browser to browser=7cf942fe-27a3-434c-b3f1-7b5e447597c1</msg>
<msg time="2024-03-14T11:40:18.414139" level="INFO">Successfully changed active browser: browser=7cf942fe-27a3-434c-b3f1-7b5e447597c1</msg>
<msg time="2024-03-14T11:40:18.414139" level="INFO">Reusing existing browser with id: browser=7cf942fe-27a3-434c-b3f1-7b5e447597c1</msg>
<arg>browser=firefox</arg>
<arg>headless=False</arg>
<tag>BrowserControl</tag>
<tag>Setter</tag>
<doc>Create a new playwright Browser with specified options.</doc>
<status status="PASS" start="2024-03-14T11:40:18.410770" elapsed="0.003369"/>
</kw>
<kw name="New Page" owner="Browser">
<msg time="2024-03-14T11:40:19.258182" level="INFO">Successfully initialized new page object and opened url: http://localhost:3000</msg>
<msg time="2024-03-14T11:40:19.258182" level="INFO">No context was open. New context was automatically opened when this page is created.</msg>
<arg>http://localhost:3000</arg>
<tag>BrowserControl</tag>
<tag>Setter</tag>
<doc>Open a new Page.</doc>
<status status="PASS" start="2024-03-14T11:40:18.415162" elapsed="0.843020"/>
</kw>
<status status="PASS" start="2024-03-14T11:40:18.409569" elapsed="0.849616"/>
</kw>
<kw name="Go to login Page" owner="Login">
<kw name="Go To" owner="Browser">
<msg time="2024-03-14T11:40:19.523022" level="INFO">Successfully opened URL http://localhost:3000/login</msg>
<arg>http://localhost:3000/login</arg>
<tag>BrowserControl</tag>
<tag>Setter</tag>
<doc>Navigates to the given ``url``.</doc>
<status status="PASS" start="2024-03-14T11:40:19.269195" elapsed="0.253827"/>
</kw>
<status status="PASS" start="2024-03-14T11:40:19.269195" elapsed="0.253827"/>
</kw>
<kw name="Submit login form" owner="Login">
<kw name="Fill Text" owner="Browser">
<msg time="2024-03-14T11:40:19.526022" level="INFO">Fills the text '404@smartbit.com' in the given field.</msg>
<arg>css=input[name=email]</arg>
<arg>${email}</arg>
<tag>PageContent</tag>
<tag>Setter</tag>
<doc>Clears and fills the given ``txt`` into the text field found by ``selector``.</doc>
<status status="PASS" start="2024-03-14T11:40:19.525021" elapsed="0.073338"/>
</kw>
<kw name="Fill Text" owner="Browser">
<msg time="2024-03-14T11:40:19.600360" level="INFO">Fills the text 'pwd@987' in the given field.</msg>
<arg>css=input[name=password]</arg>
<arg>${password}</arg>
<tag>PageContent</tag>
<tag>Setter</tag>
<doc>Clears and fills the given ``txt`` into the text field found by ``selector``.</doc>
<status status="PASS" start="2024-03-14T11:40:19.598359" elapsed="0.030687"/>
</kw>
<kw name="Click" owner="Browser">
<arg>css=button &gt;&gt; text=Entrar</arg>
<tag>PageContent</tag>
<tag>Setter</tag>
<doc>Simulates mouse click on the element found by ``selector``.</doc>
<status status="PASS" start="2024-03-14T11:40:19.629046" elapsed="0.098665"/>
</kw>
<arg>404@smartbit.com</arg>
<arg>pwd@987</arg>
<status status="PASS" start="2024-03-14T11:40:19.525021" elapsed="0.203283"/>
</kw>
<kw name="Toast should be" owner="Toast">
<kw name="Set Variable" owner="BuiltIn">
<msg time="2024-03-14T11:40:19.732305" level="INFO">${selector} = .Toastify__toast-body</msg>
<var>${selector}</var>
<arg>.Toastify__toast-body</arg>
<doc>Returns the given values which can then be assigned to a variables.</doc>
<status status="PASS" start="2024-03-14T11:40:19.732305" elapsed="0.000000"/>
</kw>
<kw name="Wait For Elements State" owner="Browser">
<msg time="2024-03-14T11:40:21.114371" level="INFO">Waited for Element with selector css=.Toastify__toast-body at state visible</msg>
<arg>css=${selector}</arg>
<arg>visible</arg>
<arg>5</arg>
<tag>PageContent</tag>
<tag>Wait</tag>
<doc>Waits for the element found by ``selector`` to satisfy state option.</doc>
<status status="PASS" start="2024-03-14T11:40:19.734306" elapsed="1.380065"/>
</kw>
<kw name="Get Text" owner="Browser">
<msg time="2024-03-14T11:40:21.174369" level="INFO">Text: 'As credenciais de acesso fornecidas são inválidas. Tente novamente!'</msg>
<arg>css=${selector}</arg>
<arg>equal</arg>
<arg>${expected_text}</arg>
<tag>Assertion</tag>
<tag>Getter</tag>
<tag>PageContent</tag>
<doc>Returns text attribute of the element found by ``selector``.</doc>
<status status="PASS" start="2024-03-14T11:40:21.116382" elapsed="0.057987"/>
</kw>
<kw name="Take Screenshot" owner="Browser">
<msg time="2024-03-14T11:40:21.513821" level="INFO" html="true">&lt;/td&gt;&lt;/tr&gt;&lt;tr&gt;&lt;td colspan="3"&gt;&lt;a href="browser/screenshot/robotframework-browser-screenshot-5.png" target="_blank"&gt;&lt;img src="browser/screenshot/robotframework-browser-screenshot-5.png" width="800px"/&gt;&lt;/a&gt;</msg>
<arg>selector=${selector}</arg>
<tag>PageContent</tag>
<doc>Takes a screenshot of the current window or element and saves it to disk.</doc>
<status status="PASS" start="2024-03-14T11:40:21.174369" elapsed="0.339452"/>
</kw>
<arg>As credenciais de acesso fornecidas são inválidas. Tente novamente!</arg>
<status status="PASS" start="2024-03-14T11:40:19.732305" elapsed="1.781516"/>
</kw>
<kw name="Take Screenshot" owner="Browser" type="TEARDOWN">
<msg time="2024-03-14T11:40:21.571758" level="INFO" html="true">&lt;/td&gt;&lt;/tr&gt;&lt;tr&gt;&lt;td colspan="3"&gt;&lt;a href="browser/screenshot/robotframework-browser-screenshot-6.png" target="_blank"&gt;&lt;img src="browser/screenshot/robotframework-browser-screenshot-6.png" width="800px"/&gt;&lt;/a&gt;</msg>
<tag>PageContent</tag>
<doc>Takes a screenshot of the current window or element and saves it to disk.</doc>
<status status="PASS" start="2024-03-14T11:40:21.513821" elapsed="0.057937"/>
</kw>
<tag>inv_email</tag>
<status status="PASS" start="2024-03-14T11:40:18.405565" elapsed="3.166193"/>
</test>
<test id="s1-s1-t4" name="Tentativa de login com dados incorretos" line="28">
<kw name="Start session" owner="Base" type="SETUP">
<kw name="New Browser" owner="Browser">
<msg time="2024-03-14T11:40:21.636119" level="INFO">Switching browser to browser=7cf942fe-27a3-434c-b3f1-7b5e447597c1</msg>
<msg time="2024-03-14T11:40:21.643123" level="INFO">Successfully changed active browser: browser=7cf942fe-27a3-434c-b3f1-7b5e447597c1</msg>
<msg time="2024-03-14T11:40:21.643123" level="INFO">Reusing existing browser with id: browser=7cf942fe-27a3-434c-b3f1-7b5e447597c1</msg>
<arg>browser=firefox</arg>
<arg>headless=False</arg>
<tag>BrowserControl</tag>
<tag>Setter</tag>
<doc>Create a new playwright Browser with specified options.</doc>
<status status="PASS" start="2024-03-14T11:40:21.635123" elapsed="0.008000"/>
</kw>
<kw name="New Page" owner="Browser">
<msg time="2024-03-14T11:40:22.556209" level="INFO">Successfully initialized new page object and opened url: http://localhost:3000</msg>
<msg time="2024-03-14T11:40:22.556209" level="INFO">No context was open. New context was automatically opened when this page is created.</msg>
<arg>http://localhost:3000</arg>
<tag>BrowserControl</tag>
<tag>Setter</tag>
<doc>Open a new Page.</doc>
<status status="PASS" start="2024-03-14T11:40:21.644075" elapsed="0.913138"/>
</kw>
<status status="PASS" start="2024-03-14T11:40:21.633119" elapsed="0.924094"/>
</kw>
<kw name="Login with verify notice">
<kw name="Go to login Page" owner="Login">
<kw name="Go To" owner="Browser">
<msg time="2024-03-14T11:40:22.806156" level="INFO">Successfully opened URL http://localhost:3000/login</msg>
<arg>http://localhost:3000/login</arg>
<tag>BrowserControl</tag>
<tag>Setter</tag>
<doc>Navigates to the given ``url``.</doc>
<status status="PASS" start="2024-03-14T11:40:22.565211" elapsed="0.240945"/>
</kw>
<status status="PASS" start="2024-03-14T11:40:22.565211" elapsed="0.240945"/>
</kw>
<kw name="Submit login form" owner="Login">
<kw name="Fill Text" owner="Browser">
<msg time="2024-03-14T11:40:22.808151" level="INFO">Fills the text '' in the given field.</msg>
<arg>css=input[name=email]</arg>
<arg>${email}</arg>
<tag>PageContent</tag>
<tag>Setter</tag>
<doc>Clears and fills the given ``txt`` into the text field found by ``selector``.</doc>
<status status="PASS" start="2024-03-14T11:40:22.808151" elapsed="0.065126"/>
</kw>
<kw name="Fill Text" owner="Browser">
<msg time="2024-03-14T11:40:22.875277" level="INFO">Fills the text '' in the given field.</msg>
<arg>css=input[name=password]</arg>
<arg>${password}</arg>
<tag>PageContent</tag>
<tag>Setter</tag>
<doc>Clears and fills the given ``txt`` into the text field found by ``selector``.</doc>
<status status="PASS" start="2024-03-14T11:40:22.873277" elapsed="0.027740"/>
</kw>
<kw name="Click" owner="Browser">
<arg>css=button &gt;&gt; text=Entrar</arg>
<tag>PageContent</tag>
<tag>Setter</tag>
<doc>Simulates mouse click on the element found by ``selector``.</doc>
<status status="PASS" start="2024-03-14T11:40:22.901017" elapsed="0.100940"/>
</kw>
<arg>${email}</arg>
<arg>${password}</arg>
<status status="PASS" start="2024-03-14T11:40:22.806156" elapsed="0.195801"/>
</kw>
<kw name="Notice should be" owner="BoxNotice">
<kw name="Set Variable" owner="BuiltIn">
<msg time="2024-03-14T11:40:23.003957" level="INFO">${element} = css=form .notice</msg>
<var>${element}</var>
<arg>css=form .notice</arg>
<doc>Returns the given values which can then be assigned to a variables.</doc>
<status status="PASS" start="2024-03-14T11:40:23.003957" elapsed="0.000000"/>
</kw>
<kw name="Wait For Elements State" owner="Browser">
<msg time="2024-03-14T11:40:23.345531" level="INFO">Waited for Element with selector css=form .notice at state visible</msg>
<arg>${element}</arg>
<arg>visible</arg>
<arg>5</arg>
<tag>PageContent</tag>
<tag>Wait</tag>
<doc>Waits for the element found by ``selector`` to satisfy state option.</doc>
<status status="PASS" start="2024-03-14T11:40:23.003957" elapsed="0.341574"/>
</kw>
<kw name="Get Text" owner="Browser">
<msg time="2024-03-14T11:40:23.409259" level="INFO">Text: 'Os campos email e senha são obrigatórios.'</msg>
<arg>${element}</arg>
<arg>equal</arg>
<arg>${target}</arg>
<tag>Assertion</tag>
<tag>Getter</tag>
<tag>PageContent</tag>
<doc>Returns text attribute of the element found by ``selector``.</doc>
<status status="PASS" start="2024-03-14T11:40:23.346559" elapsed="0.062700"/>
</kw>
<kw name="Take Screenshot" owner="Browser">
<msg time="2024-03-14T11:40:23.477417" level="INFO" html="true">&lt;/td&gt;&lt;/tr&gt;&lt;tr&gt;&lt;td colspan="3"&gt;&lt;a href="browser/screenshot/robotframework-browser-screenshot-7.png" target="_blank"&gt;&lt;img src="browser/screenshot/robotframework-browser-screenshot-7.png" width="800px"/&gt;&lt;/a&gt;</msg>
<arg>selector=form .notice</arg>
<tag>PageContent</tag>
<doc>Takes a screenshot of the current window or element and saves it to disk.</doc>
<status status="PASS" start="2024-03-14T11:40:23.410258" elapsed="0.067159"/>
</kw>
<arg>${output_message}</arg>
<status status="PASS" start="2024-03-14T11:40:23.001957" elapsed="0.475460"/>
</kw>
<arg>${EMPTY}</arg>
<arg>${EMPTY}</arg>
<arg>Os campos email e senha são obrigatórios.</arg>
<status status="PASS" start="2024-03-14T11:40:22.563208" elapsed="0.914209"/>
</kw>
<kw name="Login with verify notice">
<kw name="Go to login Page" owner="Login">
<kw name="Go To" owner="Browser">
<msg time="2024-03-14T11:40:23.671396" level="INFO">Successfully opened URL http://localhost:3000/login</msg>
<arg>http://localhost:3000/login</arg>
<tag>BrowserControl</tag>
<tag>Setter</tag>
<doc>Navigates to the given ``url``.</doc>
<status status="PASS" start="2024-03-14T11:40:23.479416" elapsed="0.191980"/>
</kw>
<status status="PASS" start="2024-03-14T11:40:23.479416" elapsed="0.191980"/>
</kw>
<kw name="Submit login form" owner="Login">
<kw name="Fill Text" owner="Browser">
<msg time="2024-03-14T11:40:23.673397" level="INFO">Fills the text '' in the given field.</msg>
<arg>css=input[name=email]</arg>
<arg>${email}</arg>
<tag>PageContent</tag>
<tag>Setter</tag>
<doc>Clears and fills the given ``txt`` into the text field found by ``selector``.</doc>
<status status="PASS" start="2024-03-14T11:40:23.671396" elapsed="0.064859"/>
</kw>
<kw name="Fill Text" owner="Browser">
<msg time="2024-03-14T11:40:23.736255" level="INFO">Fills the text 'pwd123' in the given field.</msg>
<arg>css=input[name=password]</arg>
<arg>${password}</arg>
<tag>PageContent</tag>
<tag>Setter</tag>
<doc>Clears and fills the given ``txt`` into the text field found by ``selector``.</doc>
<status status="PASS" start="2024-03-14T11:40:23.736255" elapsed="0.026824"/>
</kw>
<kw name="Click" owner="Browser">
<arg>css=button &gt;&gt; text=Entrar</arg>
<tag>PageContent</tag>
<tag>Setter</tag>
<doc>Simulates mouse click on the element found by ``selector``.</doc>
<status status="PASS" start="2024-03-14T11:40:23.763079" elapsed="0.113284"/>
</kw>
<arg>${email}</arg>
<arg>${password}</arg>
<status status="PASS" start="2024-03-14T11:40:23.671396" elapsed="0.205977"/>
</kw>
<kw name="Notice should be" owner="BoxNotice">
<kw name="Set Variable" owner="BuiltIn">
<msg time="2024-03-14T11:40:23.878369" level="INFO">${element} = css=form .notice</msg>
<var>${element}</var>
<arg>css=form .notice</arg>
<doc>Returns the given values which can then be assigned to a variables.</doc>
<status status="PASS" start="2024-03-14T11:40:23.877373" elapsed="0.000996"/>
</kw>
<kw name="Wait For Elements State" owner="Browser">
<msg time="2024-03-14T11:40:24.210153" level="INFO">Waited for Element with selector css=form .notice at state visible</msg>
<arg>${element}</arg>
<arg>visible</arg>
<arg>5</arg>
<tag>PageContent</tag>
<tag>Wait</tag>
<doc>Waits for the element found by ``selector`` to satisfy state option.</doc>
<status status="PASS" start="2024-03-14T11:40:23.878369" elapsed="0.331784"/>
</kw>
<kw name="Get Text" owner="Browser">
<msg time="2024-03-14T11:40:24.257927" level="INFO">Text: 'Os campos email e senha são obrigatórios.'</msg>
<arg>${element}</arg>
<arg>equal</arg>
<arg>${target}</arg>
<tag>Assertion</tag>
<tag>Getter</tag>
<tag>PageContent</tag>
<doc>Returns text attribute of the element found by ``selector``.</doc>
<status status="PASS" start="2024-03-14T11:40:24.211154" elapsed="0.047768"/>
</kw>
<kw name="Take Screenshot" owner="Browser">
<msg time="2024-03-14T11:40:24.331841" level="INFO" html="true">&lt;/td&gt;&lt;/tr&gt;&lt;tr&gt;&lt;td colspan="3"&gt;&lt;a href="browser/screenshot/robotframework-browser-screenshot-8.png" target="_blank"&gt;&lt;img src="browser/screenshot/robotframework-browser-screenshot-8.png" width="800px"/&gt;&lt;/a&gt;</msg>
<arg>selector=form .notice</arg>
<tag>PageContent</tag>
<doc>Takes a screenshot of the current window or element and saves it to disk.</doc>
<status status="PASS" start="2024-03-14T11:40:24.258922" elapsed="0.072919"/>
</kw>
<arg>${output_message}</arg>
<status status="PASS" start="2024-03-14T11:40:23.877373" elapsed="0.454468"/>
</kw>
<arg>${EMPTY}</arg>
<arg>pwd123</arg>
<arg>Os campos email e senha são obrigatórios.</arg>
<status status="PASS" start="2024-03-14T11:40:23.478417" elapsed="0.853424"/>
</kw>
<kw name="Login with verify notice">
<kw name="Go to login Page" owner="Login">
<kw name="Go To" owner="Browser">
<msg time="2024-03-14T11:40:24.539526" level="INFO">Successfully opened URL http://localhost:3000/login</msg>
<arg>http://localhost:3000/login</arg>
<tag>BrowserControl</tag>
<tag>Setter</tag>
<doc>Navigates to the given ``url``.</doc>
<status status="PASS" start="2024-03-14T11:40:24.333826" elapsed="0.205700"/>
</kw>
<status status="PASS" start="2024-03-14T11:40:24.333826" elapsed="0.205700"/>
</kw>
<kw name="Submit login form" owner="Login">
<kw name="Fill Text" owner="Browser">
<msg time="2024-03-14T11:40:24.541508" level="INFO">Fills the text 'sac@smartbit.com' in the given field.</msg>
<arg>css=input[name=email]</arg>
<arg>${email}</arg>
<tag>PageContent</tag>
<tag>Setter</tag>
<doc>Clears and fills the given ``txt`` into the text field found by ``selector``.</doc>
<status status="PASS" start="2024-03-14T11:40:24.539526" elapsed="0.097081"/>
</kw>
<kw name="Fill Text" owner="Browser">
<msg time="2024-03-14T11:40:24.636607" level="INFO">Fills the text '' in the given field.</msg>
<arg>css=input[name=password]</arg>
<arg>${password}</arg>
<tag>PageContent</tag>
<tag>Setter</tag>
<doc>Clears and fills the given ``txt`` into the text field found by ``selector``.</doc>
<status status="PASS" start="2024-03-14T11:40:24.636607" elapsed="0.034363"/>
</kw>
<kw name="Click" owner="Browser">
<arg>css=button &gt;&gt; text=Entrar</arg>
<tag>PageContent</tag>
<tag>Setter</tag>
<doc>Simulates mouse click on the element found by ``selector``.</doc>
<status status="PASS" start="2024-03-14T11:40:24.670970" elapsed="0.104694"/>
</kw>
<arg>${email}</arg>
<arg>${password}</arg>
<status status="PASS" start="2024-03-14T11:40:24.539526" elapsed="0.238149"/>
</kw>
<kw name="Notice should be" owner="BoxNotice">
<kw name="Set Variable" owner="BuiltIn">
<msg time="2024-03-14T11:40:24.777675" level="INFO">${element} = css=form .notice</msg>
<var>${element}</var>
<arg>css=form .notice</arg>
<doc>Returns the given values which can then be assigned to a variables.</doc>
<status status="PASS" start="2024-03-14T11:40:24.777675" elapsed="0.000000"/>
</kw>
<kw name="Wait For Elements State" owner="Browser">
<msg time="2024-03-14T11:40:25.109567" level="INFO">Waited for Element with selector css=form .notice at state visible</msg>
<arg>${element}</arg>
<arg>visible</arg>
<arg>5</arg>
<tag>PageContent</tag>
<tag>Wait</tag>
<doc>Waits for the element found by ``selector`` to satisfy state option.</doc>
<status status="PASS" start="2024-03-14T11:40:24.778805" elapsed="0.330762"/>
</kw>
<kw name="Get Text" owner="Browser">
<msg time="2024-03-14T11:40:25.156001" level="INFO">Text: 'Os campos email e senha são obrigatórios.'</msg>
<arg>${element}</arg>
<arg>equal</arg>
<arg>${target}</arg>
<tag>Assertion</tag>
<tag>Getter</tag>
<tag>PageContent</tag>
<doc>Returns text attribute of the element found by ``selector``.</doc>
<status status="PASS" start="2024-03-14T11:40:25.111566" elapsed="0.044435"/>
</kw>
<kw name="Take Screenshot" owner="Browser">
<msg time="2024-03-14T11:40:25.233597" level="INFO" html="true">&lt;/td&gt;&lt;/tr&gt;&lt;tr&gt;&lt;td colspan="3"&gt;&lt;a href="browser/screenshot/robotframework-browser-screenshot-9.png" target="_blank"&gt;&lt;img src="browser/screenshot/robotframework-browser-screenshot-9.png" width="800px"/&gt;&lt;/a&gt;</msg>
<arg>selector=form .notice</arg>
<tag>PageContent</tag>
<doc>Takes a screenshot of the current window or element and saves it to disk.</doc>
<status status="PASS" start="2024-03-14T11:40:25.156001" elapsed="0.077596"/>
</kw>
<arg>${output_message}</arg>
<status status="PASS" start="2024-03-14T11:40:24.777675" elapsed="0.455922"/>
</kw>
<arg>sac@smartbit.com</arg>
<arg>${EMPTY}</arg>
<arg>Os campos email e senha são obrigatórios.</arg>
<status status="PASS" start="2024-03-14T11:40:24.333826" elapsed="0.899771"/>
</kw>
<kw name="Login with verify notice">
<kw name="Go to login Page" owner="Login">
<kw name="Go To" owner="Browser">
<msg time="2024-03-14T11:40:25.358911" level="INFO">Successfully opened URL http://localhost:3000/login</msg>
<arg>http://localhost:3000/login</arg>
<tag>BrowserControl</tag>
<tag>Setter</tag>
<doc>Navigates to the given ``url``.</doc>
<status status="PASS" start="2024-03-14T11:40:25.235607" elapsed="0.124307"/>
</kw>
<status status="PASS" start="2024-03-14T11:40:25.235607" elapsed="0.124307"/>
</kw>
<kw name="Submit login form" owner="Login">
<kw name="Fill Text" owner="Browser">
<msg time="2024-03-14T11:40:25.360910" level="INFO">Fills the text 'sac&amp;&amp;smartbit.com' in the given field.</msg>
<arg>css=input[name=email]</arg>
<arg>${email}</arg>
<tag>PageContent</tag>
<tag>Setter</tag>
<doc>Clears and fills the given ``txt`` into the text field found by ``selector``.</doc>
<status status="PASS" start="2024-03-14T11:40:25.359914" elapsed="0.069236"/>
</kw>
<kw name="Fill Text" owner="Browser">
<msg time="2024-03-14T11:40:25.429150" level="INFO">Fills the text 'pwd123' in the given field.</msg>
<arg>css=input[name=password]</arg>
<arg>${password}</arg>
<tag>PageContent</tag>
<tag>Setter</tag>
<doc>Clears and fills the given ``txt`` into the text field found by ``selector``.</doc>
<status status="PASS" start="2024-03-14T11:40:25.429150" elapsed="0.030680"/>
</kw>
<kw name="Click" owner="Browser">
<arg>css=button &gt;&gt; text=Entrar</arg>
<tag>PageContent</tag>
<tag>Setter</tag>
<doc>Simulates mouse click on the element found by ``selector``.</doc>
<status status="PASS" start="2024-03-14T11:40:25.459830" elapsed="0.102915"/>
</kw>
<arg>${email}</arg>
<arg>${password}</arg>
<status status="PASS" start="2024-03-14T11:40:25.359914" elapsed="0.202831"/>
</kw>
<kw name="Notice should be" owner="BoxNotice">
<kw name="Set Variable" owner="BuiltIn">
<msg time="2024-03-14T11:40:25.562745" level="INFO">${element} = css=form .notice</msg>
<var>${element}</var>
<arg>css=form .notice</arg>
<doc>Returns the given values which can then be assigned to a variables.</doc>
<status status="PASS" start="2024-03-14T11:40:25.562745" elapsed="0.000000"/>
</kw>
<kw name="Wait For Elements State" owner="Browser">
<msg time="2024-03-14T11:40:25.894041" level="INFO">Waited for Element with selector css=form .notice at state visible</msg>
<arg>${element}</arg>
<arg>visible</arg>
<arg>5</arg>
<tag>PageContent</tag>
<tag>Wait</tag>
<doc>Waits for the element found by ``selector`` to satisfy state option.</doc>
<status status="PASS" start="2024-03-14T11:40:25.562745" elapsed="0.331296"/>
</kw>
<kw name="Get Text" owner="Browser">
<msg time="2024-03-14T11:40:25.939901" level="INFO">Text: 'Oops! O email informado é inválido'</msg>
<arg>${element}</arg>
<arg>equal</arg>
<arg>${target}</arg>
<tag>Assertion</tag>
<tag>Getter</tag>
<tag>PageContent</tag>
<doc>Returns text attribute of the element found by ``selector``.</doc>
<status status="PASS" start="2024-03-14T11:40:25.896027" elapsed="0.043874"/>
</kw>
<kw name="Take Screenshot" owner="Browser">
<msg time="2024-03-14T11:40:26.003681" level="INFO" html="true">&lt;/td&gt;&lt;/tr&gt;&lt;tr&gt;&lt;td colspan="3"&gt;&lt;a href="browser/screenshot/robotframework-browser-screenshot-10.png" target="_blank"&gt;&lt;img src="browser/screenshot/robotframework-browser-screenshot-10.png" width="800px"/&gt;&lt;/a&gt;</msg>
<arg>selector=form .notice</arg>
<tag>PageContent</tag>
<doc>Takes a screenshot of the current window or element and saves it to disk.</doc>
<status status="PASS" start="2024-03-14T11:40:25.939901" elapsed="0.063780"/>
</kw>
<arg>${output_message}</arg>
<status status="PASS" start="2024-03-14T11:40:25.562745" elapsed="0.440936"/>
</kw>
<arg>sac&amp;&amp;smartbit.com</arg>
<arg>pwd123</arg>
<arg>Oops! O email informado é inválido</arg>
<status status="PASS" start="2024-03-14T11:40:25.235607" elapsed="0.768074"/>
</kw>
<kw name="Take Screenshot" owner="Browser" type="TEARDOWN">
<msg time="2024-03-14T11:40:26.054216" level="INFO" html="true">&lt;/td&gt;&lt;/tr&gt;&lt;tr&gt;&lt;td colspan="3"&gt;&lt;a href="browser/screenshot/robotframework-browser-screenshot-11.png" target="_blank"&gt;&lt;img src="browser/screenshot/robotframework-browser-screenshot-11.png" width="800px"/&gt;&lt;/a&gt;</msg>
<tag>PageContent</tag>
<doc>Takes a screenshot of the current window or element and saves it to disk.</doc>
<status status="PASS" start="2024-03-14T11:40:26.004945" elapsed="0.049271"/>
</kw>
<status status="PASS" start="2024-03-14T11:40:21.630119" elapsed="4.424097"/>
</test>
<doc>Cenários de testes do Login SAC</doc>
<status status="PASS" start="2024-03-14T11:40:02.906715" elapsed="23.201432"/>
</suite>
<suite id="s1-s2" name="Memberships" source="C:\QAx\projects\smartbit-robot\web\tests\memberships.robot">
<test id="s1-s2-t1" name="Deve poder realizar uma nova adesão" line="11">
<kw name="Start session" owner="Base" type="SETUP">
<kw name="New Browser" owner="Browser">
<msg time="2024-03-14T11:40:26.165467" level="INFO">Switching browser to browser=7cf942fe-27a3-434c-b3f1-7b5e447597c1</msg>
<msg time="2024-03-14T11:40:26.167467" level="INFO">Successfully changed active browser: browser=7cf942fe-27a3-434c-b3f1-7b5e447597c1</msg>
<msg time="2024-03-14T11:40:26.167467" level="INFO">Reusing existing browser with id: browser=7cf942fe-27a3-434c-b3f1-7b5e447597c1</msg>
<arg>browser=firefox</arg>
<arg>headless=False</arg>
<tag>BrowserControl</tag>
<tag>Setter</tag>
<doc>Create a new playwright Browser with specified options.</doc>
<status status="PASS" start="2024-03-14T11:40:26.164465" elapsed="0.003002"/>
</kw>
<kw name="New Page" owner="Browser">
<msg time="2024-03-14T11:40:27.007509" level="INFO">Successfully initialized new page object and opened url: http://localhost:3000</msg>
<msg time="2024-03-14T11:40:27.007509" level="INFO">No context was open. New context was automatically opened when this page is created.</msg>
<arg>http://localhost:3000</arg>
<tag>BrowserControl</tag>
<tag>Setter</tag>
<doc>Open a new Page.</doc>
<status status="PASS" start="2024-03-14T11:40:26.167467" elapsed="0.840042"/>
</kw>
<status status="PASS" start="2024-03-14T11:40:26.164465" elapsed="0.843044"/>
</kw>
<kw name="Get Json fixture" owner="Base">
<kw name="Load Json From File" owner="JSONLibrary">
<msg time="2024-03-14T11:40:27.015512" level="INFO">${data} = {'create': {'account': {'name': 'Wellington Rodrigues', 'email': 'WellingtonAvon@test.com', 'cpf': '35400747086'}, 'plan': {'name': 'Plano Black', 'id': '2', 'price': 79.99}, 'credit_card': {'number':...</msg>
<var>${data}</var>
<arg>${EXECDIR}/resources/fixtures/${file_name}.json</arg>
<arg>encoding=utf-8</arg>
<doc>Load JSON from file.</doc>
<status status="PASS" start="2024-03-14T11:40:27.013511" elapsed="0.002001"/>
</kw>
<return>
<value>${data}[${scenario}]</value>
<status status="PASS" start="2024-03-14T11:40:27.015512" elapsed="0.000000"/>
</return>
<msg time="2024-03-14T11:40:27.015512" level="INFO">${data} = {'account': {'name': 'Wellington Rodrigues', 'email': 'WellingtonAvon@test.com', 'cpf': '35400747086'}, 'plan': {'name': 'Plano Black', 'id': '2', 'price': 79.99}, 'credit_card': {'number': '424242424...</msg>
<var>${data}</var>
<arg>memberships</arg>
<arg>create</arg>
<status status="PASS" start="2024-03-14T11:40:27.013511" elapsed="0.002001"/>
</kw>
<kw name="Delete Account By Email" owner="Database">
<arg>${data}[account][email]</arg>
<status status="PASS" start="2024-03-14T11:40:27.015512" elapsed="0.066485"/>
</kw>
<kw name="Insert Account" owner="Database">
<arg>${data}[account]</arg>
<status status="PASS" start="2024-03-14T11:40:27.084320" elapsed="0.056071"/>
</kw>
<kw name="SignIn admin" owner="Base">
<kw name="Go to login Page" owner="Login">
<kw name="Go To" owner="Browser">
<msg time="2024-03-14T11:40:27.407058" level="INFO">Successfully opened URL http://localhost:3000/login</msg>
<arg>http://localhost:3000/login</arg>
<tag>BrowserControl</tag>
<tag>Setter</tag>
<doc>Navigates to the given ``url``.</doc>
<status status="PASS" start="2024-03-14T11:40:27.147456" elapsed="0.261606"/>
</kw>
<status status="PASS" start="2024-03-14T11:40:27.146653" elapsed="0.262409"/>
</kw>
<kw name="Submit login form" owner="Login">
<kw name="Fill Text" owner="Browser">
<msg time="2024-03-14T11:40:27.411059" level="INFO">Fills the text 'sac@smartbit.com' in the given field.</msg>
<arg>css=input[name=email]</arg>
<arg>${email}</arg>
<tag>PageContent</tag>
<tag>Setter</tag>
<doc>Clears and fills the given ``txt`` into the text field found by ``selector``.</doc>
<status status="PASS" start="2024-03-14T11:40:27.409062" elapsed="0.074604"/>
</kw>
<kw name="Fill Text" owner="Browser">
<msg time="2024-03-14T11:40:27.485666" level="INFO">Fills the text 'pwd123' in the given field.</msg>
<arg>css=input[name=password]</arg>
<arg>${password}</arg>
<tag>PageContent</tag>
<tag>Setter</tag>
<doc>Clears and fills the given ``txt`` into the text field found by ``selector``.</doc>
<status status="PASS" start="2024-03-14T11:40:27.483666" elapsed="0.030947"/>
</kw>
<kw name="Click" owner="Browser">
<arg>css=button &gt;&gt; text=Entrar</arg>
<tag>PageContent</tag>
<tag>Setter</tag>
<doc>Simulates mouse click on the element found by ``selector``.</doc>
<status status="PASS" start="2024-03-14T11:40:27.516611" elapsed="0.108571"/>
</kw>
<arg>${ADMIN_EMAIL}</arg>
<arg>${ADMIN_PASS}</arg>
<status status="PASS" start="2024-03-14T11:40:27.409062" elapsed="0.216120"/>
</kw>
<kw name="User is logged in" owner="Navbar">
<kw name="Set Variable" owner="BuiltIn">
<msg time="2024-03-14T11:40:27.627184" level="INFO">${element} = css=.logged-user</msg>
<var>${element}</var>
<arg>css=.logged-user</arg>
<doc>Returns the given values which can then be assigned to a variables.</doc>
<status status="PASS" start="2024-03-14T11:40:27.627184" elapsed="0.000000"/>
</kw>
<kw name="Wait For Elements State" owner="Browser">
<msg time="2024-03-14T11:40:28.983144" level="INFO">Waited for Element with selector css=.logged-user at state visible</msg>
<arg>${element}</arg>
<arg>visible</arg>
<arg>5</arg>
<tag>PageContent</tag>
<tag>Wait</tag>
<doc>Waits for the element found by ``selector`` to satisfy state option.</doc>
<status status="PASS" start="2024-03-14T11:40:27.627184" elapsed="1.355960"/>
</kw>
<kw name="Get Text" owner="Browser">
<msg time="2024-03-14T11:40:29.025482" level="INFO">Text: 'sac@smartbit.com'</msg>
<arg>${element}</arg>
<arg>equal</arg>
<arg>${email}</arg>
<tag>Assertion</tag>
<tag>Getter</tag>
<tag>PageContent</tag>
<doc>Returns text attribute of the element found by ``selector``.</doc>
<status status="PASS" start="2024-03-14T11:40:28.983144" elapsed="0.042338"/>
</kw>
<arg>${ADMIN_EMAIL}</arg>
<status status="PASS" start="2024-03-14T11:40:27.627184" elapsed="1.398298"/>
</kw>
<status status="PASS" start="2024-03-14T11:40:27.145847" elapsed="1.879635"/>
</kw>
<kw name="Go to memberships" owner="Navbar">
<kw name="Click" owner="Browser">
<arg>css=a[href="/memberships"]</arg>
<tag>PageContent</tag>
<tag>Setter</tag>
<doc>Simulates mouse click on the element found by ``selector``.</doc>
<status status="PASS" start="2024-03-14T11:40:29.027111" elapsed="0.085604"/>
</kw>
<kw name="Wait For Elements State" owner="Browser">
<msg time="2024-03-14T11:40:29.151885" level="INFO">Waited for Element with selector css=h1 &gt;&gt; text=Matrículas at state visible</msg>
<arg>css=h1 &gt;&gt; text=Matrículas</arg>
<arg>visible</arg>
<arg>5</arg>
<tag>PageContent</tag>
<tag>Wait</tag>
<doc>Waits for the element found by ``selector`` to satisfy state option.</doc>
<status status="PASS" start="2024-03-14T11:40:29.112715" elapsed="0.039170"/>
</kw>
<status status="PASS" start="2024-03-14T11:40:29.026465" elapsed="0.125420"/>
</kw>
<kw name="Create new membership" owner="Memberships">
<kw name="Go to memberships form" owner="Memberships">
<kw name="Click" owner="Browser">
<arg>css=a[href="/memberships/new"]</arg>
<tag>PageContent</tag>
<tag>Setter</tag>
<doc>Simulates mouse click on the element found by ``selector``.</doc>
<status status="PASS" start="2024-03-14T11:40:29.152856" elapsed="0.131212"/>
</kw>
<kw name="Wait For Elements State" owner="Browser">
<msg time="2024-03-14T11:40:29.305888" level="INFO">Waited for Element with selector css=h1 &gt;&gt; text=Nova matrícula at state visible</msg>
<arg>css=h1 &gt;&gt; text=Nova matrícula</arg>
<arg>visible</arg>
<arg>5</arg>
<tag>PageContent</tag>
<tag>Wait</tag>
<doc>Waits for the element found by ``selector`` to satisfy state option.</doc>
<status status="PASS" start="2024-03-14T11:40:29.284068" elapsed="0.021820"/>
</kw>
<status status="PASS" start="2024-03-14T11:40:29.152856" elapsed="0.153032"/>
</kw>
<kw name="Select account" owner="Memberships">
<kw name="Fill Text" owner="Browser">
<msg time="2024-03-14T11:40:29.307889" level="INFO">Fills the text 'Wellington Rodrigues' in the given field.</msg>
<arg>css=input[aria-label=select_account]</arg>
<arg>${name}</arg>
<tag>PageContent</tag>
<tag>Setter</tag>
<doc>Clears and fills the given ``txt`` into the text field found by ``selector``.</doc>
<status status="PASS" start="2024-03-14T11:40:29.307889" elapsed="0.044085"/>
</kw>
<kw name="Click" owner="Browser">
<arg>css=[data-testid="${cpf}"]</arg>
<tag>PageContent</tag>
<tag>Setter</tag>
<doc>Simulates mouse click on the element found by ``selector``.</doc>
<status status="PASS" start="2024-03-14T11:40:29.351974" elapsed="0.122498"/>
</kw>
<arg>${data}[account][name]</arg>
<arg>${data}[account][cpf]</arg>
<status status="PASS" start="2024-03-14T11:40:29.307889" elapsed="0.166583"/>
</kw>
<kw name="Select plan" owner="Memberships">
<kw name="Fill Text" owner="Browser">
<msg time="2024-03-14T11:40:29.475235" level="INFO">Fills the text 'Plano Black' in the given field.</msg>
<arg>css=input[aria-label=select_plan]</arg>
<arg>${plan_name}</arg>
<tag>PageContent</tag>
<tag>Setter</tag>
<doc>Clears and fills the given ``txt`` into the text field found by ``selector``.</doc>
<status status="PASS" start="2024-03-14T11:40:29.475235" elapsed="0.045223"/>
</kw>
<kw name="Click" owner="Browser">
<arg>css=div[class$=option] &gt;&gt; text=${plan_name}</arg>
<tag>PageContent</tag>
<tag>Setter</tag>
<doc>Simulates mouse click on the element found by ``selector``.</doc>
<status status="PASS" start="2024-03-14T11:40:29.520458" elapsed="0.124176"/>
</kw>
<arg>${data}[plan][name]</arg>
<status status="PASS" start="2024-03-14T11:40:29.474990" elapsed="0.169644"/>
</kw>
<kw name="Fill payment card" owner="Memberships">
<kw name="Fill Text" owner="Browser">
<msg time="2024-03-14T11:40:29.646325" level="INFO">Fills the text '4242424242424242' in the given field.</msg>
<arg>css=input[name=card_number]</arg>
<arg>${card}[number]</arg>
<tag>PageContent</tag>
<tag>Setter</tag>
<doc>Clears and fills the given ``txt`` into the text field found by ``selector``.</doc>
<status status="PASS" start="2024-03-14T11:40:29.644634" elapsed="0.029679"/>
</kw>
<kw name="Fill Text" owner="Browser">
<msg time="2024-03-14T11:40:29.676312" level="INFO">Fills the text 'Wellington Avon' in the given field.</msg>
<arg>css=input[name="card_holder"]</arg>
<arg>${card}[holder]</arg>
<tag>PageContent</tag>
<tag>Setter</tag>
<doc>Clears and fills the given ``txt`` into the text field found by ``selector``.</doc>
<status status="PASS" start="2024-03-14T11:40:29.674313" elapsed="0.031369"/>
</kw>
<kw name="Fill Text" owner="Browser">
<msg time="2024-03-14T11:40:29.705682" level="INFO">Fills the text '12' in the given field.</msg>
<arg>css=input[name="card_month"]</arg>
<arg>${card}[month]</arg>
<tag>PageContent</tag>
<tag>Setter</tag>
<doc>Clears and fills the given ``txt`` into the text field found by ``selector``.</doc>
<status status="PASS" start="2024-03-14T11:40:29.705682" elapsed="0.032141"/>
</kw>
<kw name="Fill Text" owner="Browser">
<msg time="2024-03-14T11:40:29.737823" level="INFO">Fills the text '2032' in the given field.</msg>
<arg>css=input[name="card_year"]</arg>
<arg>${card}[year]</arg>
<tag>PageContent</tag>
<tag>Setter</tag>
<doc>Clears and fills the given ``txt`` into the text field found by ``selector``.</doc>
<status status="PASS" start="2024-03-14T11:40:29.737823" elapsed="0.037762"/>
</kw>
<kw name="Fill Text" owner="Browser">
<msg time="2024-03-14T11:40:29.775585" level="INFO">Fills the text '123' in the given field.</msg>
<arg>css=input[name="card_cvv"]</arg>
<arg>${card}[cvv]</arg>
<tag>PageContent</tag>
<tag>Setter</tag>
<doc>Clears and fills the given ``txt`` into the text field found by ``selector``.</doc>
<status status="PASS" start="2024-03-14T11:40:29.775585" elapsed="0.033411"/>
</kw>
<arg>${data}[credit_card]</arg>
<status status="PASS" start="2024-03-14T11:40:29.644634" elapsed="0.164362"/>
</kw>
<kw name="Click" owner="Browser">
<arg>css=button[type=submit] &gt;&gt; text=Cadastrar</arg>
<tag>PageContent</tag>
<tag>Setter</tag>
<doc>Simulates mouse click on the element found by ``selector``.</doc>
<status status="PASS" start="2024-03-14T11:40:29.808996" elapsed="0.102215"/>
</kw>
<arg>${data}</arg>
<status status="PASS" start="2024-03-14T11:40:29.152856" elapsed="0.758355"/>
</kw>
<kw name="Toast should be" owner="Toast">
<kw name="Set Variable" owner="BuiltIn">
<msg time="2024-03-14T11:40:29.911211" level="INFO">${selector} = .Toastify__toast-body</msg>
<var>${selector}</var>
<arg>.Toastify__toast-body</arg>
<doc>Returns the given values which can then be assigned to a variables.</doc>
<status status="PASS" start="2024-03-14T11:40:29.911211" elapsed="0.002005"/>
</kw>
<kw name="Wait For Elements State" owner="Browser">
<msg time="2024-03-14T11:40:30.128920" level="INFO">Waited for Element with selector css=.Toastify__toast-body at state visible</msg>
<arg>css=${selector}</arg>
<arg>visible</arg>
<arg>5</arg>
<tag>PageContent</tag>
<tag>Wait</tag>
<doc>Waits for the element found by ``selector`` to satisfy state option.</doc>
<status status="PASS" start="2024-03-14T11:40:29.913553" elapsed="0.215367"/>
</kw>
<kw name="Get Text" owner="Browser">
<msg time="2024-03-14T11:40:30.150839" level="INFO">Text: 'Matrícula cadastrada com sucesso.'</msg>
<arg>css=${selector}</arg>
<arg>equal</arg>
<arg>${expected_text}</arg>
<tag>Assertion</tag>
<tag>Getter</tag>
<tag>PageContent</tag>
<doc>Returns text attribute of the element found by ``selector``.</doc>
<status status="PASS" start="2024-03-14T11:40:30.129936" elapsed="0.020903"/>
</kw>
<kw name="Take Screenshot" owner="Browser">
<msg time="2024-03-14T11:40:30.823450" level="INFO" html="true">&lt;/td&gt;&lt;/tr&gt;&lt;tr&gt;&lt;td colspan="3"&gt;&lt;a href="browser/screenshot/robotframework-browser-screenshot-12.png" target="_blank"&gt;&lt;img src="browser/screenshot/robotframework-browser-screenshot-12.png" width="800px"/&gt;&lt;/a&gt;</msg>
<arg>selector=${selector}</arg>
<tag>PageContent</tag>
<doc>Takes a screenshot of the current window or element and saves it to disk.</doc>
<status status="PASS" start="2024-03-14T11:40:30.150839" elapsed="0.673610"/>
</kw>
<arg>Matrícula cadastrada com sucesso.</arg>
<status status="PASS" start="2024-03-14T11:40:29.911211" elapsed="0.913238"/>
</kw>
<kw name="Take Screenshot" owner="Browser" type="TEARDOWN">
<msg time="2024-03-14T11:40:30.879164" level="INFO" html="true">&lt;/td&gt;&lt;/tr&gt;&lt;tr&gt;&lt;td colspan="3"&gt;&lt;a href="browser/screenshot/robotframework-browser-screenshot-13.png" target="_blank"&gt;&lt;img src="browser/screenshot/robotframework-browser-screenshot-13.png" width="800px"/&gt;&lt;/a&gt;</msg>
<tag>PageContent</tag>
<doc>Takes a screenshot of the current window or element and saves it to disk.</doc>
<status status="PASS" start="2024-03-14T11:40:30.825450" elapsed="0.053714"/>
</kw>
<status status="PASS" start="2024-03-14T11:40:26.161467" elapsed="4.719689"/>
</test>
<test id="s1-s2-t2" name="Não deve realizar adesão duplicada" line="23">
<kw name="Start session" owner="Base" type="SETUP">
<kw name="New Browser" owner="Browser">
<msg time="2024-03-14T11:40:30.949782" level="INFO">Switching browser to browser=7cf942fe-27a3-434c-b3f1-7b5e447597c1</msg>
<msg time="2024-03-14T11:40:30.952523" level="INFO">Successfully changed active browser: browser=7cf942fe-27a3-434c-b3f1-7b5e447597c1</msg>
<msg time="2024-03-14T11:40:30.952523" level="INFO">Reusing existing browser with id: browser=7cf942fe-27a3-434c-b3f1-7b5e447597c1</msg>
<arg>browser=firefox</arg>
<arg>headless=False</arg>
<tag>BrowserControl</tag>
<tag>Setter</tag>
<doc>Create a new playwright Browser with specified options.</doc>
<status status="PASS" start="2024-03-14T11:40:30.947784" elapsed="0.004739"/>
</kw>
<kw name="New Page" owner="Browser">
<msg time="2024-03-14T11:40:31.851127" level="INFO">Successfully initialized new page object and opened url: http://localhost:3000</msg>
<msg time="2024-03-14T11:40:31.851127" level="INFO">No context was open. New context was automatically opened when this page is created.</msg>
<arg>http://localhost:3000</arg>
<tag>BrowserControl</tag>
<tag>Setter</tag>
<doc>Open a new Page.</doc>
<status status="PASS" start="2024-03-14T11:40:30.952523" elapsed="0.898604"/>
</kw>
<status status="PASS" start="2024-03-14T11:40:30.947784" elapsed="0.903343"/>
</kw>
<kw name="Get Json fixture" owner="Base">
<kw name="Load Json From File" owner="JSONLibrary">
<msg time="2024-03-14T11:40:31.862988" level="INFO">${data} = {'create': {'account': {'name': 'Wellington Rodrigues', 'email': 'WellingtonAvon@test.com', 'cpf': '35400747086'}, 'plan': {'name': 'Plano Black', 'id': '2', 'price': 79.99}, 'credit_card': {'number':...</msg>
<var>${data}</var>
<arg>${EXECDIR}/resources/fixtures/${file_name}.json</arg>
<arg>encoding=utf-8</arg>
<doc>Load JSON from file.</doc>
<status status="PASS" start="2024-03-14T11:40:31.860991" elapsed="0.001997"/>
</kw>
<return>
<value>${data}[${scenario}]</value>
<status status="PASS" start="2024-03-14T11:40:31.862988" elapsed="0.000000"/>
</return>
<msg time="2024-03-14T11:40:31.862988" level="INFO">${data} = {'account': {'name': 'Galdino Silva', 'email': 'GaldinoSilva@test.com', 'cpf': '78180915050'}, 'plan': {'name': 'Plano Smart', 'id': 1, 'price': 99.99}, 'credit_card': {'number': '5555555555554444', '...</msg>
<var>${data}</var>
<arg>memberships</arg>
<arg>duplicate</arg>
<status status="PASS" start="2024-03-14T11:40:31.860991" elapsed="0.001997"/>
</kw>
<kw name="Insert Membership" owner="Database">
<arg>${data}</arg>
<status status="PASS" start="2024-03-14T11:40:31.862988" elapsed="0.079448"/>
</kw>
<kw name="SignIn admin" owner="Base">
<kw name="Go to login Page" owner="Login">
<kw name="Go To" owner="Browser">
<msg time="2024-03-14T11:40:32.185297" level="INFO">Successfully opened URL http://localhost:3000/login</msg>
<arg>http://localhost:3000/login</arg>
<tag>BrowserControl</tag>
<tag>Setter</tag>
<doc>Navigates to the given ``url``.</doc>
<status status="PASS" start="2024-03-14T11:40:31.946439" elapsed="0.238858"/>
</kw>
<status status="PASS" start="2024-03-14T11:40:31.944439" elapsed="0.242857"/>
</kw>
<kw name="Submit login form" owner="Login">
<kw name="Fill Text" owner="Browser">
<msg time="2024-03-14T11:40:32.189156" level="INFO">Fills the text 'sac@smartbit.com' in the given field.</msg>
<arg>css=input[name=email]</arg>
<arg>${email}</arg>
<tag>PageContent</tag>
<tag>Setter</tag>
<doc>Clears and fills the given ``txt`` into the text field found by ``selector``.</doc>
<status status="PASS" start="2024-03-14T11:40:32.187296" elapsed="0.063705"/>
</kw>
<kw name="Fill Text" owner="Browser">
<msg time="2024-03-14T11:40:32.251001" level="INFO">Fills the text 'pwd123' in the given field.</msg>
<arg>css=input[name=password]</arg>
<arg>${password}</arg>
<tag>PageContent</tag>
<tag>Setter</tag>
<doc>Clears and fills the given ``txt`` into the text field found by ``selector``.</doc>
<status status="PASS" start="2024-03-14T11:40:32.251001" elapsed="0.030061"/>
</kw>
<kw name="Click" owner="Browser">
<arg>css=button &gt;&gt; text=Entrar</arg>
<tag>PageContent</tag>
<tag>Setter</tag>
<doc>Simulates mouse click on the element found by ``selector``.</doc>
<status status="PASS" start="2024-03-14T11:40:32.281062" elapsed="0.112000"/>
</kw>
<arg>${ADMIN_EMAIL}</arg>
<arg>${ADMIN_PASS}</arg>
<status status="PASS" start="2024-03-14T11:40:32.187296" elapsed="0.206109"/>
</kw>
<kw name="User is logged in" owner="Navbar">
<kw name="Set Variable" owner="BuiltIn">
<msg time="2024-03-14T11:40:32.393405" level="INFO">${element} = css=.logged-user</msg>
<var>${element}</var>
<arg>css=.logged-user</arg>
<doc>Returns the given values which can then be assigned to a variables.</doc>
<status status="PASS" start="2024-03-14T11:40:32.393405" elapsed="0.000000"/>
</kw>
<kw name="Wait For Elements State" owner="Browser">
<msg time="2024-03-14T11:40:33.749111" level="INFO">Waited for Element with selector css=.logged-user at state visible</msg>
<arg>${element}</arg>
<arg>visible</arg>
<arg>5</arg>
<tag>PageContent</tag>
<tag>Wait</tag>
<doc>Waits for the element found by ``selector`` to satisfy state option.</doc>
<status status="PASS" start="2024-03-14T11:40:32.393405" elapsed="1.355706"/>
</kw>
<kw name="Get Text" owner="Browser">
<msg time="2024-03-14T11:40:33.799807" level="INFO">Text: 'sac@smartbit.com'</msg>
<arg>${element}</arg>
<arg>equal</arg>
<arg>${email}</arg>
<tag>Assertion</tag>
<tag>Getter</tag>
<tag>PageContent</tag>
<doc>Returns text attribute of the element found by ``selector``.</doc>
<status status="PASS" start="2024-03-14T11:40:33.749111" elapsed="0.050696"/>
</kw>
<arg>${ADMIN_EMAIL}</arg>
<status status="PASS" start="2024-03-14T11:40:32.393405" elapsed="1.406402"/>
</kw>
<status status="PASS" start="2024-03-14T11:40:31.944439" elapsed="1.855368"/>
</kw>
<kw name="Go to memberships" owner="Navbar">
<kw name="Click" owner="Browser">
<arg>css=a[href="/memberships"]</arg>
<tag>PageContent</tag>
<tag>Setter</tag>
<doc>Simulates mouse click on the element found by ``selector``.</doc>
<status status="PASS" start="2024-03-14T11:40:33.799807" elapsed="0.082477"/>
</kw>
<kw name="Wait For Elements State" owner="Browser">
<msg time="2024-03-14T11:40:33.919865" level="INFO">Waited for Element with selector css=h1 &gt;&gt; text=Matrículas at state visible</msg>
<arg>css=h1 &gt;&gt; text=Matrículas</arg>
<arg>visible</arg>
<arg>5</arg>
<tag>PageContent</tag>
<tag>Wait</tag>
<doc>Waits for the element found by ``selector`` to satisfy state option.</doc>
<status status="PASS" start="2024-03-14T11:40:33.882284" elapsed="0.038582"/>
</kw>
<status status="PASS" start="2024-03-14T11:40:33.799807" elapsed="0.121059"/>
</kw>
<kw name="Create new membership" owner="Memberships">
<kw name="Go to memberships form" owner="Memberships">
<kw name="Click" owner="Browser">
<arg>css=a[href="/memberships/new"]</arg>
<tag>PageContent</tag>
<tag>Setter</tag>
<doc>Simulates mouse click on the element found by ``selector``.</doc>
<status status="PASS" start="2024-03-14T11:40:33.921865" elapsed="0.120331"/>
</kw>
<kw name="Wait For Elements State" owner="Browser">
<msg time="2024-03-14T11:40:34.084423" level="INFO">Waited for Element with selector css=h1 &gt;&gt; text=Nova matrícula at state visible</msg>
<arg>css=h1 &gt;&gt; text=Nova matrícula</arg>
<arg>visible</arg>
<arg>5</arg>
<tag>PageContent</tag>
<tag>Wait</tag>
<doc>Waits for the element found by ``selector`` to satisfy state option.</doc>
<status status="PASS" start="2024-03-14T11:40:34.042196" elapsed="0.042227"/>
</kw>
<status status="PASS" start="2024-03-14T11:40:33.921865" elapsed="0.162558"/>
</kw>
<kw name="Select account" owner="Memberships">
<kw name="Fill Text" owner="Browser">
<msg time="2024-03-14T11:40:34.086422" level="INFO">Fills the text 'Galdino Silva' in the given field.</msg>
<arg>css=input[aria-label=select_account]</arg>
<arg>${name}</arg>
<tag>PageContent</tag>
<tag>Setter</tag>
<doc>Clears and fills the given ``txt`` into the text field found by ``selector``.</doc>
<status status="PASS" start="2024-03-14T11:40:34.084423" elapsed="0.047627"/>
</kw>
<kw name="Click" owner="Browser">
<arg>css=[data-testid="${cpf}"]</arg>
<tag>PageContent</tag>
<tag>Setter</tag>
<doc>Simulates mouse click on the element found by ``selector``.</doc>
<status status="PASS" start="2024-03-14T11:40:34.132050" elapsed="0.147479"/>
</kw>
<arg>${data}[account][name]</arg>
<arg>${data}[account][cpf]</arg>
<status status="PASS" start="2024-03-14T11:40:34.084423" elapsed="0.195106"/>
</kw>
<kw name="Select plan" owner="Memberships">
<kw name="Fill Text" owner="Browser">
<msg time="2024-03-14T11:40:34.281533" level="INFO">Fills the text 'Plano Smart' in the given field.</msg>
<arg>css=input[aria-label=select_plan]</arg>
<arg>${plan_name}</arg>
<tag>PageContent</tag>
<tag>Setter</tag>
<doc>Clears and fills the given ``txt`` into the text field found by ``selector``.</doc>
<status status="PASS" start="2024-03-14T11:40:34.279529" elapsed="0.038051"/>
</kw>
<kw name="Click" owner="Browser">
<arg>css=div[class$=option] &gt;&gt; text=${plan_name}</arg>
<tag>PageContent</tag>
<tag>Setter</tag>
<doc>Simulates mouse click on the element found by ``selector``.</doc>
<status status="PASS" start="2024-03-14T11:40:34.318581" elapsed="0.125166"/>
</kw>
<arg>${data}[plan][name]</arg>
<status status="PASS" start="2024-03-14T11:40:34.279529" elapsed="0.164218"/>
</kw>
<kw name="Fill payment card" owner="Memberships">
<kw name="Fill Text" owner="Browser">
<msg time="2024-03-14T11:40:34.443747" level="INFO">Fills the text '5555555555554444' in the given field.</msg>
<arg>css=input[name=card_number]</arg>
<arg>${card}[number]</arg>
<tag>PageContent</tag>
<tag>Setter</tag>
<doc>Clears and fills the given ``txt`` into the text field found by ``selector``.</doc>
<status status="PASS" start="2024-03-14T11:40:34.443747" elapsed="0.029174"/>
</kw>
<kw name="Fill Text" owner="Browser">
<msg time="2024-03-14T11:40:34.474940" level="INFO">Fills the text 'Galdino Silva' in the given field.</msg>
<arg>css=input[name="card_holder"]</arg>
<arg>${card}[holder]</arg>
<tag>PageContent</tag>
<tag>Setter</tag>
<doc>Clears and fills the given ``txt`` into the text field found by ``selector``.</doc>
<status status="PASS" start="2024-03-14T11:40:34.474940" elapsed="0.028993"/>
</kw>
<kw name="Fill Text" owner="Browser">
<msg time="2024-03-14T11:40:34.505934" level="INFO">Fills the text '11' in the given field.</msg>
<arg>css=input[name="card_month"]</arg>
<arg>${card}[month]</arg>
<tag>PageContent</tag>
<tag>Setter</tag>
<doc>Clears and fills the given ``txt`` into the text field found by ``selector``.</doc>
<status status="PASS" start="2024-03-14T11:40:34.505934" elapsed="0.027954"/>
</kw>
<kw name="Fill Text" owner="Browser">
<msg time="2024-03-14T11:40:34.535889" level="INFO">Fills the text '2031' in the given field.</msg>
<arg>css=input[name="card_year"]</arg>
<arg>${card}[year]</arg>
<tag>PageContent</tag>
<tag>Setter</tag>
<doc>Clears and fills the given ``txt`` into the text field found by ``selector``.</doc>
<status status="PASS" start="2024-03-14T11:40:34.533888" elapsed="0.041423"/>
</kw>
<kw name="Fill Text" owner="Browser">
<msg time="2024-03-14T11:40:34.577479" level="INFO">Fills the text '123' in the given field.</msg>
<arg>css=input[name="card_cvv"]</arg>
<arg>${card}[cvv]</arg>
<tag>PageContent</tag>
<tag>Setter</tag>
<doc>Clears and fills the given ``txt`` into the text field found by ``selector``.</doc>
<status status="PASS" start="2024-03-14T11:40:34.575311" elapsed="0.031892"/>
</kw>
<arg>${data}[credit_card]</arg>
<status status="PASS" start="2024-03-14T11:40:34.443747" elapsed="0.163456"/>
</kw>
<kw name="Click" owner="Browser">
<arg>css=button[type=submit] &gt;&gt; text=Cadastrar</arg>
<tag>PageContent</tag>
<tag>Setter</tag>
<doc>Simulates mouse click on the element found by ``selector``.</doc>
<status status="PASS" start="2024-03-14T11:40:34.607203" elapsed="0.103666"/>
</kw>
<arg>${data}</arg>
<status status="PASS" start="2024-03-14T11:40:33.920866" elapsed="0.790003"/>
</kw>
<kw name="Toast should be" owner="Toast">
<kw name="Set Variable" owner="BuiltIn">
<msg time="2024-03-14T11:40:34.712871" level="INFO">${selector} = .Toastify__toast-body</msg>
<var>${selector}</var>
<arg>.Toastify__toast-body</arg>
<doc>Returns the given values which can then be assigned to a variables.</doc>
<status status="PASS" start="2024-03-14T11:40:34.710869" elapsed="0.002002"/>
</kw>
<kw name="Wait For Elements State" owner="Browser">
<msg time="2024-03-14T11:40:34.729982" level="INFO">Waited for Element with selector css=.Toastify__toast-body at state visible</msg>
<arg>css=${selector}</arg>
<arg>visible</arg>
<arg>5</arg>
<tag>PageContent</tag>
<tag>Wait</tag>
<doc>Waits for the element found by ``selector`` to satisfy state option.</doc>
<status status="PASS" start="2024-03-14T11:40:34.712871" elapsed="0.018114"/>
</kw>
<kw name="Get Text" owner="Browser">
<msg time="2024-03-14T11:40:34.752878" level="INFO">Text: 'O usuário já possui matrícula.'</msg>
<arg>css=${selector}</arg>
<arg>equal</arg>
<arg>${expected_text}</arg>
<tag>Assertion</tag>
<tag>Getter</tag>
<tag>PageContent</tag>
<doc>Returns text attribute of the element found by ``selector``.</doc>
<status status="PASS" start="2024-03-14T11:40:34.730985" elapsed="0.021893"/>
</kw>
<kw name="Take Screenshot" owner="Browser">
<msg time="2024-03-14T11:40:35.494878" level="INFO" html="true">&lt;/td&gt;&lt;/tr&gt;&lt;tr&gt;&lt;td colspan="3"&gt;&lt;a href="browser/screenshot/robotframework-browser-screenshot-14.png" target="_blank"&gt;&lt;img src="browser/screenshot/robotframework-browser-screenshot-14.png" width="800px"/&gt;&lt;/a&gt;</msg>
<arg>selector=${selector}</arg>
<tag>PageContent</tag>
<doc>Takes a screenshot of the current window or element and saves it to disk.</doc>
<status status="PASS" start="2024-03-14T11:40:34.752878" elapsed="0.742000"/>
</kw>
<arg>O usuário já possui matrícula.</arg>
<status status="PASS" start="2024-03-14T11:40:34.710869" elapsed="0.784009"/>
</kw>
<kw name="Take Screenshot" owner="Browser" type="TEARDOWN">
<msg time="2024-03-14T11:40:35.555154" level="INFO" html="true">&lt;/td&gt;&lt;/tr&gt;&lt;tr&gt;&lt;td colspan="3"&gt;&lt;a href="browser/screenshot/robotframework-browser-screenshot-15.png" target="_blank"&gt;&lt;img src="browser/screenshot/robotframework-browser-screenshot-15.png" width="800px"/&gt;&lt;/a&gt;</msg>
<tag>PageContent</tag>
<doc>Takes a screenshot of the current window or element and saves it to disk.</doc>
<status status="PASS" start="2024-03-14T11:40:35.494878" elapsed="0.060276"/>
</kw>
<tag>dup</tag>
<status status="PASS" start="2024-03-14T11:40:30.933451" elapsed="4.621703"/>
</test>
<test id="s1-s2-t3" name="Deve buscar por nome" line="35">
<kw name="Start session" owner="Base" type="SETUP">
<kw name="New Browser" owner="Browser">
<msg time="2024-03-14T11:40:35.615621" level="INFO">Switching browser to browser=7cf942fe-27a3-434c-b3f1-7b5e447597c1</msg>
<msg time="2024-03-14T11:40:35.619617" level="INFO">Successfully changed active browser: browser=7cf942fe-27a3-434c-b3f1-7b5e447597c1</msg>
<msg time="2024-03-14T11:40:35.619617" level="INFO">Reusing existing browser with id: browser=7cf942fe-27a3-434c-b3f1-7b5e447597c1</msg>
<arg>browser=firefox</arg>
<arg>headless=False</arg>
<tag>BrowserControl</tag>
<tag>Setter</tag>
<doc>Create a new playwright Browser with specified options.</doc>
<status status="PASS" start="2024-03-14T11:40:35.614617" elapsed="0.006006"/>
</kw>
<kw name="New Page" owner="Browser">
<msg time="2024-03-14T11:40:36.768430" level="INFO">Successfully initialized new page object and opened url: http://localhost:3000</msg>
<msg time="2024-03-14T11:40:36.769433" level="INFO">No context was open. New context was automatically opened when this page is created.</msg>
<arg>http://localhost:3000</arg>
<tag>BrowserControl</tag>
<tag>Setter</tag>
<doc>Open a new Page.</doc>
<status status="PASS" start="2024-03-14T11:40:35.621618" elapsed="1.147815"/>
</kw>
<status status="PASS" start="2024-03-14T11:40:35.614617" elapsed="1.154816"/>
</kw>
<kw name="Get Json fixture" owner="Base">
<kw name="Load Json From File" owner="JSONLibrary">
<msg time="2024-03-14T11:40:36.777167" level="INFO">${data} = {'create': {'account': {'name': 'Wellington Rodrigues', 'email': 'WellingtonAvon@test.com', 'cpf': '35400747086'}, 'plan': {'name': 'Plano Black', 'id': '2', 'price': 79.99}, 'credit_card': {'number':...</msg>
<var>${data}</var>
<arg>${EXECDIR}/resources/fixtures/${file_name}.json</arg>
<arg>encoding=utf-8</arg>
<doc>Load JSON from file.</doc>
<status status="PASS" start="2024-03-14T11:40:36.777167" elapsed="0.000000"/>
</kw>
<return>
<value>${data}[${scenario}]</value>
<status status="PASS" start="2024-03-14T11:40:36.777167" elapsed="0.000000"/>
</return>
<msg time="2024-03-14T11:40:36.779168" level="INFO">${data} = {'account': {'name': 'Neire Silva', 'email': 'neireSilva@test.com', 'cpf': '77050489069'}, 'plan': {'name': 'Plano Smart', 'id': 1, 'price': 99.99}, 'credit_card': {'number': '5105105105105100', 'hold...</msg>
<var>${data}</var>
<arg>memberships</arg>
<arg>search</arg>
<status status="PASS" start="2024-03-14T11:40:36.777167" elapsed="0.002001"/>
</kw>
<kw name="Insert Membership" owner="Database">
<arg>${data}</arg>
<status status="PASS" start="2024-03-14T11:40:36.779168" elapsed="0.055773"/>
</kw>
<kw name="SignIn admin" owner="Base">
<kw name="Go to login Page" owner="Login">
<kw name="Go To" owner="Browser">
<msg time="2024-03-14T11:40:37.137501" level="INFO">Successfully opened URL http://localhost:3000/login</msg>
<arg>http://localhost:3000/login</arg>
<tag>BrowserControl</tag>
<tag>Setter</tag>
<doc>Navigates to the given ``url``.</doc>
<status status="PASS" start="2024-03-14T11:40:36.838652" elapsed="0.298849"/>
</kw>
<status status="PASS" start="2024-03-14T11:40:36.838652" elapsed="0.298849"/>
</kw>
<kw name="Submit login form" owner="Login">
<kw name="Fill Text" owner="Browser">
<msg time="2024-03-14T11:40:37.139894" level="INFO">Fills the text 'sac@smartbit.com' in the given field.</msg>
<arg>css=input[name=email]</arg>
<arg>${email}</arg>
<tag>PageContent</tag>
<tag>Setter</tag>
<doc>Clears and fills the given ``txt`` into the text field found by ``selector``.</doc>
<status status="PASS" start="2024-03-14T11:40:37.139894" elapsed="0.064173"/>
</kw>
<kw name="Fill Text" owner="Browser">
<msg time="2024-03-14T11:40:37.206873" level="INFO">Fills the text 'pwd123' in the given field.</msg>
<arg>css=input[name=password]</arg>
<arg>${password}</arg>
<tag>PageContent</tag>
<tag>Setter</tag>
<doc>Clears and fills the given ``txt`` into the text field found by ``selector``.</doc>
<status status="PASS" start="2024-03-14T11:40:37.205758" elapsed="0.027454"/>
</kw>
<kw name="Click" owner="Browser">
<arg>css=button &gt;&gt; text=Entrar</arg>
<tag>PageContent</tag>
<tag>Setter</tag>
<doc>Simulates mouse click on the element found by ``selector``.</doc>
<status status="PASS" start="2024-03-14T11:40:37.233212" elapsed="0.110593"/>
</kw>
<arg>${ADMIN_EMAIL}</arg>
<arg>${ADMIN_PASS}</arg>
<status status="PASS" start="2024-03-14T11:40:37.137501" elapsed="0.206304"/>
</kw>
<kw name="User is logged in" owner="Navbar">
<kw name="Set Variable" owner="BuiltIn">
<msg time="2024-03-14T11:40:37.344808" level="INFO">${element} = css=.logged-user</msg>
<var>${element}</var>
<arg>css=.logged-user</arg>
<doc>Returns the given values which can then be assigned to a variables.</doc>
<status status="PASS" start="2024-03-14T11:40:37.344808" elapsed="0.000000"/>
</kw>
<kw name="Wait For Elements State" owner="Browser">
<msg time="2024-03-14T11:40:38.724395" level="INFO">Waited for Element with selector css=.logged-user at state visible</msg>
<arg>${element}</arg>
<arg>visible</arg>
<arg>5</arg>
<tag>PageContent</tag>
<tag>Wait</tag>
<doc>Waits for the element found by ``selector`` to satisfy state option.</doc>
<status status="PASS" start="2024-03-14T11:40:37.344808" elapsed="1.380588"/>
</kw>
<kw name="Get Text" owner="Browser">
<msg time="2024-03-14T11:40:38.765997" level="INFO">Text: 'sac@smartbit.com'</msg>
<arg>${element}</arg>
<arg>equal</arg>
<arg>${email}</arg>
<tag>Assertion</tag>
<tag>Getter</tag>
<tag>PageContent</tag>
<doc>Returns text attribute of the element found by ``selector``.</doc>
<status status="PASS" start="2024-03-14T11:40:38.725396" elapsed="0.040601"/>
</kw>
<arg>${ADMIN_EMAIL}</arg>
<status status="PASS" start="2024-03-14T11:40:37.344808" elapsed="1.421189"/>
</kw>
<status status="PASS" start="2024-03-14T11:40:36.836937" elapsed="1.929060"/>
</kw>
<kw name="Go to memberships" owner="Navbar">
<kw name="Click" owner="Browser">
<arg>css=a[href="/memberships"]</arg>
<tag>PageContent</tag>
<tag>Setter</tag>
<doc>Simulates mouse click on the element found by ``selector``.</doc>
<status status="PASS" start="2024-03-14T11:40:38.765997" elapsed="0.084747"/>
</kw>
<kw name="Wait For Elements State" owner="Browser">
<msg time="2024-03-14T11:40:38.891451" level="INFO">Waited for Element with selector css=h1 &gt;&gt; text=Matrículas at state visible</msg>
<arg>css=h1 &gt;&gt; text=Matrículas</arg>
<arg>visible</arg>
<arg>5</arg>
<tag>PageContent</tag>
<tag>Wait</tag>
<doc>Waits for the element found by ``selector`` to satisfy state option.</doc>
<status status="PASS" start="2024-03-14T11:40:38.851744" elapsed="0.040702"/>
</kw>
<status status="PASS" start="2024-03-14T11:40:38.765997" elapsed="0.126449"/>
</kw>
<kw name="Search by name" owner="Memberships">
<kw name="Fill Text" owner="Browser">
<msg time="2024-03-14T11:40:38.893447" level="INFO">Fills the text 'Neire Silva' in the given field.</msg>
<arg>css=input[placeholder^=Busque]</arg>
<arg>${name}</arg>
<tag>PageContent</tag>
<tag>Setter</tag>
<doc>Clears and fills the given ``txt`` into the text field found by ``selector``.</doc>
<status status="PASS" start="2024-03-14T11:40:38.893447" elapsed="0.028627"/>
</kw>
<kw name="Wait For Elements State" owner="Browser">
<msg time="2024-03-14T11:40:39.784130" level="INFO">Waited for Element with selector css=strong &gt;&gt; text=Total: 1 at state visible</msg>
<arg>css=strong &gt;&gt; text=Total: 1</arg>
<arg>Visible</arg>
<arg>5</arg>
<tag>PageContent</tag>
<tag>Wait</tag>
<doc>Waits for the element found by ``selector`` to satisfy state option.</doc>
<status status="PASS" start="2024-03-14T11:40:38.923070" elapsed="0.861060"/>
</kw>
<arg>${data}[account][name]</arg>
<status status="PASS" start="2024-03-14T11:40:38.892446" elapsed="0.891684"/>
</kw>
<kw name="Should filter by name" owner="Memberships">
<kw name="Wait For Elements State" owner="Browser">
<msg time="2024-03-14T11:40:39.794131" level="INFO">Waited for Element with selector css=table tbody tr &gt;&gt; text=Neire Silva at state visible</msg>
<arg>css=table tbody tr &gt;&gt; text=${name}</arg>
<arg>Visible</arg>
<arg>5</arg>
<tag>PageContent</tag>
<tag>Wait</tag>
<doc>Waits for the element found by ``selector`` to satisfy state option.</doc>
<status status="PASS" start="2024-03-14T11:40:39.785130" elapsed="0.009001"/>
</kw>
<arg>${data}[account][name]</arg>
<status status="PASS" start="2024-03-14T11:40:39.785130" elapsed="0.010000"/>
</kw>
<kw name="Take Screenshot" owner="Browser" type="TEARDOWN">
<msg time="2024-03-14T11:40:39.830331" level="INFO" html="true">&lt;/td&gt;&lt;/tr&gt;&lt;tr&gt;&lt;td colspan="3"&gt;&lt;a href="browser/screenshot/robotframework-browser-screenshot-16.png" target="_blank"&gt;&lt;img src="browser/screenshot/robotframework-browser-screenshot-16.png" width="800px"/&gt;&lt;/a&gt;</msg>
<tag>PageContent</tag>
<doc>Takes a screenshot of the current window or element and saves it to disk.</doc>
<status status="PASS" start="2024-03-14T11:40:39.795130" elapsed="0.035201"/>
</kw>
<tag>search</tag>
<status status="PASS" start="2024-03-14T11:40:35.611616" elapsed="4.220238"/>
</test>
<test id="s1-s2-t4" name="Deve excluir uma matricula" line="47">
<kw name="Start session" owner="Base" type="SETUP">
<kw name="New Browser" owner="Browser">
<msg time="2024-03-14T11:40:39.888060" level="INFO">Switching browser to browser=7cf942fe-27a3-434c-b3f1-7b5e447597c1</msg>
<msg time="2024-03-14T11:40:39.891058" level="INFO">Successfully changed active browser: browser=7cf942fe-27a3-434c-b3f1-7b5e447597c1</msg>
<msg time="2024-03-14T11:40:39.891058" level="INFO">Reusing existing browser with id: browser=7cf942fe-27a3-434c-b3f1-7b5e447597c1</msg>
<arg>browser=firefox</arg>
<arg>headless=False</arg>
<tag>BrowserControl</tag>
<tag>Setter</tag>
<doc>Create a new playwright Browser with specified options.</doc>
<status status="PASS" start="2024-03-14T11:40:39.888060" elapsed="0.002998"/>
</kw>
<kw name="New Page" owner="Browser">
<msg time="2024-03-14T11:40:40.770035" level="INFO">Successfully initialized new page object and opened url: http://localhost:3000</msg>
<msg time="2024-03-14T11:40:40.770035" level="INFO">No context was open. New context was automatically opened when this page is created.</msg>
<arg>http://localhost:3000</arg>
<tag>BrowserControl</tag>
<tag>Setter</tag>
<doc>Open a new Page.</doc>
<status status="PASS" start="2024-03-14T11:40:39.891058" elapsed="0.880975"/>
</kw>
<status status="PASS" start="2024-03-14T11:40:39.887058" elapsed="0.884975"/>
</kw>
<kw name="Get Json fixture" owner="Base">
<kw name="Load Json From File" owner="JSONLibrary">
<msg time="2024-03-14T11:40:40.781064" level="INFO">${data} = {'create': {'account': {'name': 'Wellington Rodrigues', 'email': 'WellingtonAvon@test.com', 'cpf': '35400747086'}, 'plan': {'name': 'Plano Black', 'id': '2', 'price': 79.99}, 'credit_card': {'number':...</msg>
<var>${data}</var>
<arg>${EXECDIR}/resources/fixtures/${file_name}.json</arg>
<arg>encoding=utf-8</arg>
<doc>Load JSON from file.</doc>
<status status="PASS" start="2024-03-14T11:40:40.781064" elapsed="0.000000"/>
</kw>
<return>
<value>${data}[${scenario}]</value>
<status status="PASS" start="2024-03-14T11:40:40.781064" elapsed="0.000000"/>
</return>
<msg time="2024-03-14T11:40:40.783063" level="INFO">${data} = {'account': {'name': 'Iolanda Lima', 'email': 'iolandalima@test.com', 'cpf': '83398739032'}, 'plan': {'name': 'Plano Black', 'id': '2', 'price': 79.99}, 'credit_card': {'number': '6011000990139424', '...</msg>
<var>${data}</var>
<arg>memberships</arg>
<arg>remove</arg>
<status status="PASS" start="2024-03-14T11:40:40.781064" elapsed="0.001999"/>
</kw>
<kw name="Insert Membership" owner="Database">
<arg>${data}</arg>
<status status="PASS" start="2024-03-14T11:40:40.783063" elapsed="0.115076"/>
</kw>
<kw name="SignIn admin" owner="Base">
<kw name="Go to login Page" owner="Login">
<kw name="Go To" owner="Browser">
<msg time="2024-03-14T11:40:41.141147" level="INFO">Successfully opened URL http://localhost:3000/login</msg>
<arg>http://localhost:3000/login</arg>
<tag>BrowserControl</tag>
<tag>Setter</tag>
<doc>Navigates to the given ``url``.</doc>
<status status="PASS" start="2024-03-14T11:40:40.900151" elapsed="0.240996"/>
</kw>
<status status="PASS" start="2024-03-14T11:40:40.900151" elapsed="0.240996"/>
</kw>
<kw name="Submit login form" owner="Login">
<kw name="Fill Text" owner="Browser">
<msg time="2024-03-14T11:40:41.143151" level="INFO">Fills the text 'sac@smartbit.com' in the given field.</msg>
<arg>css=input[name=email]</arg>
<arg>${email}</arg>
<tag>PageContent</tag>
<tag>Setter</tag>
<doc>Clears and fills the given ``txt`` into the text field found by ``selector``.</doc>
<status status="PASS" start="2024-03-14T11:40:41.143151" elapsed="0.072223"/>
</kw>
<kw name="Fill Text" owner="Browser">
<msg time="2024-03-14T11:40:41.217377" level="INFO">Fills the text 'pwd123' in the given field.</msg>
<arg>css=input[name=password]</arg>
<arg>${password}</arg>
<tag>PageContent</tag>
<tag>Setter</tag>
<doc>Clears and fills the given ``txt`` into the text field found by ``selector``.</doc>
<status status="PASS" start="2024-03-14T11:40:41.215374" elapsed="0.032026"/>
</kw>
<kw name="Click" owner="Browser">
<arg>css=button &gt;&gt; text=Entrar</arg>
<tag>PageContent</tag>
<tag>Setter</tag>
<doc>Simulates mouse click on the element found by ``selector``.</doc>
<status status="PASS" start="2024-03-14T11:40:41.247400" elapsed="0.115033"/>
</kw>
<arg>${ADMIN_EMAIL}</arg>
<arg>${ADMIN_PASS}</arg>
<status status="PASS" start="2024-03-14T11:40:41.141147" elapsed="0.221286"/>
</kw>
<kw name="User is logged in" owner="Navbar">
<kw name="Set Variable" owner="BuiltIn">
<msg time="2024-03-14T11:40:41.363442" level="INFO">${element} = css=.logged-user</msg>
<var>${element}</var>
<arg>css=.logged-user</arg>
<doc>Returns the given values which can then be assigned to a variables.</doc>
<status status="PASS" start="2024-03-14T11:40:41.363442" elapsed="0.000000"/>
</kw>
<kw name="Wait For Elements State" owner="Browser">
[...]
<arg>equal</arg>
<arg>${target}</arg>
<tag>Assertion</tag>
<tag>Getter</tag>
<tag>PageContent</tag>
<doc>Returns text attribute of the element found by ``selector``.</doc>
<status status="PASS" start="2024-03-14T11:40:49.808243" elapsed="0.023662"/>
</kw>
<kw name="Take Screenshot" owner="Browser">
<msg time="2024-03-14T11:40:49.884069" level="INFO" html="true">&lt;/td&gt;&lt;/tr&gt;&lt;tr&gt;&lt;td colspan="3"&gt;&lt;a href="browser/screenshot/robotframework-browser-screenshot-20.png" target="_blank"&gt;&lt;img src="browser/screenshot/robotframework-browser-screenshot-20.png" width="800px"/&gt;&lt;/a&gt;</msg>
<arg>selector=form .notice</arg>
<tag>PageContent</tag>
<doc>Takes a screenshot of the current window or element and saves it to disk.</doc>
<status status="PASS" start="2024-03-14T11:40:49.831905" elapsed="0.053169"/>
</kw>
<arg>${output_message}</arg>
<status status="PASS" start="2024-03-14T11:40:49.413803" elapsed="0.471271"/>
</kw>
<arg>Wellington Silva</arg>
<arg>${EMPTY}</arg>
<arg>32218868024</arg>
<arg>Por favor, informe o seu melhor e-mail</arg>
<status status="PASS" start="2024-03-14T11:40:49.189976" elapsed="0.695098"/>
</kw>
<kw name="Attempt signup">
<kw name="Create Dictionary" owner="BuiltIn">
<msg time="2024-03-14T11:40:49.887071" level="INFO">${account} = {'name': 'Neire Fernandes', 'email': 'neire.fernandes@teste.com', 'cpf': ''}</msg>
<var>${account}</var>
<arg>name=${name}</arg>
<arg>email=${email}</arg>
<arg>cpf=${cpf}</arg>
<doc>Creates and returns a dictionary based on the given ``items``.</doc>
<status status="PASS" start="2024-03-14T11:40:49.886070" elapsed="0.001001"/>
</kw>
<kw name="Submit signup form" owner="Landing">
<kw name="Get Text" owner="Browser">
<msg time="2024-03-14T11:40:49.907566" level="INFO">Text: 'Faça seu cadastro e venha para a Smartbit!'</msg>
<arg>css=#signup h2</arg>
<arg>equal</arg>
<arg>Faça seu cadastro e venha para a Smartbit!</arg>
<tag>Assertion</tag>
<tag>Getter</tag>
<tag>PageContent</tag>
<doc>Returns text attribute of the element found by ``selector``.</doc>
<status status="PASS" start="2024-03-14T11:40:49.887071" elapsed="0.020495"/>
</kw>
<kw name="Fill Text" owner="Browser">
<msg time="2024-03-14T11:40:49.907566" level="INFO">Fills the text 'Neire Fernandes' in the given field.</msg>
<arg>id=name</arg>
<arg>${account}[name]</arg>
<tag>PageContent</tag>
<tag>Setter</tag>
<doc>Clears and fills the given ``txt`` into the text field found by ``selector``.</doc>
<status status="PASS" start="2024-03-14T11:40:49.907566" elapsed="0.021221"/>
</kw>
<kw name="Fill Text" owner="Browser">
<msg time="2024-03-14T11:40:49.929789" level="INFO">Fills the text 'neire.fernandes@teste.com' in the given field.</msg>
<arg>id=email</arg>
<arg>${account}[email]</arg>
<tag>PageContent</tag>
<tag>Setter</tag>
<doc>Clears and fills the given ``txt`` into the text field found by ``selector``.</doc>
<status status="PASS" start="2024-03-14T11:40:49.928787" elapsed="0.031950"/>
</kw>
<kw name="Fill Text" owner="Browser">
<msg time="2024-03-14T11:40:49.961738" level="INFO">Fills the text '' in the given field.</msg>
<arg>id=cpf</arg>
<arg>${account}[cpf]</arg>
<tag>PageContent</tag>
<tag>Setter</tag>
<doc>Clears and fills the given ``txt`` into the text field found by ``selector``.</doc>
<status status="PASS" start="2024-03-14T11:40:49.960737" elapsed="0.035849"/>
</kw>
<kw name="Click" owner="Browser">
<arg>css=button &gt;&gt; text=Cadastrar</arg>
<tag>PageContent</tag>
<tag>Setter</tag>
<doc>Simulates mouse click on the element found by ``selector``.</doc>
<status status="PASS" start="2024-03-14T11:40:49.996586" elapsed="0.083274"/>
</kw>
<arg>${account}</arg>
<status status="PASS" start="2024-03-14T11:40:49.887071" elapsed="0.192789"/>
</kw>
<kw name="Notice should be" owner="BoxNotice">
<kw name="Set Variable" owner="BuiltIn">
<msg time="2024-03-14T11:40:50.079860" level="INFO">${element} = css=form .notice</msg>
<var>${element}</var>
<arg>css=form .notice</arg>
<doc>Returns the given values which can then be assigned to a variables.</doc>
<status status="PASS" start="2024-03-14T11:40:50.079860" elapsed="0.000000"/>
</kw>
<kw name="Wait For Elements State" owner="Browser">
<msg time="2024-03-14T11:40:50.440009" level="INFO">Waited for Element with selector css=form .notice at state visible</msg>
<arg>${element}</arg>
<arg>visible</arg>
<arg>5</arg>
<tag>PageContent</tag>
<tag>Wait</tag>
<doc>Waits for the element found by ``selector`` to satisfy state option.</doc>
<status status="PASS" start="2024-03-14T11:40:50.083846" elapsed="0.360164"/>
</kw>
<kw name="Get Text" owner="Browser">
<msg time="2024-03-14T11:40:50.484118" level="INFO">Text: 'Por favor, informe o seu CPF'</msg>
<arg>${element}</arg>
<arg>equal</arg>
<arg>${target}</arg>
<tag>Assertion</tag>
<tag>Getter</tag>
<tag>PageContent</tag>
<doc>Returns text attribute of the element found by ``selector``.</doc>
<status status="PASS" start="2024-03-14T11:40:50.444010" elapsed="0.040108"/>
</kw>
<kw name="Take Screenshot" owner="Browser">
<msg time="2024-03-14T11:40:50.554049" level="INFO" html="true">&lt;/td&gt;&lt;/tr&gt;&lt;tr&gt;&lt;td colspan="3"&gt;&lt;a href="browser/screenshot/robotframework-browser-screenshot-21.png" target="_blank"&gt;&lt;img src="browser/screenshot/robotframework-browser-screenshot-21.png" width="800px"/&gt;&lt;/a&gt;</msg>
<arg>selector=form .notice</arg>
<tag>PageContent</tag>
<doc>Takes a screenshot of the current window or element and saves it to disk.</doc>
<status status="PASS" start="2024-03-14T11:40:50.484118" elapsed="0.069931"/>
</kw>
<arg>${output_message}</arg>
<status status="PASS" start="2024-03-14T11:40:50.079860" elapsed="0.475190"/>
</kw>
<arg>Neire Fernandes</arg>
<arg>neire.fernandes@teste.com</arg>
<arg>${EMPTY}</arg>
<arg>Por favor, informe o seu CPF</arg>
<status status="PASS" start="2024-03-14T11:40:49.885074" elapsed="0.669976"/>
</kw>
<kw name="Attempt signup">
<kw name="Create Dictionary" owner="BuiltIn">
<msg time="2024-03-14T11:40:50.556046" level="INFO">${account} = {'name': 'Diego Lima', 'email': 'diego.lima*teste.com.br', 'cpf': '00255108001'}</msg>
<var>${account}</var>
<arg>name=${name}</arg>
<arg>email=${email}</arg>
<arg>cpf=${cpf}</arg>
<doc>Creates and returns a dictionary based on the given ``items``.</doc>
<status status="PASS" start="2024-03-14T11:40:50.556046" elapsed="0.000000"/>
</kw>
<kw name="Submit signup form" owner="Landing">
<kw name="Get Text" owner="Browser">
<msg time="2024-03-14T11:40:50.578747" level="INFO">Text: 'Faça seu cadastro e venha para a Smartbit!'</msg>
<arg>css=#signup h2</arg>
<arg>equal</arg>
<arg>Faça seu cadastro e venha para a Smartbit!</arg>
<tag>Assertion</tag>
<tag>Getter</tag>
<tag>PageContent</tag>
<doc>Returns text attribute of the element found by ``selector``.</doc>
<status status="PASS" start="2024-03-14T11:40:50.557046" elapsed="0.021701"/>
</kw>
<kw name="Fill Text" owner="Browser">
<msg time="2024-03-14T11:40:50.578747" level="INFO">Fills the text 'Diego Lima' in the given field.</msg>
<arg>id=name</arg>
<arg>${account}[name]</arg>
<tag>PageContent</tag>
<tag>Setter</tag>
<doc>Clears and fills the given ``txt`` into the text field found by ``selector``.</doc>
<status status="PASS" start="2024-03-14T11:40:50.578747" elapsed="0.029372"/>
</kw>
<kw name="Fill Text" owner="Browser">
<msg time="2024-03-14T11:40:50.608119" level="INFO">Fills the text 'diego.lima*teste.com.br' in the given field.</msg>
<arg>id=email</arg>
<arg>${account}[email]</arg>
<tag>PageContent</tag>
<tag>Setter</tag>
<doc>Clears and fills the given ``txt`` into the text field found by ``selector``.</doc>
<status status="PASS" start="2024-03-14T11:40:50.608119" elapsed="0.026657"/>
</kw>
<kw name="Fill Text" owner="Browser">
<msg time="2024-03-14T11:40:50.635776" level="INFO">Fills the text '00255108001' in the given field.</msg>
<arg>id=cpf</arg>
<arg>${account}[cpf]</arg>
<tag>PageContent</tag>
<tag>Setter</tag>
<doc>Clears and fills the given ``txt`` into the text field found by ``selector``.</doc>
<status status="PASS" start="2024-03-14T11:40:50.634776" elapsed="0.027364"/>
</kw>
<kw name="Click" owner="Browser">
<arg>css=button &gt;&gt; text=Cadastrar</arg>
<tag>PageContent</tag>
<tag>Setter</tag>
<doc>Simulates mouse click on the element found by ``selector``.</doc>
<status status="PASS" start="2024-03-14T11:40:50.662140" elapsed="0.102428"/>
</kw>
<arg>${account}</arg>
<status status="PASS" start="2024-03-14T11:40:50.557046" elapsed="0.208522"/>
</kw>
<kw name="Notice should be" owner="BoxNotice">
<kw name="Set Variable" owner="BuiltIn">
<msg time="2024-03-14T11:40:50.766369" level="INFO">${element} = css=form .notice</msg>
<var>${element}</var>
<arg>css=form .notice</arg>
<doc>Returns the given values which can then be assigned to a variables.</doc>
<status status="PASS" start="2024-03-14T11:40:50.766369" elapsed="0.000000"/>
</kw>
<kw name="Wait For Elements State" owner="Browser">
<msg time="2024-03-14T11:40:51.121706" level="INFO">Waited for Element with selector css=form .notice at state visible</msg>
<arg>${element}</arg>
<arg>visible</arg>
<arg>5</arg>
<tag>PageContent</tag>
<tag>Wait</tag>
<doc>Waits for the element found by ``selector`` to satisfy state option.</doc>
<status status="PASS" start="2024-03-14T11:40:50.766369" elapsed="0.355337"/>
</kw>
<kw name="Get Text" owner="Browser">
<msg time="2024-03-14T11:40:51.161151" level="INFO">Text: 'Oops! O email informado é inválido'</msg>
<arg>${element}</arg>
<arg>equal</arg>
<arg>${target}</arg>
<tag>Assertion</tag>
<tag>Getter</tag>
<tag>PageContent</tag>
<doc>Returns text attribute of the element found by ``selector``.</doc>
<status status="PASS" start="2024-03-14T11:40:51.122710" elapsed="0.038441"/>
</kw>
<kw name="Take Screenshot" owner="Browser">
<msg time="2024-03-14T11:40:51.225886" level="INFO" html="true">&lt;/td&gt;&lt;/tr&gt;&lt;tr&gt;&lt;td colspan="3"&gt;&lt;a href="browser/screenshot/robotframework-browser-screenshot-22.png" target="_blank"&gt;&lt;img src="browser/screenshot/robotframework-browser-screenshot-22.png" width="800px"/&gt;&lt;/a&gt;</msg>
<arg>selector=form .notice</arg>
<tag>PageContent</tag>
<doc>Takes a screenshot of the current window or element and saves it to disk.</doc>
<status status="PASS" start="2024-03-14T11:40:51.161151" elapsed="0.064735"/>
</kw>
<arg>${output_message}</arg>
<status status="PASS" start="2024-03-14T11:40:50.765568" elapsed="0.461316"/>
</kw>
<arg>Diego Lima</arg>
<arg>diego.lima*teste.com.br</arg>
<arg>00255108001</arg>
<arg>Oops! O email informado é inválido</arg>
<status status="PASS" start="2024-03-14T11:40:50.555050" elapsed="0.671834"/>
</kw>
<kw name="Attempt signup">
<kw name="Create Dictionary" owner="BuiltIn">
<msg time="2024-03-14T11:40:51.227885" level="INFO">${account} = {'name': 'Paulo Silva', 'email': 'paulo.silva@teste.com.br', 'cpf': '7319756005&amp;'}</msg>
<var>${account}</var>
<arg>name=${name}</arg>
<arg>email=${email}</arg>
<arg>cpf=${cpf}</arg>
<doc>Creates and returns a dictionary based on the given ``items``.</doc>
<status status="PASS" start="2024-03-14T11:40:51.227885" elapsed="0.000000"/>
</kw>
<kw name="Submit signup form" owner="Landing">
<kw name="Get Text" owner="Browser">
<msg time="2024-03-14T11:40:51.250068" level="INFO">Text: 'Faça seu cadastro e venha para a Smartbit!'</msg>
<arg>css=#signup h2</arg>
<arg>equal</arg>
<arg>Faça seu cadastro e venha para a Smartbit!</arg>
<tag>Assertion</tag>
<tag>Getter</tag>
<tag>PageContent</tag>
<doc>Returns text attribute of the element found by ``selector``.</doc>
<status status="PASS" start="2024-03-14T11:40:51.228883" elapsed="0.021185"/>
</kw>
<kw name="Fill Text" owner="Browser">
<msg time="2024-03-14T11:40:51.250068" level="INFO">Fills the text 'Paulo Silva' in the given field.</msg>
<arg>id=name</arg>
<arg>${account}[name]</arg>
<tag>PageContent</tag>
<tag>Setter</tag>
<doc>Clears and fills the given ``txt`` into the text field found by ``selector``.</doc>
<status status="PASS" start="2024-03-14T11:40:51.250068" elapsed="0.026533"/>
</kw>
<kw name="Fill Text" owner="Browser">
<msg time="2024-03-14T11:40:51.276601" level="INFO">Fills the text 'paulo.silva@teste.com.br' in the given field.</msg>
<arg>id=email</arg>
<arg>${account}[email]</arg>
<tag>PageContent</tag>
<tag>Setter</tag>
<doc>Clears and fills the given ``txt`` into the text field found by ``selector``.</doc>
<status status="PASS" start="2024-03-14T11:40:51.276601" elapsed="0.025931"/>
</kw>
<kw name="Fill Text" owner="Browser">
<msg time="2024-03-14T11:40:51.303531" level="INFO">Fills the text '7319756005&amp;' in the given field.</msg>
<arg>id=cpf</arg>
<arg>${account}[cpf]</arg>
<tag>PageContent</tag>
<tag>Setter</tag>
<doc>Clears and fills the given ``txt`` into the text field found by ``selector``.</doc>
<status status="PASS" start="2024-03-14T11:40:51.302532" elapsed="0.029964"/>
</kw>
<kw name="Click" owner="Browser">
<arg>css=button &gt;&gt; text=Cadastrar</arg>
<tag>PageContent</tag>
<tag>Setter</tag>
<doc>Simulates mouse click on the element found by ``selector``.</doc>
<status status="PASS" start="2024-03-14T11:40:51.332496" elapsed="0.098153"/>
</kw>
<arg>${account}</arg>
<status status="PASS" start="2024-03-14T11:40:51.227885" elapsed="0.202764"/>
</kw>
<kw name="Notice should be" owner="BoxNotice">
<kw name="Set Variable" owner="BuiltIn">
<msg time="2024-03-14T11:40:51.434665" level="INFO">${element} = css=form .notice</msg>
<var>${element}</var>
<arg>css=form .notice</arg>
<doc>Returns the given values which can then be assigned to a variables.</doc>
<status status="PASS" start="2024-03-14T11:40:51.434665" elapsed="0.000000"/>
</kw>
<kw name="Wait For Elements State" owner="Browser">
<msg time="2024-03-14T11:40:51.784957" level="INFO">Waited for Element with selector css=form .notice at state visible</msg>
<arg>${element}</arg>
<arg>visible</arg>
<arg>5</arg>
<tag>PageContent</tag>
<tag>Wait</tag>
<doc>Waits for the element found by ``selector`` to satisfy state option.</doc>
<status status="PASS" start="2024-03-14T11:40:51.434665" elapsed="0.350292"/>
</kw>
<kw name="Get Text" owner="Browser">
<msg time="2024-03-14T11:40:51.817631" level="INFO">Text: 'Oops! O CPF informado é inválido'</msg>
<arg>${element}</arg>
<arg>equal</arg>
<arg>${target}</arg>
<tag>Assertion</tag>
<tag>Getter</tag>
<tag>PageContent</tag>
<doc>Returns text attribute of the element found by ``selector``.</doc>
<status status="PASS" start="2024-03-14T11:40:51.784957" elapsed="0.032674"/>
</kw>
<kw name="Take Screenshot" owner="Browser">
<msg time="2024-03-14T11:40:51.872422" level="INFO" html="true">&lt;/td&gt;&lt;/tr&gt;&lt;tr&gt;&lt;td colspan="3"&gt;&lt;a href="browser/screenshot/robotframework-browser-screenshot-23.png" target="_blank"&gt;&lt;img src="browser/screenshot/robotframework-browser-screenshot-23.png" width="800px"/&gt;&lt;/a&gt;</msg>
<arg>selector=form .notice</arg>
<tag>PageContent</tag>
<doc>Takes a screenshot of the current window or element and saves it to disk.</doc>
<status status="PASS" start="2024-03-14T11:40:51.817631" elapsed="0.054791"/>
</kw>
<arg>${output_message}</arg>
<status status="PASS" start="2024-03-14T11:40:51.430649" elapsed="0.441773"/>
</kw>
<arg>Paulo Silva</arg>
<arg>paulo.silva@teste.com.br</arg>
<arg>7319756005&amp;</arg>
<arg>Oops! O CPF informado é inválido</arg>
<status status="PASS" start="2024-03-14T11:40:51.226884" elapsed="0.645538"/>
</kw>
<kw name="Take Screenshot" owner="Browser" type="TEARDOWN">
<msg time="2024-03-14T11:40:51.914953" level="INFO" html="true">&lt;/td&gt;&lt;/tr&gt;&lt;tr&gt;&lt;td colspan="3"&gt;&lt;a href="browser/screenshot/robotframework-browser-screenshot-24.png" target="_blank"&gt;&lt;img src="browser/screenshot/robotframework-browser-screenshot-24.png" width="800px"/&gt;&lt;/a&gt;</msg>
<tag>PageContent</tag>
<doc>Takes a screenshot of the current window or element and saves it to disk.</doc>
<status status="PASS" start="2024-03-14T11:40:51.873739" elapsed="0.041214"/>
</kw>
<status status="PASS" start="2024-03-14T11:40:47.525600" elapsed="4.389353"/>
</test>
<doc>Cenários de testes de pré-cadastro de cliente</doc>
<status status="PASS" start="2024-03-14T11:40:43.515070" elapsed="8.454083"/>
</suite>
<suite id="s1-s4" name="Slogan" source="C:\QAx\projects\smartbit-robot\web\tests\slogan.robot">
<test id="s1-s4-t1" name="Deve exibir o Slogan na Landing Page" line="7">
<kw name="New Browser" owner="Browser">
<msg time="2024-03-14T11:40:52.010922" level="INFO">{"browser": "chromium", "headless": false, "chromiumSandbox": false, "devtools": false, "handleSIGHUP": true, "handleSIGINT": true, "handleSIGTERM": true, "slowMo": 0.0, "timeout": 30000.0, "tracesDir": "C:\\QAx\\projects\\smartbit-robot\\web\\logs\\browser\\traces\\59ec9a98-3a42-42e7-94a0-8d170d335660"}</msg>
<msg time="2024-03-14T11:40:58.852424" level="INFO">Successfully created browser with options: {"browser":"chromium","headless":false,"chromiumSandbox":false,"devtools":false,"handleSIGHUP":true,"handleSIGINT":true,"handleSIGTERM":true,"slowMo":0,"timeout":30000,"tracesDir":"C:\\QAx\\projects\\smartbit-robot\\web\\logs\\browser\\traces\\59ec9a98-3a42-42e7-94a0-8d170d335660"}</msg>
<arg>browser=chromium</arg>
<arg>headless=False</arg>
<tag>BrowserControl</tag>
<tag>Setter</tag>
<doc>Create a new playwright Browser with specified options.</doc>
<status status="PASS" start="2024-03-14T11:40:52.009920" elapsed="6.843503"/>
</kw>
<kw name="New Page" owner="Browser">
<msg time="2024-03-14T11:41:05.712005" level="INFO">Successfully initialized new page object and opened url: http://localhost:3000</msg>
<msg time="2024-03-14T11:41:05.712978" level="INFO">No context was open. New context was automatically opened when this page is created.</msg>
<arg>http://localhost:3000</arg>
<tag>BrowserControl</tag>
<tag>Setter</tag>
<doc>Open a new Page.</doc>
<status status="PASS" start="2024-03-14T11:40:58.855420" elapsed="6.857558"/>
</kw>
<kw name="Get Text" owner="Browser">
<msg time="2024-03-14T11:41:06.008299" level="INFO">Text: 'Sua Jornada Fitness Começa aqui!'</msg>
<arg>css=.headline h2</arg>
<arg>equal</arg>
<arg>Sua Jornada Fitness Começa aqui!</arg>
<tag>Assertion</tag>
<tag>Getter</tag>
<tag>PageContent</tag>
<doc>Returns text attribute of the element found by ``selector``.</doc>
<status status="PASS" start="2024-03-14T11:41:05.713749" elapsed="0.294550"/>
</kw>
<kw name="Sleep" owner="BuiltIn">
<msg time="2024-03-14T11:41:08.009068" level="INFO">Slept 2 seconds.</msg>
<arg>2</arg>
<doc>Pauses the test executed for the given time.</doc>
<status status="PASS" start="2024-03-14T11:41:06.008299" elapsed="2.000769"/>
</kw>
<status status="PASS" start="2024-03-14T11:40:52.003054" elapsed="16.006014"/>
</test>
<doc>Teste para veficar o Slogan da Smartbit na WebApp</doc>
<status status="PASS" start="2024-03-14T11:40:51.996911" elapsed="16.794514"/>
</suite>
<status status="PASS" start="2024-03-14T11:40:02.881838" elapsed="65.914299"/>
</suite>
<statistics>
<total>
<stat pass="11" fail="0" skip="0">All Tests</stat>
</total>
<tag>
<stat pass="1" fail="0" skip="0">dup</stat>
<stat pass="1" fail="0" skip="0">inv_email</stat>
<stat pass="1" fail="0" skip="0">inv_pass</stat>
<stat pass="1" fail="0" skip="0">remove</stat>
<stat pass="1" fail="0" skip="0">search</stat>
<stat pass="1" fail="0" skip="0">smoke</stat>
</tag>
<suite>
<stat pass="11" fail="0" skip="0" id="s1" name="Tests">Tests</stat>
<stat pass="4" fail="0" skip="0" id="s1-s1" name="Login">Tests.Login</stat>
<stat pass="4" fail="0" skip="0" id="s1-s2" name="Memberships">Tests.Memberships</stat>
<stat pass="2" fail="0" skip="0" id="s1-s3" name="Signup">Tests.Signup</stat>
<stat pass="1" fail="0" skip="0" id="s1-s4" name="Slogan">Tests.Slogan</stat>
</suite>
</statistics>
<errors>
<msg time="2024-03-14T11:40:02.911767" level="WARN">Error in file 'C:\QAx\projects\smartbit-robot\web\resources\Base.resource' on line 37: The '[Return]' setting is deprecated. Use the 'RETURN' statement instead.</msg>
</errors>
</robot>
