<?xml version="1.0" encoding="UTF-8"?>
<robot generator="Robot 7.0 (Python 3.12.2 on win32)" generated="2024-03-12T16:51:17.711216" rpa="false" schemaversion="5">
<suite id="s1" name="Signup" source="C:\QAx\projects\smartbit-robot\tests\signup.robot">
<test id="s1-t1" name="Campo nome deve ser obrigatório" line="33">
<kw name="New Browser" owner="Browser">
<msg time="2024-03-12T16:51:18.778987" level="INFO">{"browser": "chromium", "headless": false, "chromiumSandbox": false, "devtools": false, "handleSIGHUP": true, "handleSIGINT": true, "handleSIGTERM": true, "slowMo": 0.0, "timeout": 30000.0, "tracesDir": "C:\\QAx\\projects\\smartbit-robot\\logs\\required\\browser\\traces\\8958bebc-0833-43d9-8927-be24ad7c2904"}</msg>
<msg time="2024-03-12T16:51:19.206103" level="INFO">Successfully created browser with options: {"browser":"chromium","headless":false,"chromiumSandbox":false,"devtools":false,"handleSIGHUP":true,"handleSIGINT":true,"handleSIGTERM":true,"slowMo":0,"timeout":30000,"tracesDir":"C:\\QAx\\projects\\smartbit-robot\\logs\\required\\browser\\traces\\8958bebc-0833-43d9-8927-be24ad7c2904"}</msg>
<arg>browser=chromium</arg>
<arg>headless=False</arg>
<tag>BrowserControl</tag>
<tag>Setter</tag>
<doc>Create a new playwright Browser with specified options.</doc>
<status status="PASS" start="2024-03-12T16:51:18.776989" elapsed="0.429114"/>
</kw>
<kw name="New Page" owner="Browser">
<msg time="2024-03-12T16:51:20.731991" level="INFO">Successfully initialized new page object and opened url: http://localhost:3000</msg>
<msg time="2024-03-12T16:51:20.731991" level="INFO">No context was open. New context was automatically opened when this page is created.</msg>
<arg>http://localhost:3000</arg>
<tag>BrowserControl</tag>
<tag>Setter</tag>
<doc>Open a new Page.</doc>
<status status="PASS" start="2024-03-12T16:51:19.209101" elapsed="1.522890"/>
</kw>
<kw name="Get Text" owner="Browser">
<msg time="2024-03-12T16:51:20.811896" level="INFO">Text: 'Faça seu cadastro e venha para a Smartbit!'</msg>
<arg>css=#signup h2</arg>
<arg>equal</arg>
<arg>Faça seu cadastro e venha para a Smartbit!</arg>
<tag>Assertion</tag>
<tag>Getter</tag>
<tag>PageContent</tag>
<doc>Returns text attribute of the element found by ``selector``.</doc>
<status status="PASS" start="2024-03-12T16:51:20.736989" elapsed="0.074907"/>
</kw>
<kw name="Fill Text" owner="Browser">
<msg time="2024-03-12T16:51:20.813892" level="INFO">Fills the text 'Wellington@teste.com.br' in the given field.</msg>
<arg>id=email</arg>
<arg>Wellington@teste.com.br</arg>
<tag>PageContent</tag>
<tag>Setter</tag>
<doc>Clears and fills the given ``txt`` into the text field found by ``selector``.</doc>
<status status="PASS" start="2024-03-12T16:51:20.812893" elapsed="0.029174"/>
</kw>
<kw name="Fill Text" owner="Browser">
<msg time="2024-03-12T16:51:20.843066" level="INFO">Fills the text '15724031019' in the given field.</msg>
<arg>id=document</arg>
<arg>15724031019</arg>
<tag>PageContent</tag>
<tag>Setter</tag>
<doc>Clears and fills the given ``txt`` into the text field found by ``selector``.</doc>
<status status="PASS" start="2024-03-12T16:51:20.843066" elapsed="0.028052"/>
</kw>
<kw name="Click" owner="Browser">
<arg>css=button &gt;&gt; text=Cadastrar</arg>
<tag>PageContent</tag>
<tag>Setter</tag>
<doc>Simulates mouse click on the element found by ``selector``.</doc>
<status status="PASS" start="2024-03-12T16:51:20.871118" elapsed="0.117140"/>
</kw>
<kw name="Wait For Elements State" owner="Browser">
<msg time="2024-03-12T16:51:21.309708" level="INFO">Waited for Element with selector css=form .notice at state visible</msg>
<arg>css=form .notice</arg>
<arg>visible</arg>
<arg>5</arg>
<tag>PageContent</tag>
<tag>Wait</tag>
<doc>Waits for the element found by ``selector`` to satisfy state option.</doc>
<status status="PASS" start="2024-03-12T16:51:20.988258" elapsed="0.321450"/>
</kw>
<kw name="Get Text" owner="Browser">
<msg time="2024-03-12T16:51:21.328607" level="INFO">Text: 'Por favor informe o seu nome completo'</msg>
<arg>css=form .notice</arg>
<arg>equal</arg>
<arg>Por favor informe o seu nome completo</arg>
<tag>Assertion</tag>
<tag>Getter</tag>
<tag>PageContent</tag>
<doc>Returns text attribute of the element found by ``selector``.</doc>
<status status="PASS" start="2024-03-12T16:51:21.310604" elapsed="0.018003"/>
</kw>
<tag>required</tag>
<status status="PASS" start="2024-03-12T16:51:18.772995" elapsed="2.555612"/>
</test>
<test id="s1-t2" name="Campo email deve ser obrigatório" line="56">
<kw name="New Browser" owner="Browser">
<msg time="2024-03-12T16:51:21.415359" level="INFO">Switching browser to browser=434a34d2-952c-4a45-9cc9-2f0d1a56aa69</msg>
<msg time="2024-03-12T16:51:21.418359" level="INFO">Successfully changed active browser: browser=434a34d2-952c-4a45-9cc9-2f0d1a56aa69</msg>
<msg time="2024-03-12T16:51:21.418359" level="INFO">Reusing existing browser with id: browser=434a34d2-952c-4a45-9cc9-2f0d1a56aa69</msg>
<arg>browser=chromium</arg>
<arg>headless=False</arg>
<tag>BrowserControl</tag>
<tag>Setter</tag>
<doc>Create a new playwright Browser with specified options.</doc>
<status status="PASS" start="2024-03-12T16:51:21.414360" elapsed="0.004999"/>
</kw>
<kw name="New Page" owner="Browser">
<msg time="2024-03-12T16:51:22.058624" level="INFO">Successfully initialized new page object and opened url: http://localhost:3000</msg>
<msg time="2024-03-12T16:51:22.059622" level="INFO">No context was open. New context was automatically opened when this page is created.</msg>
<arg>http://localhost:3000</arg>
<tag>BrowserControl</tag>
<tag>Setter</tag>
<doc>Open a new Page.</doc>
<status status="PASS" start="2024-03-12T16:51:21.424425" elapsed="0.635197"/>
</kw>
<kw name="Get Text" owner="Browser">
<msg time="2024-03-12T16:51:22.126916" level="INFO">Text: 'Faça seu cadastro e venha para a Smartbit!'</msg>
<arg>css=#signup h2</arg>
<arg>equal</arg>
<arg>Faça seu cadastro e venha para a Smartbit!</arg>
<tag>Assertion</tag>
<tag>Getter</tag>
<tag>PageContent</tag>
<doc>Returns text attribute of the element found by ``selector``.</doc>
<status status="PASS" start="2024-03-12T16:51:22.059622" elapsed="0.068294"/>
</kw>
<kw name="Fill Text" owner="Browser">
<msg time="2024-03-12T16:51:22.128916" level="INFO">Fills the text 'Wellington teste' in the given field.</msg>
<arg>id=name</arg>
<arg>Wellington teste</arg>
<tag>PageContent</tag>
<tag>Setter</tag>
<doc>Clears and fills the given ``txt`` into the text field found by ``selector``.</doc>
<status status="PASS" start="2024-03-12T16:51:22.127916" elapsed="0.025990"/>
</kw>
<kw name="Fill Text" owner="Browser">
<msg time="2024-03-12T16:51:22.155904" level="INFO">Fills the text '15724031019' in the given field.</msg>
<arg>id=document</arg>
<arg>15724031019</arg>
<tag>PageContent</tag>
<tag>Setter</tag>
<doc>Clears and fills the given ``txt`` into the text field found by ``selector``.</doc>
<status status="PASS" start="2024-03-12T16:51:22.154907" elapsed="0.024984"/>
</kw>
<kw name="Click" owner="Browser">
<arg>css=button &gt;&gt; text=Cadastrar</arg>
<tag>PageContent</tag>
<tag>Setter</tag>
<doc>Simulates mouse click on the element found by ``selector``.</doc>
<status status="PASS" start="2024-03-12T16:51:22.179891" elapsed="0.066347"/>
</kw>
<kw name="Wait For Elements State" owner="Browser">
<msg time="2024-03-12T16:51:22.566744" level="INFO">Waited for Element with selector css=form .notice at state visible</msg>
<arg>css=form .notice</arg>
<arg>visible</arg>
<arg>5</arg>
<tag>PageContent</tag>
<tag>Wait</tag>
<doc>Waits for the element found by ``selector`` to satisfy state option.</doc>
<status status="PASS" start="2024-03-12T16:51:22.247255" elapsed="0.319489"/>
</kw>
<kw name="Get Text" owner="Browser">
<msg time="2024-03-12T16:51:22.585678" level="INFO">Text: 'Por favor, informe o seu melhor e-mail'</msg>
<arg>css=form .notice</arg>
<arg>equal</arg>
<arg>Por favor, informe o seu melhor e-mail</arg>
<tag>Assertion</tag>
<tag>Getter</tag>
<tag>PageContent</tag>
<doc>Returns text attribute of the element found by ``selector``.</doc>
<status status="PASS" start="2024-03-12T16:51:22.567676" elapsed="0.018002"/>
</kw>
<tag>required</tag>
<status status="PASS" start="2024-03-12T16:51:21.410363" elapsed="1.175315"/>
</test>
<test id="s1-t3" name="Campo cpf deve ser obrigatório" line="79">
<kw name="New Browser" owner="Browser">
<msg time="2024-03-12T16:51:22.665676" level="INFO">Switching browser to browser=434a34d2-952c-4a45-9cc9-2f0d1a56aa69</msg>
<msg time="2024-03-12T16:51:22.668738" level="INFO">Successfully changed active browser: browser=434a34d2-952c-4a45-9cc9-2f0d1a56aa69</msg>
<msg time="2024-03-12T16:51:22.669738" level="INFO">Reusing existing browser with id: browser=434a34d2-952c-4a45-9cc9-2f0d1a56aa69</msg>
<arg>browser=chromium</arg>
<arg>headless=False</arg>
<tag>BrowserControl</tag>
<tag>Setter</tag>
<doc>Create a new playwright Browser with specified options.</doc>
<status status="PASS" start="2024-03-12T16:51:22.664677" elapsed="0.005061"/>
</kw>
<kw name="New Page" owner="Browser">
<msg time="2024-03-12T16:51:23.314254" level="INFO">Successfully initialized new page object and opened url: http://localhost:3000</msg>
<msg time="2024-03-12T16:51:23.314254" level="INFO">No context was open. New context was automatically opened when this page is created.</msg>
<arg>http://localhost:3000</arg>
<tag>BrowserControl</tag>
<tag>Setter</tag>
<doc>Open a new Page.</doc>
<status status="PASS" start="2024-03-12T16:51:22.672737" elapsed="0.641517"/>
</kw>
<kw name="Get Text" owner="Browser">
<msg time="2024-03-12T16:51:23.382545" level="INFO">Text: 'Faça seu cadastro e venha para a Smartbit!'</msg>
<arg>css=#signup h2</arg>
<arg>equal</arg>
<arg>Faça seu cadastro e venha para a Smartbit!</arg>
<tag>Assertion</tag>
<tag>Getter</tag>
<tag>PageContent</tag>
<doc>Returns text attribute of the element found by ``selector``.</doc>
<status status="PASS" start="2024-03-12T16:51:23.315253" elapsed="0.067292"/>
</kw>
<kw name="Fill Text" owner="Browser">
<msg time="2024-03-12T16:51:23.383545" level="INFO">Fills the text 'Wellington teste' in the given field.</msg>
<arg>id=name</arg>
<arg>Wellington teste</arg>
<tag>PageContent</tag>
<tag>Setter</tag>
<doc>Clears and fills the given ``txt`` into the text field found by ``selector``.</doc>
<status status="PASS" start="2024-03-12T16:51:23.382545" elapsed="0.026987"/>
</kw>
<kw name="Fill Text" owner="Browser">
<msg time="2024-03-12T16:51:23.410530" level="INFO">Fills the text 'wellington@teste.com' in the given field.</msg>
<arg>id=email</arg>
<arg>wellington@teste.com</arg>
<tag>PageContent</tag>
<tag>Setter</tag>
<doc>Clears and fills the given ``txt`` into the text field found by ``selector``.</doc>
<status status="PASS" start="2024-03-12T16:51:23.410530" elapsed="0.022434"/>
</kw>
<kw name="Click" owner="Browser">
<arg>css=button &gt;&gt; text=Cadastrar</arg>
<tag>PageContent</tag>
<tag>Setter</tag>
<doc>Simulates mouse click on the element found by ``selector``.</doc>
<status status="PASS" start="2024-03-12T16:51:23.433278" elapsed="0.068441"/>
</kw>
<kw name="Wait For Elements State" owner="Browser">
<msg time="2024-03-12T16:51:23.831893" level="INFO">Waited for Element with selector css=form .notice at state visible</msg>
<arg>css=form .notice</arg>
<arg>visible</arg>
<arg>5</arg>
<tag>PageContent</tag>
<tag>Wait</tag>
<doc>Waits for the element found by ``selector`` to satisfy state option.</doc>
<status status="PASS" start="2024-03-12T16:51:23.502773" elapsed="0.329120"/>
</kw>
<kw name="Get Text" owner="Browser">
<msg time="2024-03-12T16:51:23.853951" level="INFO">Text: 'Por favor, informe o seu CPF'</msg>
<arg>css=form .notice</arg>
<arg>equal</arg>
<arg>Por favor, informe o seu CPF</arg>
<tag>Assertion</tag>
<tag>Getter</tag>
<tag>PageContent</tag>
<doc>Returns text attribute of the element found by ``selector``.</doc>
<status status="PASS" start="2024-03-12T16:51:23.832944" elapsed="0.021007"/>
</kw>
<tag>required</tag>
<status status="PASS" start="2024-03-12T16:51:22.661679" elapsed="1.193348"/>
</test>
<doc>Cenários de testes de pré-cadastro de cliente</doc>
<status status="PASS" start="2024-03-12T16:51:17.713233" elapsed="6.217856"/>
</suite>
<statistics>
<total>
<stat pass="3" fail="0" skip="0">All Tests</stat>
</total>
<tag>
<stat pass="3" fail="0" skip="0">required</stat>
</tag>
<suite>
<stat pass="3" fail="0" skip="0" id="s1" name="Signup">Signup</stat>
</suite>
</statistics>
<errors>
</errors>
</robot>
